Run Information
========================
cognizant.intelligent.test.scripter.engine : ${project.version}
java.runtime.name    : OpenJDK Runtime Environment
java.version         : 11.0.11
java.home            : /usr/lib/jvm/java-11-amazon-corretto.x86_64
os.name              : Linux
os.arch              : amd64
os.version           : 4.14.231-173.360.amzn2.x86_64
file.encoding        : UTF-8
========================
Run Started on Fri May 07 07:06:56 PDT 2021
Loading Browser Profile
Loading RunManager
[Scenario:TEST_DIM_Scenarios] [TestCase: 16.Errorvalidation_UserLogin] [Description: 16.Errorvalidation_UserLogin] [Browser: Chrome Headless] [BrowserVersion: Default] [Platform: ANY][ExistingBrowser: false]
[Scenario:TEST_DIM_Scenarios] [TestCase: 17.ErrorValidation_UserMgmt] [Description: 17.ErrorValidation_UserMgmt] [Browser: Chrome Headless] [BrowserVersion: Default] [Platform: ANY][ExistingBrowser: false]
[Scenario:TEST_DIM_Scenarios] [TestCase: 18.ErrorValidation_OKTAChangepwd] [Description: 18.ErrorValidation_OKTAChangepwd] [Browser: Chrome Headless] [BrowserVersion: Default] [Platform: ANY][ExistingBrowser: false]
----------------------------------------------------------
[3] TestCases selected for execution from [//TEST_Regression/DIM_Scenarios]
----------------------------------------------------------
Initializing Report
ApiLink not available!!
Run Manager true
Continue Execution true
Shutting Down Thread as there is no need for SelectiveThreading
Inside Task Run
Running Iteration 1
Launching Chrome Headless
Launching Local Driver
Starting ChromeDriver 89.0.4389.23 (61b08ee2c50024bab004e48d2b1b083cdbdac579-refs/branch-heads/4389@{#294}) on port 22168
Only local connections are allowed.
Please see https://chromedriver.chromium.org/security-considerations for suggestions on keeping ChromeDriver safe.
ChromeDriver was started successfully.
[1620396416.264][WARNING]: This version of ChromeDriver has not been tested with Chrome version 90.
2021-05-07 07:06:56:05S -0700 [INFO] org.openqa.selenium.remote.ProtocolHandshake createSession:Detected dialect: W3C
Chrome Headless Launched
Step:1   | Object: Browser | Action: Open | Input: DIM_Login:URL | Conditon:  | @07-May-2021 07:06:56.056
[DONE]   | Opened Url: https://test.psicdemo.com/psic/signin

===================================================================================================

Step:2   | Object: Browser | Action: setElementTimeOut | Input: @120 | Conditon:  | @07-May-2021 07:07:05.005
[DONE]   | Element Wait time changed to 120 second/s

===================================================================================================

Step:3   | Object: Browser | Action: waitForPageLoaded | Input:  | Conditon:  | @07-May-2021 07:07:05.005
[DONE]   | Page load completed in stipulated time

===================================================================================================

Step:4   | Object: Browser | Action: pause | Input: @5000 | Conditon:  | @07-May-2021 07:07:05.005
[DONE]   | Thread sleep for '5000

===================================================================================================

Step:2   | Object: UserName_TB | Action: PSIC_Set | Input: DIM_Login:Username | Conditon:  | @07-May-2021 07:07:10.010
Using @xpath [//input[@id="okta-signin-username"]], Object 'UserName_TB' Found in 12 ms
[DONE]   | Entered Text 'IshanPac6' on 'UserName_TB'

===================================================================================================

Step:3   | Object: Password_TB | Action: PSIC_Set | Input: DIM_Login:Password | Conditon:  | @07-May-2021 07:07:10.010
Using @xpath [//input[@id="okta-signin-password"]], Object 'Password_TB' Found in 10 ms
[DONE]   | Entered Text 'UGFzc0AxMDA=' on 'Password_TB'

===================================================================================================

Step:4   | Object: Login_BTN | Action: Click | Input:  | Conditon:  | @07-May-2021 07:07:10.010
Using @xpath [//input[@id="okta-signin-submit"]], Object 'Login_BTN' Found in 12 ms
[DONE]   | Clicking on Login_BTN

===================================================================================================

Step:5   | Object: Username_Error | Action: assertElementDisplayed | Input:  | Conditon:  | @07-May-2021 07:07:10.010
2021-05-07 07:09:11:05S -0700 [OFF ] com.cognizant.cognizantits.engine.drivers.AutomationObject getElements:null
org.openqa.selenium.TimeoutException: Expected condition failed: waiting for com.cognizant.cognizantits.engine.drivers.AutomationObject$$Lambda$679/0x0000000100843440@75af147b (tried for 120 second(s) with 500 milliseconds interval)
Build info: version: '3.141.59', revision: 'e82be7d358', time: '2018-11-14T08:17:03'
System info: host: 'a-3r8gwg1klqwgb', ip: '10.10.111.189', os.name: 'Linux', os.arch: 'amd64', os.version: '4.14.231-173.360.amzn2.x86_64', java.version: '11.0.11'
Driver info: org.openqa.selenium.chrome.ChromeDriver
Capabilities {acceptInsecureCerts: false, browserName: chrome, browserVersion: 90.0.4430.93, chrome: {chromedriverVersion: 89.0.4389.23 (61b08ee2c5002..., userDataDir: /tmp/.com.google.Chrome.0AodG6}, goog:chromeOptions: {debuggerAddress: localhost:37843}, javascriptEnabled: true, networkConnectionEnabled: false, pageLoadStrategy: normal, platform: LINUX, platformName: LINUX, proxy: Proxy(), setWindowRect: true, strictFileInteractability: false, timeouts: {implicit: 0, pageLoad: 300000, script: 30000}, unhandledPromptBehavior: dismiss and notify, webauthn:extension:largeBlob: true, webauthn:virtualAuthenticators: true}
Session ID: ad8e1e7042972b8289e211bc7fdd9d20
	at org.openqa.selenium.support.ui.WebDriverWait.timeoutException(WebDriverWait.java:95)
	at org.openqa.selenium.support.ui.FluentWait.until(FluentWait.java:272)
	at com.cognizant.cognizantits.engine.drivers.AutomationObject.getElements(AutomationObject.java:303)
	at com.cognizant.cognizantits.engine.drivers.AutomationObject.getWElements(AutomationObject.java:255)
	at com.cognizant.cognizantits.engine.drivers.AutomationObject.findElements(AutomationObject.java:242)
	at com.cognizant.cognizantits.engine.drivers.AutomationObject.findElement(AutomationObject.java:118)
	at com.cognizant.cognizantits.engine.drivers.AutomationObject.findElement(AutomationObject.java:111)
	at com.cognizant.cognizantits.engine.core.CommandControl.sync(CommandControl.java:94)
	at com.cognizant.cognizantits.engine.core.CommandControl.sync(CommandControl.java:173)
	at com.cognizant.cognizantits.engine.execution.run.TestStepRunner.executeStep(TestStepRunner.java:160)
	at com.cognizant.cognizantits.engine.execution.run.TestStepRunner.executeStep(TestStepRunner.java:147)
	at com.cognizant.cognizantits.engine.execution.run.TestStepRunner.run(TestStepRunner.java:66)
	at com.cognizant.cognizantits.engine.execution.run.TestCaseRunner.runStep(TestCaseRunner.java:395)
	at com.cognizant.cognizantits.engine.execution.run.TestCaseRunner.run(TestCaseRunner.java:346)
	at com.cognizant.cognizantits.engine.execution.run.TestCaseRunner.run(TestCaseRunner.java:387)
	at com.cognizant.cognizantits.engine.execution.run.TestStepRunner.executeTestCase(TestStepRunner.java:137)
	at com.cognizant.cognizantits.engine.execution.run.TestStepRunner.execute(TestStepRunner.java:118)
	at com.cognizant.cognizantits.engine.execution.run.TestStepRunner.run(TestStepRunner.java:63)
	at com.cognizant.cognizantits.engine.execution.run.TestCaseRunner.runStep(TestCaseRunner.java:395)
	at com.cognizant.cognizantits.engine.execution.run.TestCaseRunner.run(TestCaseRunner.java:346)
	at com.cognizant.cognizantits.engine.core.Task.runIteration(Task.java:130)
	at com.cognizant.cognizantits.engine.core.Task.run(Task.java:85)
	at java.base/java.util.concurrent.ThreadPoolExecutor.runWorker(ThreadPoolExecutor.java:1128)
	at java.base/java.util.concurrent.ThreadPoolExecutor$Worker.run(ThreadPoolExecutor.java:628)
	at java.base/java.lang.Thread.run(Thread.java:829)

Couldn't find Object 'Username_Error' in stipulated Time '120' Seconds
[FAIL]   | Seems Like the Element [Username_Error] is Not Present/Found in the page Try Adding wait or heal it

===================================================================================================

2021-05-07 07:09:12:05S -0700 [SEVERE] com.cognizant.cognizantits.engine.execution.run.TestCaseRunner onRuntimeException:Seems Like the Element [Username_Error] is Not Present/Found in the page Try Adding wait or heal it
com.cognizant.cognizantits.engine.execution.exception.element.ElementException: Seems Like the Element [Username_Error] is Not Present/Found in the page Try Adding wait or heal it
	at com.cognizant.cognizantits.engine.commands.General.elementDisplayed(General.java:57)
	at com.cognizant.cognizantits.engine.commands.AssertElement.assertElementDisplayed(AssertElement.java:67)
	at com.cognizant.cognizantits.engine.support.reflect.MethodExecutor.executeMethod(MethodExecutor.java:39)
	at com.cognizant.cognizantits.engine.execution.run.TestStepRunner.executeAction(TestStepRunner.java:165)
	at com.cognizant.cognizantits.engine.execution.run.TestStepRunner.executeStep(TestStepRunner.java:161)
	at com.cognizant.cognizantits.engine.execution.run.TestStepRunner.executeStep(TestStepRunner.java:147)
	at com.cognizant.cognizantits.engine.execution.run.TestStepRunner.run(TestStepRunner.java:66)
	at com.cognizant.cognizantits.engine.execution.run.TestCaseRunner.runStep(TestCaseRunner.java:395)
	at com.cognizant.cognizantits.engine.execution.run.TestCaseRunner.run(TestCaseRunner.java:346)
	at com.cognizant.cognizantits.engine.execution.run.TestCaseRunner.run(TestCaseRunner.java:387)
	at com.cognizant.cognizantits.engine.execution.run.TestStepRunner.executeTestCase(TestStepRunner.java:137)
	at com.cognizant.cognizantits.engine.execution.run.TestStepRunner.execute(TestStepRunner.java:118)
	at com.cognizant.cognizantits.engine.execution.run.TestStepRunner.run(TestStepRunner.java:63)
	at com.cognizant.cognizantits.engine.execution.run.TestCaseRunner.runStep(TestCaseRunner.java:395)
	at com.cognizant.cognizantits.engine.execution.run.TestCaseRunner.run(TestCaseRunner.java:346)
	at com.cognizant.cognizantits.engine.core.Task.runIteration(Task.java:130)
	at com.cognizant.cognizantits.engine.core.Task.run(Task.java:85)
	at java.base/java.util.concurrent.ThreadPoolExecutor.runWorker(ThreadPoolExecutor.java:1128)
	at java.base/java.util.concurrent.ThreadPoolExecutor$Worker.run(ThreadPoolExecutor.java:628)
	at java.base/java.lang.Thread.run(Thread.java:829)

Step:6   | Object: Password_Error | Action: assertElementDisplayed | Input:  | Conditon:  | @07-May-2021 07:09:12.012
2021-05-07 07:10:45:05S -0700 [INFO] com.cognizant.cognizantits.engine.support.reflect.ClassFinder checkJarFile:Finding Commands in /home/ab773031t/Documents/cognizant-intelligent-test-scripter-1.4/lib/cognizant-intelligent-test-scripter-engine-1.4.jar
2021-05-07 07:10:45:05S -0700 [INFO] com.cognizant.cognizantits.engine.support.reflect.ClassFinder checkJarFile:Finding Commands in /home/ab773031t/Documents/cognizant-intelligent-test-scripter-1.4/lib/commands/PSIC_CustomMethods.jar
2021-05-07 07:10:45:05S -0700 [INFO] com.cognizant.cognizantits.engine.support.reflect.ClassFinder checkJarFile:Finding Commands in /home/ab773031t/Documents/cognizant-intelligent-test-scripter-1.4/lib/commands/gwcc10.jar
2021-05-07 07:10:45:05S -0700 [INFO] com.cognizant.cognizantits.engine.support.reflect.ClassFinder checkJarFile:Finding Commands in /home/ab773031t/Documents/cognizant-intelligent-test-scripter-1.4/lib/cognizant-intelligent-test-scripter-engine-1.4.jar
2021-05-07 07:10:45:05S -0700 [INFO] com.cognizant.cognizantits.engine.support.reflect.ClassFinder checkJarFile:Finding Commands in /home/ab773031t/Documents/cognizant-intelligent-test-scripter-1.4/lib/commands/PSIC_CustomMethods.jar
2021-05-07 07:10:45:05S -0700 [INFO] com.cognizant.cognizantits.engine.support.reflect.ClassFinder checkJarFile:Finding Commands in /home/ab773031t/Documents/cognizant-intelligent-test-scripter-1.4/lib/commands/gwcc10.jar
2021-05-07 07:10:46:05S -0700 [INFO] com.cognizant.cognizantits.engine.support.reflect.ClassFinder checkJarFile:Finding Commands in /home/ab773031t/Documents/cognizant-intelligent-test-scripter-1.4/lib/cognizant-intelligent-test-scripter-engine-1.4.jar
2021-05-07 07:10:46:05S -0700 [INFO] com.cognizant.cognizantits.engine.support.reflect.ClassFinder checkJarFile:Finding Commands in /home/ab773031t/Documents/cognizant-intelligent-test-scripter-1.4/lib/commands/PSIC_CustomMethods.jar
2021-05-07 07:10:46:05S -0700 [INFO] com.cognizant.cognizantits.engine.support.reflect.ClassFinder checkJarFile:Finding Commands in /home/ab773031t/Documents/cognizant-intelligent-test-scripter-1.4/lib/commands/gwcc10.jar
2021-05-07 07:10:46:05S -0700 [INFO] com.cognizant.cognizantits.engine.support.reflect.ClassFinder checkJarFile:Finding Commands in /home/ab773031t/Documents/cognizant-intelligent-test-scripter-1.4/lib/cognizant-intelligent-test-scripter-engine-1.4.jar
2021-05-07 07:10:46:05S -0700 [INFO] com.cognizant.cognizantits.engine.support.reflect.ClassFinder checkJarFile:Finding Commands in /home/ab773031t/Documents/cognizant-intelligent-test-scripter-1.4/lib/commands/PSIC_CustomMethods.jar
2021-05-07 07:10:46:05S -0700 [INFO] com.cognizant.cognizantits.engine.support.reflect.ClassFinder checkJarFile:Finding Commands in /home/ab773031t/Documents/cognizant-intelligent-test-scripter-1.4/lib/commands/gwcc10.jar
2021-05-07 07:11:12:05S -0700 [OFF ] com.cognizant.cognizantits.engine.drivers.AutomationObject getElements:null
org.openqa.selenium.TimeoutException: Expected condition failed: waiting for com.cognizant.cognizantits.engine.drivers.AutomationObject$$Lambda$679/0x0000000100843440@7bdc8b3e (tried for 120 second(s) with 500 milliseconds interval)
Build info: version: '3.141.59', revision: 'e82be7d358', time: '2018-11-14T08:17:03'
System info: host: 'a-3r8gwg1klqwgb', ip: '10.10.111.189', os.name: 'Linux', os.arch: 'amd64', os.version: '4.14.231-173.360.amzn2.x86_64', java.version: '11.0.11'
Driver info: org.openqa.selenium.chrome.ChromeDriver
Capabilities {acceptInsecureCerts: false, browserName: chrome, browserVersion: 90.0.4430.93, chrome: {chromedriverVersion: 89.0.4389.23 (61b08ee2c5002..., userDataDir: /tmp/.com.google.Chrome.0AodG6}, goog:chromeOptions: {debuggerAddress: localhost:37843}, javascriptEnabled: true, networkConnectionEnabled: false, pageLoadStrategy: normal, platform: LINUX, platformName: LINUX, proxy: Proxy(), setWindowRect: true, strictFileInteractability: false, timeouts: {implicit: 0, pageLoad: 300000, script: 30000}, unhandledPromptBehavior: dismiss and notify, webauthn:extension:largeBlob: true, webauthn:virtualAuthenticators: true}
Session ID: ad8e1e7042972b8289e211bc7fdd9d20
	at org.openqa.selenium.support.ui.WebDriverWait.timeoutException(WebDriverWait.java:95)
	at org.openqa.selenium.support.ui.FluentWait.until(FluentWait.java:272)
	at com.cognizant.cognizantits.engine.drivers.AutomationObject.getElements(AutomationObject.java:303)
	at com.cognizant.cognizantits.engine.drivers.AutomationObject.getWElements(AutomationObject.java:255)
	at com.cognizant.cognizantits.engine.drivers.AutomationObject.findElements(AutomationObject.java:242)
	at com.cognizant.cognizantits.engine.drivers.AutomationObject.findElement(AutomationObject.java:118)
	at com.cognizant.cognizantits.engine.drivers.AutomationObject.findElement(AutomationObject.java:111)
	at com.cognizant.cognizantits.engine.core.CommandControl.sync(CommandControl.java:94)
	at com.cognizant.cognizantits.engine.core.CommandControl.sync(CommandControl.java:173)
	at com.cognizant.cognizantits.engine.execution.run.TestStepRunner.executeStep(TestStepRunner.java:160)
	at com.cognizant.cognizantits.engine.execution.run.TestStepRunner.executeStep(TestStepRunner.java:147)
	at com.cognizant.cognizantits.engine.execution.run.TestStepRunner.run(TestStepRunner.java:66)
	at com.cognizant.cognizantits.engine.execution.run.TestCaseRunner.runStep(TestCaseRunner.java:395)
	at com.cognizant.cognizantits.engine.execution.run.TestCaseRunner.run(TestCaseRunner.java:346)
	at com.cognizant.cognizantits.engine.execution.run.TestCaseRunner.run(TestCaseRunner.java:387)
	at com.cognizant.cognizantits.engine.execution.run.TestStepRunner.executeTestCase(TestStepRunner.java:137)
	at com.cognizant.cognizantits.engine.execution.run.TestStepRunner.execute(TestStepRunner.java:118)
	at com.cognizant.cognizantits.engine.execution.run.TestStepRunner.run(TestStepRunner.java:63)
	at com.cognizant.cognizantits.engine.execution.run.TestCaseRunner.runStep(TestCaseRunner.java:395)
	at com.cognizant.cognizantits.engine.execution.run.TestCaseRunner.run(TestCaseRunner.java:346)
	at com.cognizant.cognizantits.engine.core.Task.runIteration(Task.java:130)
	at com.cognizant.cognizantits.engine.core.Task.run(Task.java:85)
	at java.base/java.util.concurrent.ThreadPoolExecutor.runWorker(ThreadPoolExecutor.java:1128)
	at java.base/java.util.concurrent.ThreadPoolExecutor$Worker.run(ThreadPoolExecutor.java:628)
	at java.base/java.lang.Thread.run(Thread.java:829)

Couldn't find Object 'Password_Error' in stipulated Time '120' Seconds
[FAIL]   | Seems Like the Element [Password_Error] is Not Present/Found in the page Try Adding wait or heal it

===================================================================================================

2021-05-07 07:11:14:05S -0700 [SEVERE] com.cognizant.cognizantits.engine.execution.run.TestCaseRunner onRuntimeException:Seems Like the Element [Password_Error] is Not Present/Found in the page Try Adding wait or heal it
com.cognizant.cognizantits.engine.execution.exception.element.ElementException: Seems Like the Element [Password_Error] is Not Present/Found in the page Try Adding wait or heal it
	at com.cognizant.cognizantits.engine.commands.General.elementDisplayed(General.java:57)
	at com.cognizant.cognizantits.engine.commands.AssertElement.assertElementDisplayed(AssertElement.java:67)
	at com.cognizant.cognizantits.engine.support.reflect.MethodExecutor.executeMethod(MethodExecutor.java:39)
	at com.cognizant.cognizantits.engine.execution.run.TestStepRunner.executeAction(TestStepRunner.java:165)
	at com.cognizant.cognizantits.engine.execution.run.TestStepRunner.executeStep(TestStepRunner.java:161)
	at com.cognizant.cognizantits.engine.execution.run.TestStepRunner.executeStep(TestStepRunner.java:147)
	at com.cognizant.cognizantits.engine.execution.run.TestStepRunner.run(TestStepRunner.java:66)
	at com.cognizant.cognizantits.engine.execution.run.TestCaseRunner.runStep(TestCaseRunner.java:395)
	at com.cognizant.cognizantits.engine.execution.run.TestCaseRunner.run(TestCaseRunner.java:346)
	at com.cognizant.cognizantits.engine.execution.run.TestCaseRunner.run(TestCaseRunner.java:387)
	at com.cognizant.cognizantits.engine.execution.run.TestStepRunner.executeTestCase(TestStepRunner.java:137)
	at com.cognizant.cognizantits.engine.execution.run.TestStepRunner.execute(TestStepRunner.java:118)
	at com.cognizant.cognizantits.engine.execution.run.TestStepRunner.run(TestStepRunner.java:63)
	at com.cognizant.cognizantits.engine.execution.run.TestCaseRunner.runStep(TestCaseRunner.java:395)
	at com.cognizant.cognizantits.engine.execution.run.TestCaseRunner.run(TestCaseRunner.java:346)
	at com.cognizant.cognizantits.engine.core.Task.runIteration(Task.java:130)
	at com.cognizant.cognizantits.engine.core.Task.run(Task.java:85)
	at java.base/java.util.concurrent.ThreadPoolExecutor.runWorker(ThreadPoolExecutor.java:1128)
	at java.base/java.util.concurrent.ThreadPoolExecutor$Worker.run(ThreadPoolExecutor.java:628)
	at java.base/java.lang.Thread.run(Thread.java:829)


---------------------------------------------------
Testcase Name        : TEST_DIM_Scenarios:16.Errorvalidation_UserLogin
Executed Steps       : 9
Passed Steps         : 7
Failed Steps         : 2
Time Taken           : 00:04:18
-----------------------------------------------------

Inside Task Run

---------------------------------------------------
Testcase Name        : TEST_DIM_Scenarios:17.ErrorValidation_UserMgmt
Executed Steps       : 0
Passed Steps         : 0
Failed Steps         : 0
Time Taken           : 00:00:00
-----------------------------------------------------

Inside Task Run

---------------------------------------------------
Testcase Name        : TEST_DIM_Scenarios:18.ErrorValidation_OKTAChangepwd
Executed Steps       : 0
Passed Steps         : 0
Failed Steps         : 0
Time Taken           : 00:00:00
-----------------------------------------------------

Run Finished on Fri May 07 07:11:14 PDT 2021
-----------------------------------------------------
ExecutionDate        : 07-May-2021 07-06-56
Executed TestCases   : 3
Passed TestCases     : 0
Failed TestCases     : 3
Time Taken           : 00:04:18
ReportPath           : file:////home/ab773031t/Documents/cognizant-intelligent-test-scripter-1.4/Projects/PSIC_Digital_DIM/Results/TestExecution/TEST_Regression/DIM_Scenarios/07-May-2021 07-06-56/summary.html
-----------------------------------------------------
