Run Information
========================
cognizant.intelligent.test.scripter.engine : ${project.version}
java.runtime.name    : OpenJDK Runtime Environment
java.version         : 11.0.11
java.home            : /usr/lib/jvm/java-11-amazon-corretto.x86_64
os.name              : Linux
os.arch              : amd64
os.version           : 4.14.231-173.360.amzn2.x86_64
file.encoding        : UTF-8
========================
Run Started on Fri May 07 06:50:10 PDT 2021
Loading Browser Profile
Loading RunManager
[Scenario:TEST_DIM_Scenarios] [TestCase: 1.Setup_eMail_MFA] [Description: Test Run] [Browser: Chrome] [BrowserVersion: default] [Platform: ANY][ExistingBrowser: false]
Initializing Report
ApiLink not available!!
Run Manager true
Continue Execution true
Shutting Down Thread as there is no need for SelectiveThreading
Inside Task Run
Running Iteration 1
Launching Chrome
Launching Local Driver
Starting ChromeDriver 89.0.4389.23 (61b08ee2c50024bab004e48d2b1b083cdbdac579-refs/branch-heads/4389@{#294}) on port 29186
Only local connections are allowed.
Please see https://chromedriver.chromium.org/security-considerations for suggestions on keeping ChromeDriver safe.
ChromeDriver was started successfully.
[1620395410.805][WARNING]: This version of ChromeDriver has not been tested with Chrome version 90.
2021-05-07 06:50:10:05S -0700 [INFO] org.openqa.selenium.remote.ProtocolHandshake createSession:Detected dialect: W3C
Chrome Launched
Step:1   | Object: Browser | Action: Open | Input: SignUp:URL | Conditon:  | @07-May-2021 06:50:10.010
[DONE]   | Opened Url: https://test.psicdemo.com/psic/signin

===================================================================================================

Step:2   | Object: Browser | Action: setElementTimeOut | Input: @120 | Conditon:  | @07-May-2021 06:50:19.019
[DONE]   | Element Wait time changed to 120 second/s

===================================================================================================

Step:3   | Object: Signup_Link | Action: Click | Input:  | Conditon:  | @07-May-2021 06:50:19.019
Using @xpath [//*[text()='Sign Up']], Object 'Signup_Link' Found in 12 ms
[DONE]   | Clicking on Signup_Link

===================================================================================================

Step:4   | Object: Browser | Action: setElementTimeOut | Input: @120 | Conditon:  | @07-May-2021 06:50:27.027
[DONE]   | Element Wait time changed to 120 second/s

===================================================================================================

Step:5   | Object: ProducerCode_TB | Action: PSIC_Set | Input: SignUp:ProducerCode | Conditon:  | @07-May-2021 06:50:27.027
Using @xpath [//*[@formcontrolname="producerCode"]], Object 'ProducerCode_TB' Found in 13 ms
[DONE]   | Entered Text 'B00088' on 'ProducerCode_TB'

===================================================================================================

Step:6   | Object: Role_DD | Action: PSIC_Selectbytext | Input: SignUp:Role | Conditon:  | @07-May-2021 06:50:28.028
Using @xpath [//select[@formcontrolname="role"]], Object 'Role_DD' Found in 10 ms
[DONE]   | Item/s 'PRINCIPAL' is/are selected from list Role_DD

===================================================================================================

Step:9   | Object: Browser | Action: RandomAlphabetic | Input: RuntimeData:FName | Conditon: %FirstName% | @07-May-2021 06:50:28.028
oimqq
Adding to runTimeVars %FirstName%:oimqq
[PASS]   | oimqq generated successfully

===================================================================================================

Step:10  | Object: Browser | Action: RandomAlphabetic | Input: RuntimeData:LName | Conditon: %LastName% | @07-May-2021 06:50:28.028
beudw
Adding to runTimeVars %LastName%:beudw
[PASS]   | beudw generated successfully

===================================================================================================

Step:11  | Object: Browser | Action: storeVariableInDataSheet | Input: RuntimeData:FName | Conditon: %FirstName% | @07-May-2021 06:50:29.029
Getting runTimeVar %FirstName%
%FirstName%
Getting runTimeVar %FirstName%
[DONE]   | Value of variable %FirstName% has been stored into the data sheet

===================================================================================================

Step:12  | Object: Browser | Action: storeVariableInDataSheet | Input: RuntimeData:LName | Conditon: %LastName% | @07-May-2021 06:50:29.029
Getting runTimeVar %LastName%
%LastName%
Getting runTimeVar %LastName%
[DONE]   | Value of variable %LastName% has been stored into the data sheet

===================================================================================================

Step:13  | Object: FirstName_TB | Action: PSIC_Set | Input: RuntimeData:FName | Conditon:  | @07-May-2021 06:50:29.029
Using @xpath [//*[@formcontrolname="firstName"]], Object 'FirstName_TB' Found in 12 ms
[DONE]   | Entered Text 'oimqq' on 'FirstName_TB'

===================================================================================================

Step:14  | Object: LastName_TB | Action: PSIC_Set | Input: RuntimeData:LName | Conditon:  | @07-May-2021 06:50:30.030
Using @xpath [//*[@formcontrolname="lastName"]], Object 'LastName_TB' Found in 10 ms
[DONE]   | Entered Text 'beudw' on 'LastName_TB'

===================================================================================================

Step:15  | Object: EmailAddress_TB | Action: PSIC_Set | Input: SignUp:Email | Conditon:  | @07-May-2021 06:50:30.030
Using @xpath [//*[@formcontrolname="email"]], Object 'EmailAddress_TB' Found in 10 ms
[DONE]   | Entered Text 'pacificspeciality@outlook.com' on 'EmailAddress_TB'

===================================================================================================

Step:16  | Object: Phone_Office | Action: PSIC_Set | Input: SignUp:Phone_office | Conditon:  | @07-May-2021 06:50:30.030
Using @xpath [//*[@formcontrolname="officePhone"]], Object 'Phone_Office' Found in 10 ms
[DONE]   | Entered Text '9566274235' on 'Phone_Office'

===================================================================================================

Step:17  | Object: Phone_Cell | Action: PSIC_Set | Input: SignUp:Phone_cell | Conditon:  | @07-May-2021 06:50:30.030
Using @xpath [//*[@formcontrolname="cellPhone"]], Object 'Phone_Cell' Found in 13 ms
[DONE]   | Entered Text '9566274235' on 'Phone_Cell'

===================================================================================================

Step:18  | Object: Browser | Action: Random_Alphanumeric | Input: RuntimeData:UserID | Conditon: %UserID% | @07-May-2021 06:50:30.030
r9f7LNAF
Adding to runTimeVars %UserID%:r9f7LNAF
[PASS]   | r9f7LNAF generated successfully

===================================================================================================

Step:19  | Object: Browser | Action: storeVariableInDataSheet | Input: RuntimeData:UserID | Conditon: %UserID% | @07-May-2021 06:50:31.031
Getting runTimeVar %UserID%
%UserID%
Getting runTimeVar %UserID%
[DONE]   | Value of variable %UserID% has been stored into the data sheet

===================================================================================================

Step:20  | Object: UserID | Action: PSIC_Set | Input: RuntimeData:UserID | Conditon: %UserID% | @07-May-2021 06:50:31.031
Using @xpath [//*[@formcontrolname="userID"]], Object 'UserID' Found in 10 ms
[DONE]   | Entered Text 'r9f7LNAF' on 'UserID'

===================================================================================================

Step:21  | Object: Password | Action: PSIC_SetDecrypt | Input: SignUp:Confirm_Password | Conditon:  | @07-May-2021 06:50:31.031
Using @xpath [//*[@formcontrolname="password"]], Object 'Password' Found in 10 ms
[DONE]   | Entered Text '********' on 'Password'

===================================================================================================

Step:22  | Object: Confirm_Password | Action: PSIC_SetDecrypt | Input: SignUp:Confirm_Password | Conditon:  | @07-May-2021 06:50:32.032
Using @xpath [//*[@formcontrolname="confirmPassword"]], Object 'Confirm_Password' Found in 10 ms
[DONE]   | Entered Text '********' on 'Confirm_Password'

===================================================================================================

Step:23  | Object: Browser | Action: scrollToBottom | Input:  | Conditon:  | @07-May-2021 06:50:32.032
[DONE]   | Browser Scrolled to []

===================================================================================================

Step:1   | Object: Browser | Action: switchToFrameByIndex | Input: @0 | Conditon:  | @07-May-2021 06:50:32.032
[DONE]   | Webdriver switched to new frame by index[0]

===================================================================================================

Step:2   | Object: Recaptcha_Checkbox | Action: clickByJS | Input:  | Conditon:  | @07-May-2021 06:50:32.032
Using @xpath [//div[@class="recaptcha-checkbox-border"]], Object 'Recaptcha_Checkbox' Found in 12 ms
[DONE]   | Clicked on Recaptcha_Checkbox

===================================================================================================

Step:3   | Object: Browser | Action: takeScreenshot | Input:  | Conditon:  | @07-May-2021 06:50:32.032
[PASS]   | Screenshot is taken

===================================================================================================

Step:25  | Object: Browser | Action: pause | Input: @5000 | Conditon:  | @07-May-2021 06:50:34.034
[DONE]   | Thread sleep for '5000

===================================================================================================

Step:26  | Object: Browser | Action: switchToDefaultContent | Input:  | Conditon:  | @07-May-2021 06:50:39.039
[DONE]   | Webdriver switched to default content

===================================================================================================

Step:27  | Object: Submit_BTN | Action: clickByJS | Input:  | Conditon:  | @07-May-2021 06:50:39.039
Using @xpath [//*[@type='button' and text()=' Submit ']], Object 'Submit_BTN' Found in 14 ms
[DONE]   | Clicked on Submit_BTN

===================================================================================================

Step:28  | Object: Browser | Action: pause | Input: @5000 | Conditon:  | @07-May-2021 06:50:40.040
[DONE]   | Thread sleep for '5000

===================================================================================================

Step:29  | Object: Browser | Action: takeScreenshot | Input:  | Conditon:  | @07-May-2021 06:50:45.045
[PASS]   | Screenshot is taken

===================================================================================================

Step:30  | Object: ApprovalPending_Txt | Action: verifyElementDisplayed | Input:  | Conditon:  | @07-May-2021 06:50:45.045
Using @xpath [//*[text()='Approval Pending!']], Object 'ApprovalPending_Txt' Found in 11 ms
[PASS]   | Element [ApprovalPending_Txt] is Displayed

===================================================================================================

Step:31  | Object: ApprovalPending_Msg | Action: verifyElementDisplayed | Input:  | Conditon:  | @07-May-2021 06:50:46.046
Using @xpath [//div[contains(text(),'Your account is pending for an approval with a Principal/Manager.')]], Object 'ApprovalPending_Msg' Found in 10 ms
[PASS]   | Element [ApprovalPending_Msg] is Displayed

===================================================================================================

Step:32  | Object: OK_BTN | Action: Click | Input:  | Conditon:  | @07-May-2021 06:50:47.047
Using @xpath [(//button[contains(text(),'OK')])[3]], Object 'OK_BTN' Found in 10 ms
[DONE]   | Clicking on OK_BTN

===================================================================================================

Step:33  | Object: Browser | Action: takeScreenshot | Input:  | Conditon:  | @07-May-2021 06:50:53.053
[PASS]   | Screenshot is taken

===================================================================================================

Step:1   | Object: Browser | Action: Open | Input: DIM_Login:URL | Conditon:  | @07-May-2021 06:50:58.058
[DONE]   | Opened Url: https://test.psicdemo.com/psic/signin

===================================================================================================

Step:2   | Object: Browser | Action: setElementTimeOut | Input: @200 | Conditon:  | @07-May-2021 06:50:59.059
[DONE]   | Element Wait time changed to 200 second/s

===================================================================================================

Step:3   | Object: UserLogin_TXT | Action: verifyElementDisplayed | Input:  | Conditon:  | @07-May-2021 06:50:59.059
Using @xpath [//*[@class='okta-form-title o-form-head' and text()='USER LOGIN']], Object 'UserLogin_TXT' Found in 26 ms
[PASS]   | Element [UserLogin_TXT] is Displayed

===================================================================================================

Step:4   | Object: UserName_TB | Action: PSIC_Set | Input: DIM_Login:Username | Conditon:  | @07-May-2021 06:51:01.001
Using @xpath [//input[@id="okta-signin-username"]], Object 'UserName_TB' Found in 10 ms
[DONE]   | Entered Text 'Alandick6' on 'UserName_TB'

===================================================================================================

Step:5   | Object: Password_TB | Action: PSIC_SetDecrypt | Input: DIM_Login:Password | Conditon:  | @07-May-2021 06:51:01.001
Using @xpath [//input[@id="okta-signin-password"]], Object 'Password_TB' Found in 10 ms
[DONE]   | Entered Text '********' on 'Password_TB'

===================================================================================================

Step:6   | Object: Login_BTN | Action: Click | Input:  | Conditon:  | @07-May-2021 06:51:01.001
Using @xpath [//input[@id="okta-signin-submit"]], Object 'Login_BTN' Found in 10 ms
[DONE]   | Clicking on Login_BTN

===================================================================================================

Step:7   | Object: Browser | Action: setElementTimeOut | Input: @10 | Conditon:  | @07-May-2021 06:51:01.001
[DONE]   | Element Wait time changed to 10 second/s

===================================================================================================

Step:8   | Object: Browser | Action: pause | Input: @2000 | Conditon:  | @07-May-2021 06:51:01.001
[DONE]   | Thread sleep for '2000

===================================================================================================

Step:9   | Object: Browser | Action: takeScreenshot | Input:  | Conditon:  | @07-May-2021 06:51:03.003
[PASS]   | Screenshot is taken

===================================================================================================

Step:10  | Object: Welcome_TXT | Action: verifyElementDisplayed | Input:  | Conditon:  | @07-May-2021 06:51:04.004
Using @xpath [//*[contains(text(),' Welcome')]], Object 'Welcome_TXT' Found in 520 ms
[PASS]   | Element [Welcome_TXT] is Displayed

===================================================================================================

Step:11  | Object: Browser | Action: takeScreenshot | Input:  | Conditon:  | @07-May-2021 06:51:06.006
[PASS]   | Screenshot is taken

===================================================================================================

Step:12  | Object: Welcome_TXT | Action: verifyElementDisplayed | Input:  | Conditon:  | @07-May-2021 06:51:08.008
Using @xpath [//*[contains(text(),' Welcome')]], Object 'Welcome_TXT' Found in 6 ms
[PASS]   | Element [Welcome_TXT] is Displayed

===================================================================================================

Step:1   | Object: Profile_Icon | Action: Click | Input:  | Conditon:  | @07-May-2021 06:51:09.009
Using @xpath [//*[@class="user-icon"]], Object 'Profile_Icon' Found in 10 ms
[DONE]   | Clicking on Profile_Icon

===================================================================================================

Step:2   | Object: Browser | Action: pause | Input: @3000 | Conditon:  | @07-May-2021 06:51:10.010
[DONE]   | Thread sleep for '3000

===================================================================================================

Step:3   | Object: UserMgmt_Link | Action: Click | Input:  | Conditon:  | @07-May-2021 06:51:13.013
Using @xpath [//span[text()=' User Management ']], Object 'UserMgmt_Link' Found in 12 ms
[DONE]   | Clicking on UserMgmt_Link

===================================================================================================

Step:4   | Object: Browser | Action: pause | Input: @5000 | Conditon:  | @07-May-2021 06:51:13.013
[DONE]   | Thread sleep for '5000

===================================================================================================

Step:5   | Object: Browser | Action: takeScreenshot | Input:  | Conditon:  | @07-May-2021 06:51:18.018
[PASS]   | Screenshot is taken

===================================================================================================

Step:3   | Object: SearchUser | Action: PSIC_Set | Input: RuntimeData:FName | Conditon:  | @07-May-2021 06:51:19.019
2021-05-07 06:51:29:05S -0700 [OFF ] com.cognizant.cognizantits.engine.drivers.AutomationObject getElements:null
org.openqa.selenium.TimeoutException: Expected condition failed: waiting for com.cognizant.cognizantits.engine.drivers.AutomationObject$$Lambda$679/0x0000000100843440@6d35e07a (tried for 10 second(s) with 500 milliseconds interval)
Build info: version: '3.141.59', revision: 'e82be7d358', time: '2018-11-14T08:17:03'
System info: host: 'a-3r8gwg1klqwgb', ip: '10.10.111.189', os.name: 'Linux', os.arch: 'amd64', os.version: '4.14.231-173.360.amzn2.x86_64', java.version: '11.0.11'
Driver info: org.openqa.selenium.chrome.ChromeDriver
Capabilities {acceptInsecureCerts: false, browserName: chrome, browserVersion: 90.0.4430.93, chrome: {chromedriverVersion: 89.0.4389.23 (61b08ee2c5002..., userDataDir: /tmp/.com.google.Chrome.M55mwg}, goog:chromeOptions: {debuggerAddress: localhost:38327}, javascriptEnabled: true, networkConnectionEnabled: false, pageLoadStrategy: normal, platform: LINUX, platformName: LINUX, proxy: Proxy(), setWindowRect: true, strictFileInteractability: false, timeouts: {implicit: 0, pageLoad: 300000, script: 30000}, unhandledPromptBehavior: dismiss and notify, webauthn:extension:largeBlob: true, webauthn:virtualAuthenticators: true}
Session ID: 6c70afdcaf2dff72b98f5583489ea44d
	at org.openqa.selenium.support.ui.WebDriverWait.timeoutException(WebDriverWait.java:95)
	at org.openqa.selenium.support.ui.FluentWait.until(FluentWait.java:272)
	at com.cognizant.cognizantits.engine.drivers.AutomationObject.getElements(AutomationObject.java:303)
	at com.cognizant.cognizantits.engine.drivers.AutomationObject.getWElements(AutomationObject.java:255)
	at com.cognizant.cognizantits.engine.drivers.AutomationObject.findElements(AutomationObject.java:242)
	at com.cognizant.cognizantits.engine.drivers.AutomationObject.findElement(AutomationObject.java:118)
	at com.cognizant.cognizantits.engine.drivers.AutomationObject.findElement(AutomationObject.java:111)
	at com.cognizant.cognizantits.engine.core.CommandControl.sync(CommandControl.java:94)
	at com.cognizant.cognizantits.engine.core.CommandControl.sync(CommandControl.java:173)
	at com.cognizant.cognizantits.engine.execution.run.TestStepRunner.executeStep(TestStepRunner.java:160)
	at com.cognizant.cognizantits.engine.execution.run.TestStepRunner.executeStep(TestStepRunner.java:147)
	at com.cognizant.cognizantits.engine.execution.run.TestStepRunner.run(TestStepRunner.java:66)
	at com.cognizant.cognizantits.engine.execution.run.TestCaseRunner.runStep(TestCaseRunner.java:395)
	at com.cognizant.cognizantits.engine.execution.run.TestCaseRunner.run(TestCaseRunner.java:346)
	at com.cognizant.cognizantits.engine.execution.run.TestCaseRunner.run(TestCaseRunner.java:387)
	at com.cognizant.cognizantits.engine.execution.run.TestStepRunner.executeTestCase(TestStepRunner.java:137)
	at com.cognizant.cognizantits.engine.execution.run.TestStepRunner.execute(TestStepRunner.java:118)
	at com.cognizant.cognizantits.engine.execution.run.TestStepRunner.run(TestStepRunner.java:63)
	at com.cognizant.cognizantits.engine.execution.run.TestCaseRunner.runStep(TestCaseRunner.java:395)
	at com.cognizant.cognizantits.engine.execution.run.TestCaseRunner.run(TestCaseRunner.java:346)
	at com.cognizant.cognizantits.engine.execution.run.TestCaseRunner.run(TestCaseRunner.java:387)
	at com.cognizant.cognizantits.engine.execution.run.TestStepRunner.executeTestCase(TestStepRunner.java:137)
	at com.cognizant.cognizantits.engine.execution.run.TestStepRunner.execute(TestStepRunner.java:118)
	at com.cognizant.cognizantits.engine.execution.run.TestStepRunner.run(TestStepRunner.java:63)
	at com.cognizant.cognizantits.engine.execution.run.TestCaseRunner.runStep(TestCaseRunner.java:395)
	at com.cognizant.cognizantits.engine.execution.run.TestCaseRunner.run(TestCaseRunner.java:346)
	at com.cognizant.cognizantits.engine.core.Task.runIteration(Task.java:130)
	at com.cognizant.cognizantits.engine.core.Task.run(Task.java:85)
	at java.base/java.util.concurrent.ThreadPoolExecutor.runWorker(ThreadPoolExecutor.java:1128)
	at java.base/java.util.concurrent.ThreadPoolExecutor$Worker.run(ThreadPoolExecutor.java:628)
	at java.base/java.lang.Thread.run(Thread.java:829)

Couldn't find Object 'SearchUser' in stipulated Time '10' Seconds
[FAIL]   | Seems Like the Element [SearchUser] is Not Present/Found in the page Try Adding wait or heal it

===================================================================================================

2021-05-07 06:51:31:05S -0700 [SEVERE] com.cognizant.cognizantits.engine.execution.run.TestCaseRunner onRuntimeException:Seems Like the Element [SearchUser] is Not Present/Found in the page Try Adding wait or heal it
com.cognizant.cognizantits.engine.execution.exception.element.ElementException: Seems Like the Element [SearchUser] is Not Present/Found in the page Try Adding wait or heal it
	at com.cognizant.cognizantits.engine.commands.General.elementDisplayed(General.java:57)
	at com.cognizant.cognizantits.engine.commands.General.elementEnabled(General.java:63)
	at PSICMethods.basic_PSIC.PSIC_Set(basic_PSIC.java:221)
	at com.cognizant.cognizantits.engine.support.reflect.MethodExecutor.executeMethod(MethodExecutor.java:39)
	at com.cognizant.cognizantits.engine.execution.run.TestStepRunner.executeAction(TestStepRunner.java:165)
	at com.cognizant.cognizantits.engine.execution.run.TestStepRunner.executeStep(TestStepRunner.java:161)
	at com.cognizant.cognizantits.engine.execution.run.TestStepRunner.executeStep(TestStepRunner.java:147)
	at com.cognizant.cognizantits.engine.execution.run.TestStepRunner.run(TestStepRunner.java:66)
	at com.cognizant.cognizantits.engine.execution.run.TestCaseRunner.runStep(TestCaseRunner.java:395)
	at com.cognizant.cognizantits.engine.execution.run.TestCaseRunner.run(TestCaseRunner.java:346)
	at com.cognizant.cognizantits.engine.execution.run.TestCaseRunner.run(TestCaseRunner.java:387)
	at com.cognizant.cognizantits.engine.execution.run.TestStepRunner.executeTestCase(TestStepRunner.java:137)
	at com.cognizant.cognizantits.engine.execution.run.TestStepRunner.execute(TestStepRunner.java:118)
	at com.cognizant.cognizantits.engine.execution.run.TestStepRunner.run(TestStepRunner.java:63)
	at com.cognizant.cognizantits.engine.execution.run.TestCaseRunner.runStep(TestCaseRunner.java:395)
	at com.cognizant.cognizantits.engine.execution.run.TestCaseRunner.run(TestCaseRunner.java:346)
	at com.cognizant.cognizantits.engine.execution.run.TestCaseRunner.run(TestCaseRunner.java:387)
	at com.cognizant.cognizantits.engine.execution.run.TestStepRunner.executeTestCase(TestStepRunner.java:137)
	at com.cognizant.cognizantits.engine.execution.run.TestStepRunner.execute(TestStepRunner.java:118)
	at com.cognizant.cognizantits.engine.execution.run.TestStepRunner.run(TestStepRunner.java:63)
	at com.cognizant.cognizantits.engine.execution.run.TestCaseRunner.runStep(TestCaseRunner.java:395)
	at com.cognizant.cognizantits.engine.execution.run.TestCaseRunner.run(TestCaseRunner.java:346)
	at com.cognizant.cognizantits.engine.core.Task.runIteration(Task.java:130)
	at com.cognizant.cognizantits.engine.core.Task.run(Task.java:85)
	at java.base/java.util.concurrent.ThreadPoolExecutor.runWorker(ThreadPoolExecutor.java:1128)
	at java.base/java.util.concurrent.ThreadPoolExecutor$Worker.run(ThreadPoolExecutor.java:628)
	at java.base/java.lang.Thread.run(Thread.java:829)

Step:4   | Object: Browser | Action: sendKeysToWindow | Input: @ENTER | Conditon:  | @07-May-2021 06:51:31.031
[DONE]   | Keys Submitted

===================================================================================================

Step:5   | Object: Browser | Action: setElementTimeOut | Input: @10 | Conditon:  | @07-May-2021 06:51:34.034
[DONE]   | Element Wait time changed to 10 second/s

===================================================================================================

Step:6   | Object: Select_User | Action: clickByJS | Input:  | Conditon:  | @07-May-2021 06:51:34.034
2021-05-07 06:51:44:05S -0700 [OFF ] com.cognizant.cognizantits.engine.drivers.AutomationObject getElements:null
org.openqa.selenium.TimeoutException: Expected condition failed: waiting for com.cognizant.cognizantits.engine.drivers.AutomationObject$$Lambda$679/0x0000000100843440@14eb14eb (tried for 10 second(s) with 500 milliseconds interval)
Build info: version: '3.141.59', revision: 'e82be7d358', time: '2018-11-14T08:17:03'
System info: host: 'a-3r8gwg1klqwgb', ip: '10.10.111.189', os.name: 'Linux', os.arch: 'amd64', os.version: '4.14.231-173.360.amzn2.x86_64', java.version: '11.0.11'
Driver info: org.openqa.selenium.chrome.ChromeDriver
Capabilities {acceptInsecureCerts: false, browserName: chrome, browserVersion: 90.0.4430.93, chrome: {chromedriverVersion: 89.0.4389.23 (61b08ee2c5002..., userDataDir: /tmp/.com.google.Chrome.M55mwg}, goog:chromeOptions: {debuggerAddress: localhost:38327}, javascriptEnabled: true, networkConnectionEnabled: false, pageLoadStrategy: normal, platform: LINUX, platformName: LINUX, proxy: Proxy(), setWindowRect: true, strictFileInteractability: false, timeouts: {implicit: 0, pageLoad: 300000, script: 30000}, unhandledPromptBehavior: dismiss and notify, webauthn:extension:largeBlob: true, webauthn:virtualAuthenticators: true}
Session ID: 6c70afdcaf2dff72b98f5583489ea44d
	at org.openqa.selenium.support.ui.WebDriverWait.timeoutException(WebDriverWait.java:95)
	at org.openqa.selenium.support.ui.FluentWait.until(FluentWait.java:272)
	at com.cognizant.cognizantits.engine.drivers.AutomationObject.getElements(AutomationObject.java:303)
	at com.cognizant.cognizantits.engine.drivers.AutomationObject.getWElements(AutomationObject.java:255)
	at com.cognizant.cognizantits.engine.drivers.AutomationObject.findElements(AutomationObject.java:242)
	at com.cognizant.cognizantits.engine.drivers.AutomationObject.findElement(AutomationObject.java:118)
	at com.cognizant.cognizantits.engine.drivers.AutomationObject.findElement(AutomationObject.java:111)
	at com.cognizant.cognizantits.engine.core.CommandControl.sync(CommandControl.java:94)
	at com.cognizant.cognizantits.engine.core.CommandControl.sync(CommandControl.java:173)
	at com.cognizant.cognizantits.engine.execution.run.TestStepRunner.executeStep(TestStepRunner.java:160)
	at com.cognizant.cognizantits.engine.execution.run.TestStepRunner.executeStep(TestStepRunner.java:147)
	at com.cognizant.cognizantits.engine.execution.run.TestStepRunner.run(TestStepRunner.java:66)
	at com.cognizant.cognizantits.engine.execution.run.TestCaseRunner.runStep(TestCaseRunner.java:395)
	at com.cognizant.cognizantits.engine.execution.run.TestCaseRunner.run(TestCaseRunner.java:346)
	at com.cognizant.cognizantits.engine.execution.run.TestCaseRunner.run(TestCaseRunner.java:387)
	at com.cognizant.cognizantits.engine.execution.run.TestStepRunner.executeTestCase(TestStepRunner.java:137)
	at com.cognizant.cognizantits.engine.execution.run.TestStepRunner.execute(TestStepRunner.java:118)
	at com.cognizant.cognizantits.engine.execution.run.TestStepRunner.run(TestStepRunner.java:63)
	at com.cognizant.cognizantits.engine.execution.run.TestCaseRunner.runStep(TestCaseRunner.java:395)
	at com.cognizant.cognizantits.engine.execution.run.TestCaseRunner.run(TestCaseRunner.java:346)
	at com.cognizant.cognizantits.engine.execution.run.TestCaseRunner.run(TestCaseRunner.java:387)
	at com.cognizant.cognizantits.engine.execution.run.TestStepRunner.executeTestCase(TestStepRunner.java:137)
	at com.cognizant.cognizantits.engine.execution.run.TestStepRunner.execute(TestStepRunner.java:118)
	at com.cognizant.cognizantits.engine.execution.run.TestStepRunner.run(TestStepRunner.java:63)
	at com.cognizant.cognizantits.engine.execution.run.TestCaseRunner.runStep(TestCaseRunner.java:395)
	at com.cognizant.cognizantits.engine.execution.run.TestCaseRunner.run(TestCaseRunner.java:346)
	at com.cognizant.cognizantits.engine.core.Task.runIteration(Task.java:130)
	at com.cognizant.cognizantits.engine.core.Task.run(Task.java:85)
	at java.base/java.util.concurrent.ThreadPoolExecutor.runWorker(ThreadPoolExecutor.java:1128)
	at java.base/java.util.concurrent.ThreadPoolExecutor$Worker.run(ThreadPoolExecutor.java:628)
	at java.base/java.lang.Thread.run(Thread.java:829)

Couldn't find Object 'Select_User' in stipulated Time '10' Seconds
[FAIL]   | Seems Like the Element [Select_User] is Not Present/Found in the page Try Adding wait or heal it

===================================================================================================

2021-05-07 06:51:46:05S -0700 [SEVERE] com.cognizant.cognizantits.engine.execution.run.TestCaseRunner onRuntimeException:Seems Like the Element [Select_User] is Not Present/Found in the page Try Adding wait or heal it
com.cognizant.cognizantits.engine.execution.exception.element.ElementException: Seems Like the Element [Select_User] is Not Present/Found in the page Try Adding wait or heal it
	at com.cognizant.cognizantits.engine.commands.JSCommands.clickByJS(JSCommands.java:54)
	at com.cognizant.cognizantits.engine.support.reflect.MethodExecutor.executeMethod(MethodExecutor.java:39)
	at com.cognizant.cognizantits.engine.execution.run.TestStepRunner.executeAction(TestStepRunner.java:165)
	at com.cognizant.cognizantits.engine.execution.run.TestStepRunner.executeStep(TestStepRunner.java:161)
	at com.cognizant.cognizantits.engine.execution.run.TestStepRunner.executeStep(TestStepRunner.java:147)
	at com.cognizant.cognizantits.engine.execution.run.TestStepRunner.run(TestStepRunner.java:66)
	at com.cognizant.cognizantits.engine.execution.run.TestCaseRunner.runStep(TestCaseRunner.java:395)
	at com.cognizant.cognizantits.engine.execution.run.TestCaseRunner.run(TestCaseRunner.java:346)
	at com.cognizant.cognizantits.engine.execution.run.TestCaseRunner.run(TestCaseRunner.java:387)
	at com.cognizant.cognizantits.engine.execution.run.TestStepRunner.executeTestCase(TestStepRunner.java:137)
	at com.cognizant.cognizantits.engine.execution.run.TestStepRunner.execute(TestStepRunner.java:118)
	at com.cognizant.cognizantits.engine.execution.run.TestStepRunner.run(TestStepRunner.java:63)
	at com.cognizant.cognizantits.engine.execution.run.TestCaseRunner.runStep(TestCaseRunner.java:395)
	at com.cognizant.cognizantits.engine.execution.run.TestCaseRunner.run(TestCaseRunner.java:346)
	at com.cognizant.cognizantits.engine.execution.run.TestCaseRunner.run(TestCaseRunner.java:387)
	at com.cognizant.cognizantits.engine.execution.run.TestStepRunner.executeTestCase(TestStepRunner.java:137)
	at com.cognizant.cognizantits.engine.execution.run.TestStepRunner.execute(TestStepRunner.java:118)
	at com.cognizant.cognizantits.engine.execution.run.TestStepRunner.run(TestStepRunner.java:63)
	at com.cognizant.cognizantits.engine.execution.run.TestCaseRunner.runStep(TestCaseRunner.java:395)
	at com.cognizant.cognizantits.engine.execution.run.TestCaseRunner.run(TestCaseRunner.java:346)
	at com.cognizant.cognizantits.engine.core.Task.runIteration(Task.java:130)
	at com.cognizant.cognizantits.engine.core.Task.run(Task.java:85)
	at java.base/java.util.concurrent.ThreadPoolExecutor.runWorker(ThreadPoolExecutor.java:1128)
	at java.base/java.util.concurrent.ThreadPoolExecutor$Worker.run(ThreadPoolExecutor.java:628)
	at java.base/java.lang.Thread.run(Thread.java:829)

Step:11  | Object: Approve_BTN | Action: Click | Input:  | Conditon:  | @07-May-2021 06:51:46.046
2021-05-07 06:51:56:05S -0700 [OFF ] com.cognizant.cognizantits.engine.drivers.AutomationObject getElements:null
org.openqa.selenium.TimeoutException: Expected condition failed: waiting for com.cognizant.cognizantits.engine.drivers.AutomationObject$$Lambda$679/0x0000000100843440@392f4d0e (tried for 10 second(s) with 500 milliseconds interval)
Build info: version: '3.141.59', revision: 'e82be7d358', time: '2018-11-14T08:17:03'
System info: host: 'a-3r8gwg1klqwgb', ip: '10.10.111.189', os.name: 'Linux', os.arch: 'amd64', os.version: '4.14.231-173.360.amzn2.x86_64', java.version: '11.0.11'
Driver info: org.openqa.selenium.chrome.ChromeDriver
Capabilities {acceptInsecureCerts: false, browserName: chrome, browserVersion: 90.0.4430.93, chrome: {chromedriverVersion: 89.0.4389.23 (61b08ee2c5002..., userDataDir: /tmp/.com.google.Chrome.M55mwg}, goog:chromeOptions: {debuggerAddress: localhost:38327}, javascriptEnabled: true, networkConnectionEnabled: false, pageLoadStrategy: normal, platform: LINUX, platformName: LINUX, proxy: Proxy(), setWindowRect: true, strictFileInteractability: false, timeouts: {implicit: 0, pageLoad: 300000, script: 30000}, unhandledPromptBehavior: dismiss and notify, webauthn:extension:largeBlob: true, webauthn:virtualAuthenticators: true}
Session ID: 6c70afdcaf2dff72b98f5583489ea44d
	at org.openqa.selenium.support.ui.WebDriverWait.timeoutException(WebDriverWait.java:95)
	at org.openqa.selenium.support.ui.FluentWait.until(FluentWait.java:272)
	at com.cognizant.cognizantits.engine.drivers.AutomationObject.getElements(AutomationObject.java:303)
	at com.cognizant.cognizantits.engine.drivers.AutomationObject.getWElements(AutomationObject.java:255)
	at com.cognizant.cognizantits.engine.drivers.AutomationObject.findElements(AutomationObject.java:242)
	at com.cognizant.cognizantits.engine.drivers.AutomationObject.findElement(AutomationObject.java:118)
	at com.cognizant.cognizantits.engine.drivers.AutomationObject.findElement(AutomationObject.java:111)
	at com.cognizant.cognizantits.engine.core.CommandControl.sync(CommandControl.java:94)
	at com.cognizant.cognizantits.engine.core.CommandControl.sync(CommandControl.java:173)
	at com.cognizant.cognizantits.engine.execution.run.TestStepRunner.executeStep(TestStepRunner.java:160)
	at com.cognizant.cognizantits.engine.execution.run.TestStepRunner.executeStep(TestStepRunner.java:147)
	at com.cognizant.cognizantits.engine.execution.run.TestStepRunner.run(TestStepRunner.java:66)
	at com.cognizant.cognizantits.engine.execution.run.TestCaseRunner.runStep(TestCaseRunner.java:395)
	at com.cognizant.cognizantits.engine.execution.run.TestCaseRunner.run(TestCaseRunner.java:346)
	at com.cognizant.cognizantits.engine.execution.run.TestCaseRunner.run(TestCaseRunner.java:387)
	at com.cognizant.cognizantits.engine.execution.run.TestStepRunner.executeTestCase(TestStepRunner.java:137)
	at com.cognizant.cognizantits.engine.execution.run.TestStepRunner.execute(TestStepRunner.java:118)
	at com.cognizant.cognizantits.engine.execution.run.TestStepRunner.run(TestStepRunner.java:63)
	at com.cognizant.cognizantits.engine.execution.run.TestCaseRunner.runStep(TestCaseRunner.java:395)
	at com.cognizant.cognizantits.engine.execution.run.TestCaseRunner.run(TestCaseRunner.java:346)
	at com.cognizant.cognizantits.engine.execution.run.TestCaseRunner.run(TestCaseRunner.java:387)
	at com.cognizant.cognizantits.engine.execution.run.TestStepRunner.executeTestCase(TestStepRunner.java:137)
	at com.cognizant.cognizantits.engine.execution.run.TestStepRunner.execute(TestStepRunner.java:118)
	at com.cognizant.cognizantits.engine.execution.run.TestStepRunner.run(TestStepRunner.java:63)
	at com.cognizant.cognizantits.engine.execution.run.TestCaseRunner.runStep(TestCaseRunner.java:395)
	at com.cognizant.cognizantits.engine.execution.run.TestCaseRunner.run(TestCaseRunner.java:346)
	at com.cognizant.cognizantits.engine.core.Task.runIteration(Task.java:130)
	at com.cognizant.cognizantits.engine.core.Task.run(Task.java:85)
	at java.base/java.util.concurrent.ThreadPoolExecutor.runWorker(ThreadPoolExecutor.java:1128)
	at java.base/java.util.concurrent.ThreadPoolExecutor$Worker.run(ThreadPoolExecutor.java:628)
	at java.base/java.lang.Thread.run(Thread.java:829)

Couldn't find Object 'Approve_BTN' in stipulated Time '10' Seconds
[FAIL]   | Seems Like the Element [Approve_BTN] is Not Present/Found in the page Try Adding wait or heal it

===================================================================================================

2021-05-07 06:51:58:05S -0700 [SEVERE] com.cognizant.cognizantits.engine.execution.run.TestCaseRunner onRuntimeException:Seems Like the Element [Approve_BTN] is Not Present/Found in the page Try Adding wait or heal it
com.cognizant.cognizantits.engine.execution.exception.element.ElementException: Seems Like the Element [Approve_BTN] is Not Present/Found in the page Try Adding wait or heal it
	at com.cognizant.cognizantits.engine.commands.General.elementDisplayed(General.java:57)
	at com.cognizant.cognizantits.engine.commands.General.elementEnabled(General.java:63)
	at com.cognizant.cognizantits.engine.commands.Basic.Click(Basic.java:47)
	at com.cognizant.cognizantits.engine.support.reflect.MethodExecutor.executeMethod(MethodExecutor.java:39)
	at com.cognizant.cognizantits.engine.execution.run.TestStepRunner.executeAction(TestStepRunner.java:165)
	at com.cognizant.cognizantits.engine.execution.run.TestStepRunner.executeStep(TestStepRunner.java:161)
	at com.cognizant.cognizantits.engine.execution.run.TestStepRunner.executeStep(TestStepRunner.java:147)
	at com.cognizant.cognizantits.engine.execution.run.TestStepRunner.run(TestStepRunner.java:66)
	at com.cognizant.cognizantits.engine.execution.run.TestCaseRunner.runStep(TestCaseRunner.java:395)
	at com.cognizant.cognizantits.engine.execution.run.TestCaseRunner.run(TestCaseRunner.java:346)
	at com.cognizant.cognizantits.engine.execution.run.TestCaseRunner.run(TestCaseRunner.java:387)
	at com.cognizant.cognizantits.engine.execution.run.TestStepRunner.executeTestCase(TestStepRunner.java:137)
	at com.cognizant.cognizantits.engine.execution.run.TestStepRunner.execute(TestStepRunner.java:118)
	at com.cognizant.cognizantits.engine.execution.run.TestStepRunner.run(TestStepRunner.java:63)
	at com.cognizant.cognizantits.engine.execution.run.TestCaseRunner.runStep(TestCaseRunner.java:395)
	at com.cognizant.cognizantits.engine.execution.run.TestCaseRunner.run(TestCaseRunner.java:346)
	at com.cognizant.cognizantits.engine.execution.run.TestCaseRunner.run(TestCaseRunner.java:387)
	at com.cognizant.cognizantits.engine.execution.run.TestStepRunner.executeTestCase(TestStepRunner.java:137)
	at com.cognizant.cognizantits.engine.execution.run.TestStepRunner.execute(TestStepRunner.java:118)
	at com.cognizant.cognizantits.engine.execution.run.TestStepRunner.run(TestStepRunner.java:63)
	at com.cognizant.cognizantits.engine.execution.run.TestCaseRunner.runStep(TestCaseRunner.java:395)
	at com.cognizant.cognizantits.engine.execution.run.TestCaseRunner.run(TestCaseRunner.java:346)
	at com.cognizant.cognizantits.engine.core.Task.runIteration(Task.java:130)
	at com.cognizant.cognizantits.engine.core.Task.run(Task.java:85)
	at java.base/java.util.concurrent.ThreadPoolExecutor.runWorker(ThreadPoolExecutor.java:1128)
	at java.base/java.util.concurrent.ThreadPoolExecutor$Worker.run(ThreadPoolExecutor.java:628)
	at java.base/java.lang.Thread.run(Thread.java:829)

Step:12  | Object: ConfirmRole_Txt | Action: assertElementDisplayed | Input:  | Conditon:  | @07-May-2021 06:51:58.058
2021-05-07 06:52:08:05S -0700 [OFF ] com.cognizant.cognizantits.engine.drivers.AutomationObject getElements:null
org.openqa.selenium.TimeoutException: Expected condition failed: waiting for com.cognizant.cognizantits.engine.drivers.AutomationObject$$Lambda$679/0x0000000100843440@43e11420 (tried for 10 second(s) with 500 milliseconds interval)
Build info: version: '3.141.59', revision: 'e82be7d358', time: '2018-11-14T08:17:03'
System info: host: 'a-3r8gwg1klqwgb', ip: '10.10.111.189', os.name: 'Linux', os.arch: 'amd64', os.version: '4.14.231-173.360.amzn2.x86_64', java.version: '11.0.11'
Driver info: org.openqa.selenium.chrome.ChromeDriver
Capabilities {acceptInsecureCerts: false, browserName: chrome, browserVersion: 90.0.4430.93, chrome: {chromedriverVersion: 89.0.4389.23 (61b08ee2c5002..., userDataDir: /tmp/.com.google.Chrome.M55mwg}, goog:chromeOptions: {debuggerAddress: localhost:38327}, javascriptEnabled: true, networkConnectionEnabled: false, pageLoadStrategy: normal, platform: LINUX, platformName: LINUX, proxy: Proxy(), setWindowRect: true, strictFileInteractability: false, timeouts: {implicit: 0, pageLoad: 300000, script: 30000}, unhandledPromptBehavior: dismiss and notify, webauthn:extension:largeBlob: true, webauthn:virtualAuthenticators: true}
Session ID: 6c70afdcaf2dff72b98f5583489ea44d
	at org.openqa.selenium.support.ui.WebDriverWait.timeoutException(WebDriverWait.java:95)
	at org.openqa.selenium.support.ui.FluentWait.until(FluentWait.java:272)
	at com.cognizant.cognizantits.engine.drivers.AutomationObject.getElements(AutomationObject.java:303)
	at com.cognizant.cognizantits.engine.drivers.AutomationObject.getWElements(AutomationObject.java:255)
	at com.cognizant.cognizantits.engine.drivers.AutomationObject.findElements(AutomationObject.java:242)
	at com.cognizant.cognizantits.engine.drivers.AutomationObject.findElement(AutomationObject.java:118)
	at com.cognizant.cognizantits.engine.drivers.AutomationObject.findElement(AutomationObject.java:111)
	at com.cognizant.cognizantits.engine.core.CommandControl.sync(CommandControl.java:94)
	at com.cognizant.cognizantits.engine.core.CommandControl.sync(CommandControl.java:173)
	at com.cognizant.cognizantits.engine.execution.run.TestStepRunner.executeStep(TestStepRunner.java:160)
	at com.cognizant.cognizantits.engine.execution.run.TestStepRunner.executeStep(TestStepRunner.java:147)
	at com.cognizant.cognizantits.engine.execution.run.TestStepRunner.run(TestStepRunner.java:66)
	at com.cognizant.cognizantits.engine.execution.run.TestCaseRunner.runStep(TestCaseRunner.java:395)
	at com.cognizant.cognizantits.engine.execution.run.TestCaseRunner.run(TestCaseRunner.java:346)
	at com.cognizant.cognizantits.engine.execution.run.TestCaseRunner.run(TestCaseRunner.java:387)
	at com.cognizant.cognizantits.engine.execution.run.TestStepRunner.executeTestCase(TestStepRunner.java:137)
	at com.cognizant.cognizantits.engine.execution.run.TestStepRunner.execute(TestStepRunner.java:118)
	at com.cognizant.cognizantits.engine.execution.run.TestStepRunner.run(TestStepRunner.java:63)
	at com.cognizant.cognizantits.engine.execution.run.TestCaseRunner.runStep(TestCaseRunner.java:395)
	at com.cognizant.cognizantits.engine.execution.run.TestCaseRunner.run(TestCaseRunner.java:346)
	at com.cognizant.cognizantits.engine.execution.run.TestCaseRunner.run(TestCaseRunner.java:387)
	at com.cognizant.cognizantits.engine.execution.run.TestStepRunner.executeTestCase(TestStepRunner.java:137)
	at com.cognizant.cognizantits.engine.execution.run.TestStepRunner.execute(TestStepRunner.java:118)
	at com.cognizant.cognizantits.engine.execution.run.TestStepRunner.run(TestStepRunner.java:63)
	at com.cognizant.cognizantits.engine.execution.run.TestCaseRunner.runStep(TestCaseRunner.java:395)
	at com.cognizant.cognizantits.engine.execution.run.TestCaseRunner.run(TestCaseRunner.java:346)
	at com.cognizant.cognizantits.engine.core.Task.runIteration(Task.java:130)
	at com.cognizant.cognizantits.engine.core.Task.run(Task.java:85)
	at java.base/java.util.concurrent.ThreadPoolExecutor.runWorker(ThreadPoolExecutor.java:1128)
	at java.base/java.util.concurrent.ThreadPoolExecutor$Worker.run(ThreadPoolExecutor.java:628)
	at java.base/java.lang.Thread.run(Thread.java:829)

Couldn't find Object 'ConfirmRole_Txt' in stipulated Time '10' Seconds
[FAIL]   | Seems Like the Element [ConfirmRole_Txt] is Not Present/Found in the page Try Adding wait or heal it

===================================================================================================

2021-05-07 06:52:11:05S -0700 [SEVERE] com.cognizant.cognizantits.engine.execution.run.TestCaseRunner onRuntimeException:Seems Like the Element [ConfirmRole_Txt] is Not Present/Found in the page Try Adding wait or heal it
com.cognizant.cognizantits.engine.execution.exception.element.ElementException: Seems Like the Element [ConfirmRole_Txt] is Not Present/Found in the page Try Adding wait or heal it
	at com.cognizant.cognizantits.engine.commands.General.elementDisplayed(General.java:57)
	at com.cognizant.cognizantits.engine.commands.AssertElement.assertElementDisplayed(AssertElement.java:67)
	at com.cognizant.cognizantits.engine.support.reflect.MethodExecutor.executeMethod(MethodExecutor.java:39)
	at com.cognizant.cognizantits.engine.execution.run.TestStepRunner.executeAction(TestStepRunner.java:165)
	at com.cognizant.cognizantits.engine.execution.run.TestStepRunner.executeStep(TestStepRunner.java:161)
	at com.cognizant.cognizantits.engine.execution.run.TestStepRunner.executeStep(TestStepRunner.java:147)
	at com.cognizant.cognizantits.engine.execution.run.TestStepRunner.run(TestStepRunner.java:66)
	at com.cognizant.cognizantits.engine.execution.run.TestCaseRunner.runStep(TestCaseRunner.java:395)
	at com.cognizant.cognizantits.engine.execution.run.TestCaseRunner.run(TestCaseRunner.java:346)
	at com.cognizant.cognizantits.engine.execution.run.TestCaseRunner.run(TestCaseRunner.java:387)
	at com.cognizant.cognizantits.engine.execution.run.TestStepRunner.executeTestCase(TestStepRunner.java:137)
	at com.cognizant.cognizantits.engine.execution.run.TestStepRunner.execute(TestStepRunner.java:118)
	at com.cognizant.cognizantits.engine.execution.run.TestStepRunner.run(TestStepRunner.java:63)
	at com.cognizant.cognizantits.engine.execution.run.TestCaseRunner.runStep(TestCaseRunner.java:395)
	at com.cognizant.cognizantits.engine.execution.run.TestCaseRunner.run(TestCaseRunner.java:346)
	at com.cognizant.cognizantits.engine.execution.run.TestCaseRunner.run(TestCaseRunner.java:387)
	at com.cognizant.cognizantits.engine.execution.run.TestStepRunner.executeTestCase(TestStepRunner.java:137)
	at com.cognizant.cognizantits.engine.execution.run.TestStepRunner.execute(TestStepRunner.java:118)
	at com.cognizant.cognizantits.engine.execution.run.TestStepRunner.run(TestStepRunner.java:63)
	at com.cognizant.cognizantits.engine.execution.run.TestCaseRunner.runStep(TestCaseRunner.java:395)
	at com.cognizant.cognizantits.engine.execution.run.TestCaseRunner.run(TestCaseRunner.java:346)
	at com.cognizant.cognizantits.engine.core.Task.runIteration(Task.java:130)
	at com.cognizant.cognizantits.engine.core.Task.run(Task.java:85)
	at java.base/java.util.concurrent.ThreadPoolExecutor.runWorker(ThreadPoolExecutor.java:1128)
	at java.base/java.util.concurrent.ThreadPoolExecutor$Worker.run(ThreadPoolExecutor.java:628)
	at java.base/java.lang.Thread.run(Thread.java:829)

Step:13  | Object: Confirm_BTN | Action: Click | Input:  | Conditon:  | @07-May-2021 06:52:11.011
2021-05-07 06:52:21:05S -0700 [OFF ] com.cognizant.cognizantits.engine.drivers.AutomationObject getElements:null
org.openqa.selenium.TimeoutException: Expected condition failed: waiting for com.cognizant.cognizantits.engine.drivers.AutomationObject$$Lambda$679/0x0000000100843440@6a5ca339 (tried for 10 second(s) with 500 milliseconds interval)
Build info: version: '3.141.59', revision: 'e82be7d358', time: '2018-11-14T08:17:03'
System info: host: 'a-3r8gwg1klqwgb', ip: '10.10.111.189', os.name: 'Linux', os.arch: 'amd64', os.version: '4.14.231-173.360.amzn2.x86_64', java.version: '11.0.11'
Driver info: org.openqa.selenium.chrome.ChromeDriver
Capabilities {acceptInsecureCerts: false, browserName: chrome, browserVersion: 90.0.4430.93, chrome: {chromedriverVersion: 89.0.4389.23 (61b08ee2c5002..., userDataDir: /tmp/.com.google.Chrome.M55mwg}, goog:chromeOptions: {debuggerAddress: localhost:38327}, javascriptEnabled: true, networkConnectionEnabled: false, pageLoadStrategy: normal, platform: LINUX, platformName: LINUX, proxy: Proxy(), setWindowRect: true, strictFileInteractability: false, timeouts: {implicit: 0, pageLoad: 300000, script: 30000}, unhandledPromptBehavior: dismiss and notify, webauthn:extension:largeBlob: true, webauthn:virtualAuthenticators: true}
Session ID: 6c70afdcaf2dff72b98f5583489ea44d
	at org.openqa.selenium.support.ui.WebDriverWait.timeoutException(WebDriverWait.java:95)
	at org.openqa.selenium.support.ui.FluentWait.until(FluentWait.java:272)
	at com.cognizant.cognizantits.engine.drivers.AutomationObject.getElements(AutomationObject.java:303)
	at com.cognizant.cognizantits.engine.drivers.AutomationObject.getWElements(AutomationObject.java:255)
	at com.cognizant.cognizantits.engine.drivers.AutomationObject.findElements(AutomationObject.java:242)
	at com.cognizant.cognizantits.engine.drivers.AutomationObject.findElement(AutomationObject.java:118)
	at com.cognizant.cognizantits.engine.drivers.AutomationObject.findElement(AutomationObject.java:111)
	at com.cognizant.cognizantits.engine.core.CommandControl.sync(CommandControl.java:94)
	at com.cognizant.cognizantits.engine.core.CommandControl.sync(CommandControl.java:173)
	at com.cognizant.cognizantits.engine.execution.run.TestStepRunner.executeStep(TestStepRunner.java:160)
	at com.cognizant.cognizantits.engine.execution.run.TestStepRunner.executeStep(TestStepRunner.java:147)
	at com.cognizant.cognizantits.engine.execution.run.TestStepRunner.run(TestStepRunner.java:66)
	at com.cognizant.cognizantits.engine.execution.run.TestCaseRunner.runStep(TestCaseRunner.java:395)
	at com.cognizant.cognizantits.engine.execution.run.TestCaseRunner.run(TestCaseRunner.java:346)
	at com.cognizant.cognizantits.engine.execution.run.TestCaseRunner.run(TestCaseRunner.java:387)
	at com.cognizant.cognizantits.engine.execution.run.TestStepRunner.executeTestCase(TestStepRunner.java:137)
	at com.cognizant.cognizantits.engine.execution.run.TestStepRunner.execute(TestStepRunner.java:118)
	at com.cognizant.cognizantits.engine.execution.run.TestStepRunner.run(TestStepRunner.java:63)
	at com.cognizant.cognizantits.engine.execution.run.TestCaseRunner.runStep(TestCaseRunner.java:395)
	at com.cognizant.cognizantits.engine.execution.run.TestCaseRunner.run(TestCaseRunner.java:346)
	at com.cognizant.cognizantits.engine.execution.run.TestCaseRunner.run(TestCaseRunner.java:387)
	at com.cognizant.cognizantits.engine.execution.run.TestStepRunner.executeTestCase(TestStepRunner.java:137)
	at com.cognizant.cognizantits.engine.execution.run.TestStepRunner.execute(TestStepRunner.java:118)
	at com.cognizant.cognizantits.engine.execution.run.TestStepRunner.run(TestStepRunner.java:63)
	at com.cognizant.cognizantits.engine.execution.run.TestCaseRunner.runStep(TestCaseRunner.java:395)
	at com.cognizant.cognizantits.engine.execution.run.TestCaseRunner.run(TestCaseRunner.java:346)
	at com.cognizant.cognizantits.engine.core.Task.runIteration(Task.java:130)
	at com.cognizant.cognizantits.engine.core.Task.run(Task.java:85)
	at java.base/java.util.concurrent.ThreadPoolExecutor.runWorker(ThreadPoolExecutor.java:1128)
	at java.base/java.util.concurrent.ThreadPoolExecutor$Worker.run(ThreadPoolExecutor.java:628)
	at java.base/java.lang.Thread.run(Thread.java:829)

Couldn't find Object 'Confirm_BTN' in stipulated Time '10' Seconds
[FAIL]   | Seems Like the Element [Confirm_BTN] is Not Present/Found in the page Try Adding wait or heal it

===================================================================================================

2021-05-07 06:52:23:05S -0700 [SEVERE] com.cognizant.cognizantits.engine.execution.run.TestCaseRunner onRuntimeException:Seems Like the Element [Confirm_BTN] is Not Present/Found in the page Try Adding wait or heal it
com.cognizant.cognizantits.engine.execution.exception.element.ElementException: Seems Like the Element [Confirm_BTN] is Not Present/Found in the page Try Adding wait or heal it
	at com.cognizant.cognizantits.engine.commands.General.elementDisplayed(General.java:57)
	at com.cognizant.cognizantits.engine.commands.General.elementEnabled(General.java:63)
	at com.cognizant.cognizantits.engine.commands.Basic.Click(Basic.java:47)
	at com.cognizant.cognizantits.engine.support.reflect.MethodExecutor.executeMethod(MethodExecutor.java:39)
	at com.cognizant.cognizantits.engine.execution.run.TestStepRunner.executeAction(TestStepRunner.java:165)
	at com.cognizant.cognizantits.engine.execution.run.TestStepRunner.executeStep(TestStepRunner.java:161)
	at com.cognizant.cognizantits.engine.execution.run.TestStepRunner.executeStep(TestStepRunner.java:147)
	at com.cognizant.cognizantits.engine.execution.run.TestStepRunner.run(TestStepRunner.java:66)
	at com.cognizant.cognizantits.engine.execution.run.TestCaseRunner.runStep(TestCaseRunner.java:395)
	at com.cognizant.cognizantits.engine.execution.run.TestCaseRunner.run(TestCaseRunner.java:346)
	at com.cognizant.cognizantits.engine.execution.run.TestCaseRunner.run(TestCaseRunner.java:387)
	at com.cognizant.cognizantits.engine.execution.run.TestStepRunner.executeTestCase(TestStepRunner.java:137)
	at com.cognizant.cognizantits.engine.execution.run.TestStepRunner.execute(TestStepRunner.java:118)
	at com.cognizant.cognizantits.engine.execution.run.TestStepRunner.run(TestStepRunner.java:63)
	at com.cognizant.cognizantits.engine.execution.run.TestCaseRunner.runStep(TestCaseRunner.java:395)
	at com.cognizant.cognizantits.engine.execution.run.TestCaseRunner.run(TestCaseRunner.java:346)
	at com.cognizant.cognizantits.engine.execution.run.TestCaseRunner.run(TestCaseRunner.java:387)
	at com.cognizant.cognizantits.engine.execution.run.TestStepRunner.executeTestCase(TestStepRunner.java:137)
	at com.cognizant.cognizantits.engine.execution.run.TestStepRunner.execute(TestStepRunner.java:118)
	at com.cognizant.cognizantits.engine.execution.run.TestStepRunner.run(TestStepRunner.java:63)
	at com.cognizant.cognizantits.engine.execution.run.TestCaseRunner.runStep(TestCaseRunner.java:395)
	at com.cognizant.cognizantits.engine.execution.run.TestCaseRunner.run(TestCaseRunner.java:346)
	at com.cognizant.cognizantits.engine.core.Task.runIteration(Task.java:130)
	at com.cognizant.cognizantits.engine.core.Task.run(Task.java:85)
	at java.base/java.util.concurrent.ThreadPoolExecutor.runWorker(ThreadPoolExecutor.java:1128)
	at java.base/java.util.concurrent.ThreadPoolExecutor$Worker.run(ThreadPoolExecutor.java:628)
	at java.base/java.lang.Thread.run(Thread.java:829)

Step:14  | Object: ApproveSuccessMsg_Txt | Action: assertElementDisplayed | Input:  | Conditon:  | @07-May-2021 06:52:23.023
2021-05-07 06:52:27:05S -0700 [OFF ] com.cognizant.cognizantits.engine.drivers.AutomationObject getElements:null
org.openqa.selenium.WebDriverException: chrome not reachable
  (Session info: chrome=90.0.4430.93)
Build info: version: '3.141.59', revision: 'e82be7d358', time: '2018-11-14T08:17:03'
System info: host: 'a-3r8gwg1klqwgb', ip: '10.10.111.189', os.name: 'Linux', os.arch: 'amd64', os.version: '4.14.231-173.360.amzn2.x86_64', java.version: '11.0.11'
Driver info: org.openqa.selenium.chrome.ChromeDriver
Capabilities {acceptInsecureCerts: false, browserName: chrome, browserVersion: 90.0.4430.93, chrome: {chromedriverVersion: 89.0.4389.23 (61b08ee2c5002..., userDataDir: /tmp/.com.google.Chrome.M55mwg}, goog:chromeOptions: {debuggerAddress: localhost:38327}, javascriptEnabled: true, networkConnectionEnabled: false, pageLoadStrategy: normal, platform: LINUX, platformName: LINUX, proxy: Proxy(), setWindowRect: true, strictFileInteractability: false, timeouts: {implicit: 0, pageLoad: 300000, script: 30000}, unhandledPromptBehavior: dismiss and notify, webauthn:extension:largeBlob: true, webauthn:virtualAuthenticators: true}
Session ID: 6c70afdcaf2dff72b98f5583489ea44d
*** Element info: {Using=xpath, value=//*[text()='User Successfully Approved']}
	at java.base/jdk.internal.reflect.NativeConstructorAccessorImpl.newInstance0(Native Method)
	at java.base/jdk.internal.reflect.NativeConstructorAccessorImpl.newInstance(NativeConstructorAccessorImpl.java:62)
	at java.base/jdk.internal.reflect.DelegatingConstructorAccessorImpl.newInstance(DelegatingConstructorAccessorImpl.java:45)
	at java.base/java.lang.reflect.Constructor.newInstance(Constructor.java:490)
	at org.openqa.selenium.remote.http.W3CHttpResponseCodec.createException(W3CHttpResponseCodec.java:187)
	at org.openqa.selenium.remote.http.W3CHttpResponseCodec.decode(W3CHttpResponseCodec.java:122)
	at org.openqa.selenium.remote.http.W3CHttpResponseCodec.decode(W3CHttpResponseCodec.java:49)
	at org.openqa.selenium.remote.HttpCommandExecutor.execute(HttpCommandExecutor.java:158)
	at org.openqa.selenium.remote.service.DriverCommandExecutor.execute(DriverCommandExecutor.java:83)
	at org.openqa.selenium.remote.RemoteWebDriver.execute(RemoteWebDriver.java:552)
	at org.openqa.selenium.remote.RemoteWebDriver.findElements(RemoteWebDriver.java:353)
	at org.openqa.selenium.remote.RemoteWebDriver.findElementsByXPath(RemoteWebDriver.java:432)
	at org.openqa.selenium.By$ByXPath.findElements(By.java:348)
	at org.openqa.selenium.remote.RemoteWebDriver.findElements(RemoteWebDriver.java:311)
	at com.cognizant.cognizantits.engine.drivers.AutomationObject.lambda$0(AutomationObject.java:312)
	at org.openqa.selenium.support.ui.FluentWait.until(FluentWait.java:249)
	at com.cognizant.cognizantits.engine.drivers.AutomationObject.getElements(AutomationObject.java:303)
	at com.cognizant.cognizantits.engine.drivers.AutomationObject.getWElements(AutomationObject.java:255)
	at com.cognizant.cognizantits.engine.drivers.AutomationObject.findElements(AutomationObject.java:242)
	at com.cognizant.cognizantits.engine.drivers.AutomationObject.findElement(AutomationObject.java:118)
	at com.cognizant.cognizantits.engine.drivers.AutomationObject.findElement(AutomationObject.java:111)
	at com.cognizant.cognizantits.engine.core.CommandControl.sync(CommandControl.java:94)
	at com.cognizant.cognizantits.engine.core.CommandControl.sync(CommandControl.java:173)
	at com.cognizant.cognizantits.engine.execution.run.TestStepRunner.executeStep(TestStepRunner.java:160)
	at com.cognizant.cognizantits.engine.execution.run.TestStepRunner.executeStep(TestStepRunner.java:147)
	at com.cognizant.cognizantits.engine.execution.run.TestStepRunner.run(TestStepRunner.java:66)
	at com.cognizant.cognizantits.engine.execution.run.TestCaseRunner.runStep(TestCaseRunner.java:395)
	at com.cognizant.cognizantits.engine.execution.run.TestCaseRunner.run(TestCaseRunner.java:346)
	at com.cognizant.cognizantits.engine.execution.run.TestCaseRunner.run(TestCaseRunner.java:387)
	at com.cognizant.cognizantits.engine.execution.run.TestStepRunner.executeTestCase(TestStepRunner.java:137)
	at com.cognizant.cognizantits.engine.execution.run.TestStepRunner.execute(TestStepRunner.java:118)
	at com.cognizant.cognizantits.engine.execution.run.TestStepRunner.run(TestStepRunner.java:63)
	at com.cognizant.cognizantits.engine.execution.run.TestCaseRunner.runStep(TestCaseRunner.java:395)
	at com.cognizant.cognizantits.engine.execution.run.TestCaseRunner.run(TestCaseRunner.java:346)
	at com.cognizant.cognizantits.engine.execution.run.TestCaseRunner.run(TestCaseRunner.java:387)
	at com.cognizant.cognizantits.engine.execution.run.TestStepRunner.executeTestCase(TestStepRunner.java:137)
	at com.cognizant.cognizantits.engine.execution.run.TestStepRunner.execute(TestStepRunner.java:118)
	at com.cognizant.cognizantits.engine.execution.run.TestStepRunner.run(TestStepRunner.java:63)
	at com.cognizant.cognizantits.engine.execution.run.TestCaseRunner.runStep(TestCaseRunner.java:395)
	at com.cognizant.cognizantits.engine.execution.run.TestCaseRunner.run(TestCaseRunner.java:346)
	at com.cognizant.cognizantits.engine.core.Task.runIteration(Task.java:130)
	at com.cognizant.cognizantits.engine.core.Task.run(Task.java:85)
	at java.base/java.util.concurrent.ThreadPoolExecutor.runWorker(ThreadPoolExecutor.java:1128)
	at java.base/java.util.concurrent.ThreadPoolExecutor$Worker.run(ThreadPoolExecutor.java:628)
	at java.base/java.lang.Thread.run(Thread.java:829)

Couldn't find Object 'ApproveSuccessMsg_Txt' in stipulated Time '10' Seconds
2021-05-07 06:52:27:05S -0700 [SEVERE] com.cognizant.cognizantits.engine.core.Task runIteration:Driver Chrome Closed / Could not be reached
com.cognizant.cognizantits.engine.execution.exception.DriverClosedException: Driver Chrome Closed / Could not be reached
	at com.cognizant.cognizantits.engine.drivers.SeleniumDriver.isAlive(SeleniumDriver.java:148)
	at com.cognizant.cognizantits.engine.commands.Command.isDriverAlive(Command.java:118)
	at com.cognizant.cognizantits.engine.commands.General.checkIfDriverIsAlive(General.java:37)
	at com.cognizant.cognizantits.engine.commands.General.elementPresent(General.java:45)
	at com.cognizant.cognizantits.engine.commands.General.elementDisplayed(General.java:56)
	at com.cognizant.cognizantits.engine.commands.AssertElement.assertElementDisplayed(AssertElement.java:67)
	at com.cognizant.cognizantits.engine.support.reflect.MethodExecutor.executeMethod(MethodExecutor.java:39)
	at com.cognizant.cognizantits.engine.execution.run.TestStepRunner.executeAction(TestStepRunner.java:165)
	at com.cognizant.cognizantits.engine.execution.run.TestStepRunner.executeStep(TestStepRunner.java:161)
	at com.cognizant.cognizantits.engine.execution.run.TestStepRunner.executeStep(TestStepRunner.java:147)
	at com.cognizant.cognizantits.engine.execution.run.TestStepRunner.run(TestStepRunner.java:66)
	at com.cognizant.cognizantits.engine.execution.run.TestCaseRunner.runStep(TestCaseRunner.java:395)
	at com.cognizant.cognizantits.engine.execution.run.TestCaseRunner.run(TestCaseRunner.java:346)
	at com.cognizant.cognizantits.engine.execution.run.TestCaseRunner.run(TestCaseRunner.java:387)
	at com.cognizant.cognizantits.engine.execution.run.TestStepRunner.executeTestCase(TestStepRunner.java:137)
	at com.cognizant.cognizantits.engine.execution.run.TestStepRunner.execute(TestStepRunner.java:118)
	at com.cognizant.cognizantits.engine.execution.run.TestStepRunner.run(TestStepRunner.java:63)
	at com.cognizant.cognizantits.engine.execution.run.TestCaseRunner.runStep(TestCaseRunner.java:395)
	at com.cognizant.cognizantits.engine.execution.run.TestCaseRunner.run(TestCaseRunner.java:346)
	at com.cognizant.cognizantits.engine.execution.run.TestCaseRunner.run(TestCaseRunner.java:387)
	at com.cognizant.cognizantits.engine.execution.run.TestStepRunner.executeTestCase(TestStepRunner.java:137)
	at com.cognizant.cognizantits.engine.execution.run.TestStepRunner.execute(TestStepRunner.java:118)
	at com.cognizant.cognizantits.engine.execution.run.TestStepRunner.run(TestStepRunner.java:63)
	at com.cognizant.cognizantits.engine.execution.run.TestCaseRunner.runStep(TestCaseRunner.java:395)
	at com.cognizant.cognizantits.engine.execution.run.TestCaseRunner.run(TestCaseRunner.java:346)
	at com.cognizant.cognizantits.engine.core.Task.runIteration(Task.java:130)
	at com.cognizant.cognizantits.engine.core.Task.run(Task.java:85)
	at java.base/java.util.concurrent.ThreadPoolExecutor.runWorker(ThreadPoolExecutor.java:1128)
	at java.base/java.util.concurrent.ThreadPoolExecutor$Worker.run(ThreadPoolExecutor.java:628)
	at java.base/java.lang.Thread.run(Thread.java:829)

[FAIL]   | Driver Chrome Closed / Could not be reached

===================================================================================================


---------------------------------------------------
Testcase Name        : TEST_DIM_Scenarios:1.Setup_eMail_MFA
Executed Steps       : 58
Passed Steps         : 52
Failed Steps         : 6
Time Taken           : 00:02:16
-----------------------------------------------------

Run Finished on Fri May 07 06:52:27 PDT 2021
-----------------------------------------------------
ExecutionDate        : 07-May-2021 06-50-10
Executed TestCases   : 1
Passed TestCases     : 0
Failed TestCases     : 1
Time Taken           : 00:02:16
ReportPath           : file:////home/ab773031t/Documents/cognizant-intelligent-test-scripter-1.4/Projects/PSIC_Digital_DIM/Results/TestDesign/TEST_DIM_Scenarios/1.Setup_eMail_MFA/07-May-2021 06-50-10/summary.html
-----------------------------------------------------
