Run Information
========================
cognizant.intelligent.test.scripter.engine : ${project.version}
java.runtime.name    : OpenJDK Runtime Environment
java.version         : 11.0.11
java.home            : /usr/lib/jvm/java-11-amazon-corretto.x86_64
os.name              : Linux
os.arch              : amd64
os.version           : 4.14.231-173.360.amzn2.x86_64
file.encoding        : UTF-8
========================
Run Started on Fri May 07 07:16:20 PDT 2021
Loading Browser Profile
Loading RunManager
[Scenario:TEST_DIM_Scenarios] [TestCase: 1.Setup_eMail_MFA] [Description: 1.Setup_eMail_MFA] [Browser: Chrome] [BrowserVersion: Default] [Platform: ANY][ExistingBrowser: false]
----------------------------------------------------------
[1] TestCase selected for execution from [//TEST_Regression/DIM_Scenarios]
----------------------------------------------------------
Initializing Report
ApiLink not available!!
Run Manager true
Continue Execution true
Shutting Down Thread as there is no need for SelectiveThreading
Inside Task Run
Running Iteration 1
Launching Chrome
Launching Local Driver
Starting ChromeDriver 89.0.4389.23 (61b08ee2c50024bab004e48d2b1b083cdbdac579-refs/branch-heads/4389@{#294}) on port 17106
Only local connections are allowed.
Please see https://chromedriver.chromium.org/security-considerations for suggestions on keeping ChromeDriver safe.
ChromeDriver was started successfully.
[1620396981.123][WARNING]: This version of ChromeDriver has not been tested with Chrome version 90.
2021-05-07 07:16:21:05S -0700 [INFO] org.openqa.selenium.remote.ProtocolHandshake createSession:Detected dialect: W3C
Chrome Launched
Step:1   | Object: Browser | Action: Open | Input: SignUp:URL | Conditon:  | @07-May-2021 07:16:21.021
[DONE]   | Opened Url: https://test.psicdemo.com/psic/signin

===================================================================================================

Step:2   | Object: Browser | Action: setElementTimeOut | Input: @120 | Conditon:  | @07-May-2021 07:16:30.030
[DONE]   | Element Wait time changed to 120 second/s

===================================================================================================

Step:3   | Object: Signup_Link | Action: Click | Input:  | Conditon:  | @07-May-2021 07:16:30.030
Using @xpath [//*[text()='Sign Up']], Object 'Signup_Link' Found in 12 ms
[DONE]   | Clicking on Signup_Link

===================================================================================================

Step:4   | Object: Browser | Action: setElementTimeOut | Input: @120 | Conditon:  | @07-May-2021 07:16:38.038
[DONE]   | Element Wait time changed to 120 second/s

===================================================================================================

Step:5   | Object: ProducerCode_TB | Action: PSIC_Set | Input: SignUp:ProducerCode | Conditon:  | @07-May-2021 07:16:38.038
Using @xpath [//*[@formcontrolname="producerCode"]], Object 'ProducerCode_TB' Found in 11 ms
[DONE]   | Entered Text 'B00088' on 'ProducerCode_TB'

===================================================================================================

Step:6   | Object: Role_DD | Action: PSIC_Selectbytext | Input: SignUp:Role | Conditon:  | @07-May-2021 07:16:39.039
Using @xpath [//select[@formcontrolname="role"]], Object 'Role_DD' Found in 11 ms
[DONE]   | Item/s 'PRINCIPAL' is/are selected from list Role_DD

===================================================================================================

Step:9   | Object: Browser | Action: RandomAlphabetic | Input: RuntimeData:FName | Conditon: %FirstName% | @07-May-2021 07:16:39.039
lqrjw
Adding to runTimeVars %FirstName%:lqrjw
[PASS]   | lqrjw generated successfully

===================================================================================================

Step:10  | Object: Browser | Action: RandomAlphabetic | Input: RuntimeData:LName | Conditon: %LastName% | @07-May-2021 07:16:40.040
fxuxk
Adding to runTimeVars %LastName%:fxuxk
[PASS]   | fxuxk generated successfully

===================================================================================================

Step:11  | Object: Browser | Action: storeVariableInDataSheet | Input: RuntimeData:FName | Conditon: %FirstName% | @07-May-2021 07:16:41.041
Getting runTimeVar %FirstName%
%FirstName%
Getting runTimeVar %FirstName%
[DONE]   | Value of variable %FirstName% has been stored into the data sheet

===================================================================================================

Step:12  | Object: Browser | Action: storeVariableInDataSheet | Input: RuntimeData:LName | Conditon: %LastName% | @07-May-2021 07:16:41.041
Getting runTimeVar %LastName%
%LastName%
Getting runTimeVar %LastName%
[DONE]   | Value of variable %LastName% has been stored into the data sheet

===================================================================================================

Step:13  | Object: FirstName_TB | Action: PSIC_Set | Input: RuntimeData:FName | Conditon:  | @07-May-2021 07:16:41.041
Using @xpath [//*[@formcontrolname="firstName"]], Object 'FirstName_TB' Found in 11 ms
[DONE]   | Entered Text 'lqrjw' on 'FirstName_TB'

===================================================================================================

Step:14  | Object: LastName_TB | Action: PSIC_Set | Input: RuntimeData:LName | Conditon:  | @07-May-2021 07:16:41.041
Using @xpath [//*[@formcontrolname="lastName"]], Object 'LastName_TB' Found in 14 ms
[DONE]   | Entered Text 'fxuxk' on 'LastName_TB'

===================================================================================================

Step:15  | Object: EmailAddress_TB | Action: PSIC_Set | Input: SignUp:Email | Conditon:  | @07-May-2021 07:16:41.041
Using @xpath [//*[@formcontrolname="email"]], Object 'EmailAddress_TB' Found in 12 ms
[DONE]   | Entered Text 'pacificspeciality@outlook.com' on 'EmailAddress_TB'

===================================================================================================

Step:16  | Object: Phone_Office | Action: PSIC_Set | Input: SignUp:Phone_office | Conditon:  | @07-May-2021 07:16:41.041
Using @xpath [//*[@formcontrolname="officePhone"]], Object 'Phone_Office' Found in 11 ms
[DONE]   | Entered Text '9566274235' on 'Phone_Office'

===================================================================================================

Step:17  | Object: Phone_Cell | Action: PSIC_Set | Input: SignUp:Phone_cell | Conditon:  | @07-May-2021 07:16:42.042
Using @xpath [//*[@formcontrolname="cellPhone"]], Object 'Phone_Cell' Found in 10 ms
[DONE]   | Entered Text '9566274235' on 'Phone_Cell'

===================================================================================================

Step:18  | Object: Browser | Action: Random_Alphanumeric | Input: RuntimeData:UserID | Conditon: %UserID% | @07-May-2021 07:16:42.042
b49HZJFj
Adding to runTimeVars %UserID%:b49HZJFj
[PASS]   | b49HZJFj generated successfully

===================================================================================================

Step:19  | Object: Browser | Action: storeVariableInDataSheet | Input: RuntimeData:UserID | Conditon: %UserID% | @07-May-2021 07:16:43.043
Getting runTimeVar %UserID%
%UserID%
Getting runTimeVar %UserID%
[DONE]   | Value of variable %UserID% has been stored into the data sheet

===================================================================================================

Step:20  | Object: UserID | Action: PSIC_Set | Input: RuntimeData:UserID | Conditon: %UserID% | @07-May-2021 07:16:43.043
Using @xpath [//*[@formcontrolname="userID"]], Object 'UserID' Found in 14 ms
[DONE]   | Entered Text 'b49HZJFj' on 'UserID'

===================================================================================================

Step:21  | Object: Password | Action: PSIC_SetDecrypt | Input: SignUp:Confirm_Password | Conditon:  | @07-May-2021 07:16:44.044
Using @xpath [//*[@formcontrolname="password"]], Object 'Password' Found in 11 ms
[DONE]   | Entered Text '********' on 'Password'

===================================================================================================

Step:22  | Object: Confirm_Password | Action: PSIC_SetDecrypt | Input: SignUp:Confirm_Password | Conditon:  | @07-May-2021 07:16:44.044
Using @xpath [//*[@formcontrolname="confirmPassword"]], Object 'Confirm_Password' Found in 12 ms
[DONE]   | Entered Text '********' on 'Confirm_Password'

===================================================================================================

Step:23  | Object: Browser | Action: scrollToBottom | Input:  | Conditon:  | @07-May-2021 07:16:44.044
[DONE]   | Browser Scrolled to []

===================================================================================================

Step:1   | Object: Browser | Action: switchToFrameByIndex | Input: @0 | Conditon:  | @07-May-2021 07:16:44.044
[DONE]   | Webdriver switched to new frame by index[0]

===================================================================================================

Step:2   | Object: Recaptcha_Checkbox | Action: clickByJS | Input:  | Conditon:  | @07-May-2021 07:16:44.044
Using @xpath [//div[@class="recaptcha-checkbox-border"]], Object 'Recaptcha_Checkbox' Found in 13 ms
[DONE]   | Clicked on Recaptcha_Checkbox

===================================================================================================

Step:3   | Object: Browser | Action: takeScreenshot | Input:  | Conditon:  | @07-May-2021 07:16:44.044
[PASS]   | Screenshot is taken

===================================================================================================

Step:25  | Object: Browser | Action: pause | Input: @5000 | Conditon:  | @07-May-2021 07:16:46.046
[DONE]   | Thread sleep for '5000

===================================================================================================

Step:26  | Object: Browser | Action: switchToDefaultContent | Input:  | Conditon:  | @07-May-2021 07:16:51.051
[DONE]   | Webdriver switched to default content

===================================================================================================

Step:27  | Object: Submit_BTN | Action: clickByJS | Input:  | Conditon:  | @07-May-2021 07:16:51.051
Using @xpath [//*[@type='button' and text()=' Submit ']], Object 'Submit_BTN' Found in 10 ms
[DONE]   | Clicked on Submit_BTN

===================================================================================================

Step:28  | Object: Browser | Action: pause | Input: @5000 | Conditon:  | @07-May-2021 07:16:52.052
[DONE]   | Thread sleep for '5000

===================================================================================================

Step:29  | Object: Browser | Action: takeScreenshot | Input:  | Conditon:  | @07-May-2021 07:16:57.057
[PASS]   | Screenshot is taken

===================================================================================================

Step:30  | Object: ApprovalPending_Txt | Action: verifyElementDisplayed | Input:  | Conditon:  | @07-May-2021 07:16:57.057
Using @xpath [//*[text()='Approval Pending!']], Object 'ApprovalPending_Txt' Found in 10 ms
[PASS]   | Element [ApprovalPending_Txt] is Displayed

===================================================================================================

Step:31  | Object: ApprovalPending_Msg | Action: verifyElementDisplayed | Input:  | Conditon:  | @07-May-2021 07:16:58.058
Using @xpath [//div[contains(text(),'Your account is pending for an approval with a Principal/Manager.')]], Object 'ApprovalPending_Msg' Found in 10 ms
[PASS]   | Element [ApprovalPending_Msg] is Displayed

===================================================================================================

Step:32  | Object: OK_BTN | Action: Click | Input:  | Conditon:  | @07-May-2021 07:16:59.059
Using @xpath [(//button[contains(text(),'OK')])[3]], Object 'OK_BTN' Found in 10 ms
[DONE]   | Clicking on OK_BTN

===================================================================================================

Step:33  | Object: Browser | Action: takeScreenshot | Input:  | Conditon:  | @07-May-2021 07:17:05.005
[PASS]   | Screenshot is taken

===================================================================================================

Step:1   | Object: Browser | Action: Open | Input: DIM_Login:URL | Conditon:  | @07-May-2021 07:17:10.010
[DONE]   | Opened Url: https://test.psicdemo.com/psic/signin

===================================================================================================

Step:2   | Object: Browser | Action: setElementTimeOut | Input: @200 | Conditon:  | @07-May-2021 07:17:11.011
[DONE]   | Element Wait time changed to 200 second/s

===================================================================================================

Step:3   | Object: UserLogin_TXT | Action: verifyElementDisplayed | Input:  | Conditon:  | @07-May-2021 07:17:11.011
Using @xpath [//*[@class='okta-form-title o-form-head' and text()='USER LOGIN']], Object 'UserLogin_TXT' Found in 16 ms
[PASS]   | Element [UserLogin_TXT] is Displayed

===================================================================================================

Step:4   | Object: UserName_TB | Action: PSIC_Set | Input: DIM_Login:Username | Conditon:  | @07-May-2021 07:17:13.013
Using @xpath [//input[@id="okta-signin-username"]], Object 'UserName_TB' Found in 11 ms
[DONE]   | Entered Text 'TESTUSR1' on 'UserName_TB'

===================================================================================================

Step:5   | Object: Password_TB | Action: PSIC_SetDecrypt | Input: DIM_Login:Password | Conditon:  | @07-May-2021 07:17:13.013
Using @xpath [//input[@id="okta-signin-password"]], Object 'Password_TB' Found in 12 ms
[DONE]   | Entered Text '********' on 'Password_TB'

===================================================================================================

Step:6   | Object: Login_BTN | Action: Click | Input:  | Conditon:  | @07-May-2021 07:17:14.014
Using @xpath [//input[@id="okta-signin-submit"]], Object 'Login_BTN' Found in 10 ms
[DONE]   | Clicking on Login_BTN

===================================================================================================

Step:7   | Object: Browser | Action: setElementTimeOut | Input: @10 | Conditon:  | @07-May-2021 07:17:14.014
[DONE]   | Element Wait time changed to 10 second/s

===================================================================================================

Step:8   | Object: Browser | Action: pause | Input: @2000 | Conditon:  | @07-May-2021 07:17:14.014
[DONE]   | Thread sleep for '2000

===================================================================================================

Step:9   | Object: Browser | Action: takeScreenshot | Input:  | Conditon:  | @07-May-2021 07:17:16.016
[PASS]   | Screenshot is taken

===================================================================================================

Step:10  | Object: Welcome_TXT | Action: verifyElementDisplayed | Input:  | Conditon:  | @07-May-2021 07:17:18.018
Using @xpath [//*[contains(text(),' Welcome')]], Object 'Welcome_TXT' Found in 11 ms
[PASS]   | Element [Welcome_TXT] is Displayed

===================================================================================================

Step:11  | Object: Browser | Action: takeScreenshot | Input:  | Conditon:  | @07-May-2021 07:17:19.019
[PASS]   | Screenshot is taken

===================================================================================================

Step:12  | Object: Welcome_TXT | Action: verifyElementDisplayed | Input:  | Conditon:  | @07-May-2021 07:17:21.021
Using @xpath [//*[contains(text(),' Welcome')]], Object 'Welcome_TXT' Found in 7 ms
[PASS]   | Element [Welcome_TXT] is Displayed

===================================================================================================

Step:1   | Object: Profile_Icon | Action: Click | Input:  | Conditon:  | @07-May-2021 07:17:22.022
Using @xpath [//*[@class="user-icon"]], Object 'Profile_Icon' Found in 10 ms
[DONE]   | Clicking on Profile_Icon

===================================================================================================

Step:2   | Object: Browser | Action: pause | Input: @3000 | Conditon:  | @07-May-2021 07:17:22.022
[DONE]   | Thread sleep for '3000

===================================================================================================

Step:3   | Object: UserMgmt_Link | Action: Click | Input:  | Conditon:  | @07-May-2021 07:17:25.025
Using @xpath [//span[text()=' User Management ']], Object 'UserMgmt_Link' Found in 11 ms
[DONE]   | Clicking on UserMgmt_Link

===================================================================================================

Step:4   | Object: Browser | Action: pause | Input: @5000 | Conditon:  | @07-May-2021 07:17:25.025
[DONE]   | Thread sleep for '5000

===================================================================================================

Step:5   | Object: Browser | Action: takeScreenshot | Input:  | Conditon:  | @07-May-2021 07:17:30.030
[PASS]   | Screenshot is taken

===================================================================================================

Step:3   | Object: SearchUser | Action: PSIC_Set | Input: RuntimeData:FName | Conditon:  | @07-May-2021 07:17:32.032
Using @xpath [//*[contains(@class,"user-search")]], Object 'SearchUser' Found in 10 ms
[DONE]   | Entered Text 'lqrjw' on 'SearchUser'

===================================================================================================

Step:4   | Object: Browser | Action: sendKeysToWindow | Input: @ENTER | Conditon:  | @07-May-2021 07:17:32.032
[DONE]   | Keys Submitted

===================================================================================================

Step:5   | Object: Browser | Action: setElementTimeOut | Input: @10 | Conditon:  | @07-May-2021 07:17:32.032
[DONE]   | Element Wait time changed to 10 second/s

===================================================================================================

Step:6   | Object: Select_User | Action: clickByJS | Input:  | Conditon:  | @07-May-2021 07:17:32.032
Using @xpath [(//*[@ng-reflect-klass="row"])[1]], Object 'Select_User' Found in 10 ms
[DONE]   | Clicked on Select_User

===================================================================================================

Step:11  | Object: Approve_BTN | Action: Click | Input:  | Conditon:  | @07-May-2021 07:17:32.032
Using @xpath [//button[text()=' Approve ']], Object 'Approve_BTN' Found in 9 ms
[DONE]   | Clicking on Approve_BTN

===================================================================================================

Step:12  | Object: ConfirmRole_Txt | Action: assertElementDisplayed | Input:  | Conditon:  | @07-May-2021 07:17:32.032
Using @xpath [//h5[text()='Confirm Role']], Object 'ConfirmRole_Txt' Found in 10 ms
[PASS]   | Element [ConfirmRole_Txt] is Displayed

===================================================================================================

Step:13  | Object: Confirm_BTN | Action: Click | Input:  | Conditon:  | @07-May-2021 07:17:33.033
Using @xpath [//button[text()=' Confirm ']], Object 'Confirm_BTN' Found in 10 ms
[DONE]   | Clicking on Confirm_BTN

===================================================================================================

Step:14  | Object: ApproveSuccessMsg_Txt | Action: assertElementDisplayed | Input:  | Conditon:  | @07-May-2021 07:17:33.033
Using @xpath [//*[text()='User Successfully Approved']], Object 'ApproveSuccessMsg_Txt' Found in 3568 ms
[PASS]   | Element [ApproveSuccessMsg_Txt] is Displayed

===================================================================================================

Step:15  | Object: Browser | Action: takeScreenshot | Input:  | Conditon:  | @07-May-2021 07:17:38.038
[PASS]   | Screenshot is taken

===================================================================================================

Step:16  | Object: Approve_Close_BTN | Action: Click | Input:  | Conditon:  | @07-May-2021 07:17:39.039
Using @xpath [(//span[@class="close-btn"])[3]], Object 'Approve_Close_BTN' Found in 10 ms
[DONE]   | Clicking on Approve_Close_BTN

===================================================================================================

Step:1   | Object: Profile_Icon | Action: Click | Input:  | Conditon:  | @07-May-2021 07:17:40.040
Using @xpath [//*[@class="user-icon"]], Object 'Profile_Icon' Found in 17 ms
[DONE]   | Clicking on Profile_Icon

===================================================================================================

Step:2   | Object: User_Signout | Action: waitForElementToBePresent | Input:  | Conditon:  | @07-May-2021 07:17:40.040
Using @xpath [//span[contains(text(),'Sign Out')]], Object 'User_Signout' Found in 11 ms
[PASS]   | 'User_Signout' Element Present in the stipulated time

===================================================================================================

Step:3   | Object: User_Signout | Action: Click | Input:  | Conditon:  | @07-May-2021 07:17:41.041
Using @xpath [//span[contains(text(),'Sign Out')]], Object 'User_Signout' Found in 7 ms
[DONE]   | Clicking on User_Signout

===================================================================================================

Step:4   | Object: Browser | Action: pause | Input: @1000 | Conditon:  | @07-May-2021 07:17:41.041
[DONE]   | Thread sleep for '1000

===================================================================================================

Step:5   | Object: Browser | Action: takeScreenshot | Input:  | Conditon:  | @07-May-2021 07:17:42.042
[PASS]   | Screenshot is taken

===================================================================================================

Step:6   | Object: UserLogin_TXT | Action: verifyElementDisplayed | Input:  | Conditon:  | @07-May-2021 07:17:46.046
Using @xpath [//*[@class='okta-form-title o-form-head' and text()='USER LOGIN']], Object 'UserLogin_TXT' Found in 12 ms
[PASS]   | Element [UserLogin_TXT] is Displayed

===================================================================================================

Step:2   | Object: Browser | Action: pause | Input: @900000 | Conditon:  | @07-May-2021 07:17:48.048
[DONE]   | Thread sleep for '900000

===================================================================================================

Step:1   | Object: Browser | Action: Open | Input: DIM_Login:URL | Conditon:  | @07-May-2021 07:32:48.048
[DONE]   | Opened Url: https://test.psicdemo.com/psic/signin

===================================================================================================

Step:2   | Object: Browser | Action: setElementTimeOut | Input: @200 | Conditon:  | @07-May-2021 07:32:53.053
[DONE]   | Element Wait time changed to 200 second/s

===================================================================================================

Step:3   | Object: UserLogin_TXT | Action: verifyElementDisplayed | Input:  | Conditon:  | @07-May-2021 07:32:53.053
Using @xpath [//*[@class='okta-form-title o-form-head' and text()='USER LOGIN']], Object 'UserLogin_TXT' Found in 2050 ms
[PASS]   | Element [UserLogin_TXT] is Displayed

===================================================================================================

Step:4   | Object: UserName_TB | Action: PSIC_Set | Input: RuntimeData:UserID | Conditon:  | @07-May-2021 07:32:57.057
Using @xpath [//input[@id="okta-signin-username"]], Object 'UserName_TB' Found in 12 ms
[DONE]   | Entered Text 'b49HZJFj' on 'UserName_TB'

===================================================================================================

Step:5   | Object: Password_TB | Action: PSIC_SetDecrypt | Input: SignUp:Confirm_Password | Conditon:  | @07-May-2021 07:32:58.058
Using @xpath [//input[@id="okta-signin-password"]], Object 'Password_TB' Found in 10 ms
[DONE]   | Entered Text '********' on 'Password_TB'

===================================================================================================

Step:6   | Object: Login_BTN | Action: Click | Input:  | Conditon:  | @07-May-2021 07:32:58.058
Using @xpath [//input[@id="okta-signin-submit"]], Object 'Login_BTN' Found in 10 ms
[DONE]   | Clicking on Login_BTN

===================================================================================================

Step:7   | Object: Browser | Action: setElementTimeOut | Input: @10 | Conditon:  | @07-May-2021 07:32:58.058
[DONE]   | Element Wait time changed to 10 second/s

===================================================================================================

Step:8   | Object: Browser | Action: pause | Input: @2000 | Conditon:  | @07-May-2021 07:32:58.058
[DONE]   | Thread sleep for '2000

===================================================================================================

Step:9   | Object: Browser | Action: takeScreenshot | Input:  | Conditon:  | @07-May-2021 07:33:00.000
[PASS]   | Screenshot is taken

===================================================================================================

Step:10  | Object: Welcome_TXT | Action: verifyElementDisplayed | Input:  | Conditon:  | @07-May-2021 07:33:02.002
2021-05-07 07:33:12:05S -0700 [OFF ] com.cognizant.cognizantits.engine.drivers.AutomationObject getElements:null
org.openqa.selenium.TimeoutException: Expected condition failed: waiting for com.cognizant.cognizantits.engine.drivers.AutomationObject$$Lambda$679/0x0000000100843440@b5d9e50 (tried for 10 second(s) with 500 milliseconds interval)
Build info: version: '3.141.59', revision: 'e82be7d358', time: '2018-11-14T08:17:03'
System info: host: 'a-3r8gwg1klqwgb', ip: '10.10.111.189', os.name: 'Linux', os.arch: 'amd64', os.version: '4.14.231-173.360.amzn2.x86_64', java.version: '11.0.11'
Driver info: org.openqa.selenium.chrome.ChromeDriver
Capabilities {acceptInsecureCerts: false, browserName: chrome, browserVersion: 90.0.4430.93, chrome: {chromedriverVersion: 89.0.4389.23 (61b08ee2c5002..., userDataDir: /tmp/.com.google.Chrome.FObdcI}, goog:chromeOptions: {debuggerAddress: localhost:38039}, javascriptEnabled: true, networkConnectionEnabled: false, pageLoadStrategy: normal, platform: LINUX, platformName: LINUX, proxy: Proxy(), setWindowRect: true, strictFileInteractability: false, timeouts: {implicit: 0, pageLoad: 300000, script: 30000}, unhandledPromptBehavior: dismiss and notify, webauthn:extension:largeBlob: true, webauthn:virtualAuthenticators: true}
Session ID: 77963cca48909ac260c1929fd78fcc14
	at org.openqa.selenium.support.ui.WebDriverWait.timeoutException(WebDriverWait.java:95)
	at org.openqa.selenium.support.ui.FluentWait.until(FluentWait.java:272)
	at com.cognizant.cognizantits.engine.drivers.AutomationObject.getElements(AutomationObject.java:303)
	at com.cognizant.cognizantits.engine.drivers.AutomationObject.getWElements(AutomationObject.java:255)
	at com.cognizant.cognizantits.engine.drivers.AutomationObject.findElements(AutomationObject.java:242)
	at com.cognizant.cognizantits.engine.drivers.AutomationObject.findElement(AutomationObject.java:118)
	at com.cognizant.cognizantits.engine.drivers.AutomationObject.findElement(AutomationObject.java:111)
	at com.cognizant.cognizantits.engine.core.CommandControl.sync(CommandControl.java:94)
	at com.cognizant.cognizantits.engine.core.CommandControl.sync(CommandControl.java:173)
	at com.cognizant.cognizantits.engine.execution.run.TestStepRunner.executeStep(TestStepRunner.java:160)
	at com.cognizant.cognizantits.engine.execution.run.TestStepRunner.executeStep(TestStepRunner.java:147)
	at com.cognizant.cognizantits.engine.execution.run.TestStepRunner.run(TestStepRunner.java:66)
	at com.cognizant.cognizantits.engine.execution.run.TestCaseRunner.runStep(TestCaseRunner.java:395)
	at com.cognizant.cognizantits.engine.execution.run.TestCaseRunner.run(TestCaseRunner.java:346)
	at com.cognizant.cognizantits.engine.execution.run.TestCaseRunner.run(TestCaseRunner.java:387)
	at com.cognizant.cognizantits.engine.execution.run.TestStepRunner.executeTestCase(TestStepRunner.java:137)
	at com.cognizant.cognizantits.engine.execution.run.TestStepRunner.execute(TestStepRunner.java:118)
	at com.cognizant.cognizantits.engine.execution.run.TestStepRunner.run(TestStepRunner.java:63)
	at com.cognizant.cognizantits.engine.execution.run.TestCaseRunner.runStep(TestCaseRunner.java:395)
	at com.cognizant.cognizantits.engine.execution.run.TestCaseRunner.run(TestCaseRunner.java:346)
	at com.cognizant.cognizantits.engine.core.Task.runIteration(Task.java:130)
	at com.cognizant.cognizantits.engine.core.Task.run(Task.java:85)
	at java.base/java.util.concurrent.ThreadPoolExecutor.runWorker(ThreadPoolExecutor.java:1128)
	at java.base/java.util.concurrent.ThreadPoolExecutor$Worker.run(ThreadPoolExecutor.java:628)
	at java.base/java.lang.Thread.run(Thread.java:829)

Couldn't find Object 'Welcome_TXT' in stipulated Time '10' Seconds
[FAIL]   | Seems Like the Element [Welcome_TXT] is Not Present/Found in the page Try Adding wait or heal it

===================================================================================================

2021-05-07 07:33:14:05S -0700 [SEVERE] com.cognizant.cognizantits.engine.execution.run.TestCaseRunner onRuntimeException:Seems Like the Element [Welcome_TXT] is Not Present/Found in the page Try Adding wait or heal it
com.cognizant.cognizantits.engine.execution.exception.element.ElementException: Seems Like the Element [Welcome_TXT] is Not Present/Found in the page Try Adding wait or heal it
	at com.cognizant.cognizantits.engine.commands.General.elementDisplayed(General.java:57)
	at com.cognizant.cognizantits.engine.commands.VerifyElement.verifyElementDisplayed(VerifyElement.java:66)
	at com.cognizant.cognizantits.engine.support.reflect.MethodExecutor.executeMethod(MethodExecutor.java:39)
	at com.cognizant.cognizantits.engine.execution.run.TestStepRunner.executeAction(TestStepRunner.java:165)
	at com.cognizant.cognizantits.engine.execution.run.TestStepRunner.executeStep(TestStepRunner.java:161)
	at com.cognizant.cognizantits.engine.execution.run.TestStepRunner.executeStep(TestStepRunner.java:147)
	at com.cognizant.cognizantits.engine.execution.run.TestStepRunner.run(TestStepRunner.java:66)
	at com.cognizant.cognizantits.engine.execution.run.TestCaseRunner.runStep(TestCaseRunner.java:395)
	at com.cognizant.cognizantits.engine.execution.run.TestCaseRunner.run(TestCaseRunner.java:346)
	at com.cognizant.cognizantits.engine.execution.run.TestCaseRunner.run(TestCaseRunner.java:387)
	at com.cognizant.cognizantits.engine.execution.run.TestStepRunner.executeTestCase(TestStepRunner.java:137)
	at com.cognizant.cognizantits.engine.execution.run.TestStepRunner.execute(TestStepRunner.java:118)
	at com.cognizant.cognizantits.engine.execution.run.TestStepRunner.run(TestStepRunner.java:63)
	at com.cognizant.cognizantits.engine.execution.run.TestCaseRunner.runStep(TestCaseRunner.java:395)
	at com.cognizant.cognizantits.engine.execution.run.TestCaseRunner.run(TestCaseRunner.java:346)
	at com.cognizant.cognizantits.engine.core.Task.runIteration(Task.java:130)
	at com.cognizant.cognizantits.engine.core.Task.run(Task.java:85)
	at java.base/java.util.concurrent.ThreadPoolExecutor.runWorker(ThreadPoolExecutor.java:1128)
	at java.base/java.util.concurrent.ThreadPoolExecutor$Worker.run(ThreadPoolExecutor.java:628)
	at java.base/java.lang.Thread.run(Thread.java:829)

Step:11  | Object: Browser | Action: takeScreenshot | Input:  | Conditon:  | @07-May-2021 07:33:14.014
[PASS]   | Screenshot is taken

===================================================================================================

Step:12  | Object: Welcome_TXT | Action: verifyElementDisplayed | Input:  | Conditon:  | @07-May-2021 07:33:16.016
2021-05-07 07:33:26:05S -0700 [OFF ] com.cognizant.cognizantits.engine.drivers.AutomationObject getElements:null
org.openqa.selenium.TimeoutException: Expected condition failed: waiting for com.cognizant.cognizantits.engine.drivers.AutomationObject$$Lambda$679/0x0000000100843440@2f53d727 (tried for 10 second(s) with 500 milliseconds interval)
Build info: version: '3.141.59', revision: 'e82be7d358', time: '2018-11-14T08:17:03'
System info: host: 'a-3r8gwg1klqwgb', ip: '10.10.111.189', os.name: 'Linux', os.arch: 'amd64', os.version: '4.14.231-173.360.amzn2.x86_64', java.version: '11.0.11'
Driver info: org.openqa.selenium.chrome.ChromeDriver
Capabilities {acceptInsecureCerts: false, browserName: chrome, browserVersion: 90.0.4430.93, chrome: {chromedriverVersion: 89.0.4389.23 (61b08ee2c5002..., userDataDir: /tmp/.com.google.Chrome.FObdcI}, goog:chromeOptions: {debuggerAddress: localhost:38039}, javascriptEnabled: true, networkConnectionEnabled: false, pageLoadStrategy: normal, platform: LINUX, platformName: LINUX, proxy: Proxy(), setWindowRect: true, strictFileInteractability: false, timeouts: {implicit: 0, pageLoad: 300000, script: 30000}, unhandledPromptBehavior: dismiss and notify, webauthn:extension:largeBlob: true, webauthn:virtualAuthenticators: true}
Session ID: 77963cca48909ac260c1929fd78fcc14
	at org.openqa.selenium.support.ui.WebDriverWait.timeoutException(WebDriverWait.java:95)
	at org.openqa.selenium.support.ui.FluentWait.until(FluentWait.java:272)
	at com.cognizant.cognizantits.engine.drivers.AutomationObject.getElements(AutomationObject.java:303)
	at com.cognizant.cognizantits.engine.drivers.AutomationObject.getWElements(AutomationObject.java:255)
	at com.cognizant.cognizantits.engine.drivers.AutomationObject.findElements(AutomationObject.java:242)
	at com.cognizant.cognizantits.engine.drivers.AutomationObject.findElement(AutomationObject.java:118)
	at com.cognizant.cognizantits.engine.drivers.AutomationObject.findElement(AutomationObject.java:111)
	at com.cognizant.cognizantits.engine.core.CommandControl.sync(CommandControl.java:94)
	at com.cognizant.cognizantits.engine.core.CommandControl.sync(CommandControl.java:173)
	at com.cognizant.cognizantits.engine.execution.run.TestStepRunner.executeStep(TestStepRunner.java:160)
	at com.cognizant.cognizantits.engine.execution.run.TestStepRunner.executeStep(TestStepRunner.java:147)
	at com.cognizant.cognizantits.engine.execution.run.TestStepRunner.run(TestStepRunner.java:66)
	at com.cognizant.cognizantits.engine.execution.run.TestCaseRunner.runStep(TestCaseRunner.java:395)
	at com.cognizant.cognizantits.engine.execution.run.TestCaseRunner.run(TestCaseRunner.java:346)
	at com.cognizant.cognizantits.engine.execution.run.TestCaseRunner.run(TestCaseRunner.java:387)
	at com.cognizant.cognizantits.engine.execution.run.TestStepRunner.executeTestCase(TestStepRunner.java:137)
	at com.cognizant.cognizantits.engine.execution.run.TestStepRunner.execute(TestStepRunner.java:118)
	at com.cognizant.cognizantits.engine.execution.run.TestStepRunner.run(TestStepRunner.java:63)
	at com.cognizant.cognizantits.engine.execution.run.TestCaseRunner.runStep(TestCaseRunner.java:395)
	at com.cognizant.cognizantits.engine.execution.run.TestCaseRunner.run(TestCaseRunner.java:346)
	at com.cognizant.cognizantits.engine.core.Task.runIteration(Task.java:130)
	at com.cognizant.cognizantits.engine.core.Task.run(Task.java:85)
	at java.base/java.util.concurrent.ThreadPoolExecutor.runWorker(ThreadPoolExecutor.java:1128)
	at java.base/java.util.concurrent.ThreadPoolExecutor$Worker.run(ThreadPoolExecutor.java:628)
	at java.base/java.lang.Thread.run(Thread.java:829)

Couldn't find Object 'Welcome_TXT' in stipulated Time '10' Seconds
[FAIL]   | Seems Like the Element [Welcome_TXT] is Not Present/Found in the page Try Adding wait or heal it

===================================================================================================

2021-05-07 07:33:28:05S -0700 [SEVERE] com.cognizant.cognizantits.engine.reporting.util.ReportUtils takeScreenshot:null
java.lang.RuntimeException: Error making screenshot
	at com.cognizant.cognizantits.engine.drivers.SeleniumDriver.createNewScreenshot(SeleniumDriver.java:186)
	at com.cognizant.cognizantits.engine.drivers.SeleniumDriver.createScreenShot(SeleniumDriver.java:164)
	at com.cognizant.cognizantits.engine.reporting.util.ReportUtils.takeScreenshot(ReportUtils.java:86)
	at com.cognizant.cognizantits.engine.reporting.impl.html.HtmlTestCaseHandler.takeSSAndPutDetail(HtmlTestCaseHandler.java:288)
	at com.cognizant.cognizantits.engine.reporting.impl.html.HtmlTestCaseHandler.takeScreenShot(HtmlTestCaseHandler.java:249)
	at com.cognizant.cognizantits.engine.reporting.impl.html.HtmlTestCaseHandler.putStatus(HtmlTestCaseHandler.java:226)
	at com.cognizant.cognizantits.engine.reporting.impl.html.HtmlTestCaseHandler.updateTestLog(HtmlTestCaseHandler.java:115)
	at com.cognizant.cognizantits.engine.reporting.TestCaseReport.updateTestLog(TestCaseReport.java:134)
	at com.cognizant.cognizantits.engine.reporting.TestCaseReport.updateTestLog(TestCaseReport.java:105)
	at com.cognizant.cognizantits.engine.execution.run.TestCaseRunner.lambda$0(TestCaseRunner.java:327)
	at java.base/java.util.Optional.ifPresent(Optional.java:183)
	at com.cognizant.cognizantits.engine.execution.run.TestCaseRunner.reportOnError(TestCaseRunner.java:326)
	at com.cognizant.cognizantits.engine.execution.run.TestCaseRunner.onRuntimeException(TestCaseRunner.java:290)
	at com.cognizant.cognizantits.engine.execution.run.TestCaseRunner.run(TestCaseRunner.java:365)
	at com.cognizant.cognizantits.engine.execution.run.TestCaseRunner.run(TestCaseRunner.java:387)
	at com.cognizant.cognizantits.engine.execution.run.TestStepRunner.executeTestCase(TestStepRunner.java:137)
	at com.cognizant.cognizantits.engine.execution.run.TestStepRunner.execute(TestStepRunner.java:118)
	at com.cognizant.cognizantits.engine.execution.run.TestStepRunner.run(TestStepRunner.java:63)
	at com.cognizant.cognizantits.engine.execution.run.TestCaseRunner.runStep(TestCaseRunner.java:395)
	at com.cognizant.cognizantits.engine.execution.run.TestCaseRunner.run(TestCaseRunner.java:346)
	at com.cognizant.cognizantits.engine.core.Task.runIteration(Task.java:130)
	at com.cognizant.cognizantits.engine.core.Task.run(Task.java:85)
	at java.base/java.util.concurrent.ThreadPoolExecutor.runWorker(ThreadPoolExecutor.java:1128)
	at java.base/java.util.concurrent.ThreadPoolExecutor$Worker.run(ThreadPoolExecutor.java:628)
	at java.base/java.lang.Thread.run(Thread.java:829)
Caused by: org.openqa.selenium.WebDriverException: chrome not reachable
  (Session info: chrome=90.0.4430.93)
Build info: version: '3.141.59', revision: 'e82be7d358', time: '2018-11-14T08:17:03'
System info: host: 'a-3r8gwg1klqwgb', ip: '10.10.111.189', os.name: 'Linux', os.arch: 'amd64', os.version: '4.14.231-173.360.amzn2.x86_64', java.version: '11.0.11'
Driver info: org.openqa.selenium.chrome.ChromeDriver
Capabilities {acceptInsecureCerts: false, browserName: chrome, browserVersion: 90.0.4430.93, chrome: {chromedriverVersion: 89.0.4389.23 (61b08ee2c5002..., userDataDir: /tmp/.com.google.Chrome.FObdcI}, goog:chromeOptions: {debuggerAddress: localhost:38039}, javascriptEnabled: true, networkConnectionEnabled: false, pageLoadStrategy: normal, platform: LINUX, platformName: LINUX, proxy: Proxy(), setWindowRect: true, strictFileInteractability: false, timeouts: {implicit: 0, pageLoad: 300000, script: 30000}, unhandledPromptBehavior: dismiss and notify, webauthn:extension:largeBlob: true, webauthn:virtualAuthenticators: true}
Session ID: 77963cca48909ac260c1929fd78fcc14
	at java.base/jdk.internal.reflect.NativeConstructorAccessorImpl.newInstance0(Native Method)
	at java.base/jdk.internal.reflect.NativeConstructorAccessorImpl.newInstance(NativeConstructorAccessorImpl.java:62)
	at java.base/jdk.internal.reflect.DelegatingConstructorAccessorImpl.newInstance(DelegatingConstructorAccessorImpl.java:45)
	at java.base/java.lang.reflect.Constructor.newInstance(Constructor.java:490)
	at org.openqa.selenium.remote.http.W3CHttpResponseCodec.createException(W3CHttpResponseCodec.java:187)
	at org.openqa.selenium.remote.http.W3CHttpResponseCodec.decode(W3CHttpResponseCodec.java:122)
	at org.openqa.selenium.remote.http.W3CHttpResponseCodec.decode(W3CHttpResponseCodec.java:49)
	at org.openqa.selenium.remote.HttpCommandExecutor.execute(HttpCommandExecutor.java:158)
	at org.openqa.selenium.remote.service.DriverCommandExecutor.execute(DriverCommandExecutor.java:83)
	at org.openqa.selenium.remote.RemoteWebDriver.execute(RemoteWebDriver.java:552)
	at org.openqa.selenium.remote.RemoteWebDriver.executeScript(RemoteWebDriver.java:489)
	at com.galenframework.utils.GalenUtils.makeFullScreenshot(GalenUtils.java:118)
	at com.cognizant.cognizantits.engine.drivers.SeleniumDriver.getScreenShotFromGalen(SeleniumDriver.java:197)
	at com.cognizant.cognizantits.engine.drivers.SeleniumDriver.createNewScreenshot(SeleniumDriver.java:183)
	... 24 more

2021-05-07 07:33:28:05S -0700 [SEVERE] com.cognizant.cognizantits.engine.execution.run.TestCaseRunner onRuntimeException:Seems Like the Element [Welcome_TXT] is Not Present/Found in the page Try Adding wait or heal it
com.cognizant.cognizantits.engine.execution.exception.element.ElementException: Seems Like the Element [Welcome_TXT] is Not Present/Found in the page Try Adding wait or heal it
	at com.cognizant.cognizantits.engine.commands.General.elementDisplayed(General.java:57)
	at com.cognizant.cognizantits.engine.commands.VerifyElement.verifyElementDisplayed(VerifyElement.java:66)
	at com.cognizant.cognizantits.engine.support.reflect.MethodExecutor.executeMethod(MethodExecutor.java:39)
	at com.cognizant.cognizantits.engine.execution.run.TestStepRunner.executeAction(TestStepRunner.java:165)
	at com.cognizant.cognizantits.engine.execution.run.TestStepRunner.executeStep(TestStepRunner.java:161)
	at com.cognizant.cognizantits.engine.execution.run.TestStepRunner.executeStep(TestStepRunner.java:147)
	at com.cognizant.cognizantits.engine.execution.run.TestStepRunner.run(TestStepRunner.java:66)
	at com.cognizant.cognizantits.engine.execution.run.TestCaseRunner.runStep(TestCaseRunner.java:395)
	at com.cognizant.cognizantits.engine.execution.run.TestCaseRunner.run(TestCaseRunner.java:346)
	at com.cognizant.cognizantits.engine.execution.run.TestCaseRunner.run(TestCaseRunner.java:387)
	at com.cognizant.cognizantits.engine.execution.run.TestStepRunner.executeTestCase(TestStepRunner.java:137)
	at com.cognizant.cognizantits.engine.execution.run.TestStepRunner.execute(TestStepRunner.java:118)
	at com.cognizant.cognizantits.engine.execution.run.TestStepRunner.run(TestStepRunner.java:63)
	at com.cognizant.cognizantits.engine.execution.run.TestCaseRunner.runStep(TestCaseRunner.java:395)
	at com.cognizant.cognizantits.engine.execution.run.TestCaseRunner.run(TestCaseRunner.java:346)
	at com.cognizant.cognizantits.engine.core.Task.runIteration(Task.java:130)
	at com.cognizant.cognizantits.engine.core.Task.run(Task.java:85)
	at java.base/java.util.concurrent.ThreadPoolExecutor.runWorker(ThreadPoolExecutor.java:1128)
	at java.base/java.util.concurrent.ThreadPoolExecutor$Worker.run(ThreadPoolExecutor.java:628)
	at java.base/java.lang.Thread.run(Thread.java:829)

Step:1   | Object: Profile_Icon | Action: Click | Input:  | Conditon:  | @07-May-2021 07:33:28.028
2021-05-07 07:33:28:05S -0700 [SEVERE] com.cognizant.cognizantits.engine.core.Task runIteration:Driver Chrome Closed / Could not be reached
com.cognizant.cognizantits.engine.execution.exception.DriverClosedException: Driver Chrome Closed / Could not be reached
	at com.cognizant.cognizantits.engine.drivers.SeleniumDriver.isAlive(SeleniumDriver.java:148)
	at com.cognizant.cognizantits.engine.core.CommandControl.canIFindElement(CommandControl.java:107)
	at com.cognizant.cognizantits.engine.core.CommandControl.sync(CommandControl.java:93)
	at com.cognizant.cognizantits.engine.core.CommandControl.sync(CommandControl.java:173)
	at com.cognizant.cognizantits.engine.execution.run.TestStepRunner.executeStep(TestStepRunner.java:160)
	at com.cognizant.cognizantits.engine.execution.run.TestStepRunner.executeStep(TestStepRunner.java:147)
	at com.cognizant.cognizantits.engine.execution.run.TestStepRunner.run(TestStepRunner.java:66)
	at com.cognizant.cognizantits.engine.execution.run.TestCaseRunner.runStep(TestCaseRunner.java:395)
	at com.cognizant.cognizantits.engine.execution.run.TestCaseRunner.run(TestCaseRunner.java:346)
	at com.cognizant.cognizantits.engine.execution.run.TestCaseRunner.run(TestCaseRunner.java:387)
	at com.cognizant.cognizantits.engine.execution.run.TestStepRunner.executeTestCase(TestStepRunner.java:137)
	at com.cognizant.cognizantits.engine.execution.run.TestStepRunner.execute(TestStepRunner.java:118)
	at com.cognizant.cognizantits.engine.execution.run.TestStepRunner.run(TestStepRunner.java:63)
	at com.cognizant.cognizantits.engine.execution.run.TestCaseRunner.runStep(TestCaseRunner.java:395)
	at com.cognizant.cognizantits.engine.execution.run.TestCaseRunner.run(TestCaseRunner.java:346)
	at com.cognizant.cognizantits.engine.core.Task.runIteration(Task.java:130)
	at com.cognizant.cognizantits.engine.core.Task.run(Task.java:85)
	at java.base/java.util.concurrent.ThreadPoolExecutor.runWorker(ThreadPoolExecutor.java:1128)
	at java.base/java.util.concurrent.ThreadPoolExecutor$Worker.run(ThreadPoolExecutor.java:628)
	at java.base/java.lang.Thread.run(Thread.java:829)

[FAIL]   | Driver Chrome Closed / Could not be reached

===================================================================================================


---------------------------------------------------
Testcase Name        : TEST_DIM_Scenarios:1.Setup_eMail_MFA
Executed Steps       : 80
Passed Steps         : 77
Failed Steps         : 3
Time Taken           : 00:17:07
-----------------------------------------------------

Run Finished on Fri May 07 07:33:28 PDT 2021
-----------------------------------------------------
ExecutionDate        : 07-May-2021 07-16-20
Executed TestCases   : 1
Passed TestCases     : 0
Failed TestCases     : 1
Time Taken           : 00:17:07
ReportPath           : file:////home/ab773031t/Documents/cognizant-intelligent-test-scripter-1.4/Projects/PSIC_Digital_DIM/Results/TestExecution/TEST_Regression/DIM_Scenarios/07-May-2021 07-16-20/summary.html
-----------------------------------------------------
