Run Information
========================
cognizant.intelligent.test.scripter.engine : ${project.version}
java.runtime.name    : OpenJDK Runtime Environment
java.version         : 11.0.11
java.home            : /usr/lib/jvm/java-11-amazon-corretto.x86_64
os.name              : Linux
os.arch              : amd64
os.version           : 4.14.231-173.360.amzn2.x86_64
file.encoding        : UTF-8
========================
Run Started on Fri May 07 07:13:36 PDT 2021
Loading Browser Profile
Loading RunManager
[Scenario:TEST_DIM_Scenarios] [TestCase: 17.ErrorValidation_UserMgmt] [Description: 17.ErrorValidation_UserMgmt] [Browser: Chrome] [BrowserVersion: Default] [Platform: ANY][ExistingBrowser: false]
----------------------------------------------------------
[1] TestCase selected for execution from [//TEST_Regression/DIM_Scenarios]
----------------------------------------------------------
Initializing Report
ApiLink not available!!
Run Manager true
Continue Execution true
Shutting Down Thread as there is no need for SelectiveThreading
Inside Task Run
Running Iteration 1
Launching Chrome
Launching Local Driver
Starting ChromeDriver 89.0.4389.23 (61b08ee2c50024bab004e48d2b1b083cdbdac579-refs/branch-heads/4389@{#294}) on port 5626
Only local connections are allowed.
Please see https://chromedriver.chromium.org/security-considerations for suggestions on keeping ChromeDriver safe.
ChromeDriver was started successfully.
[1620396816.616][WARNING]: This version of ChromeDriver has not been tested with Chrome version 90.
2021-05-07 07:13:36:05S -0700 [INFO] org.openqa.selenium.remote.ProtocolHandshake createSession:Detected dialect: W3C
Chrome Launched
Step:1   | Object: Browser | Action: Open | Input: DIM_Login:URL | Conditon:  | @07-May-2021 07:13:36.036
[DONE]   | Opened Url: https://test.psicdemo.com/psic/signin

===================================================================================================

Step:2   | Object: Browser | Action: setElementTimeOut | Input: @200 | Conditon:  | @07-May-2021 07:13:45.045
[DONE]   | Element Wait time changed to 200 second/s

===================================================================================================

Step:3   | Object: UserLogin_TXT | Action: verifyElementDisplayed | Input:  | Conditon:  | @07-May-2021 07:13:45.045
Using @xpath [//*[@class='okta-form-title o-form-head' and text()='USER LOGIN']], Object 'UserLogin_TXT' Found in 11 ms
[PASS]   | Element [UserLogin_TXT] is Displayed

===================================================================================================

Step:4   | Object: UserName_TB | Action: PSIC_Set | Input: DIM_Login:Username | Conditon:  | @07-May-2021 07:13:47.047
Using @xpath [//input[@id="okta-signin-username"]], Object 'UserName_TB' Found in 16 ms
[DONE]   | Entered Text 'TESTUSR1' on 'UserName_TB'

===================================================================================================

Step:5   | Object: Password_TB | Action: PSIC_SetDecrypt | Input: DIM_Login:Password | Conditon:  | @07-May-2021 07:13:48.048
Using @xpath [//input[@id="okta-signin-password"]], Object 'Password_TB' Found in 11 ms
[DONE]   | Entered Text '********' on 'Password_TB'

===================================================================================================

Step:6   | Object: Login_BTN | Action: Click | Input:  | Conditon:  | @07-May-2021 07:13:48.048
Using @xpath [//input[@id="okta-signin-submit"]], Object 'Login_BTN' Found in 11 ms
[DONE]   | Clicking on Login_BTN

===================================================================================================

Step:7   | Object: Browser | Action: setElementTimeOut | Input: @10 | Conditon:  | @07-May-2021 07:13:48.048
[DONE]   | Element Wait time changed to 10 second/s

===================================================================================================

Step:8   | Object: Browser | Action: pause | Input: @2000 | Conditon:  | @07-May-2021 07:13:48.048
[DONE]   | Thread sleep for '2000

===================================================================================================

Step:9   | Object: Browser | Action: takeScreenshot | Input:  | Conditon:  | @07-May-2021 07:13:50.050
[PASS]   | Screenshot is taken

===================================================================================================

Step:10  | Object: Welcome_TXT | Action: verifyElementDisplayed | Input:  | Conditon:  | @07-May-2021 07:13:52.052
Using @xpath [//*[contains(text(),' Welcome')]], Object 'Welcome_TXT' Found in 13 ms
[PASS]   | Element [Welcome_TXT] is Displayed

===================================================================================================

Step:11  | Object: Browser | Action: takeScreenshot | Input:  | Conditon:  | @07-May-2021 07:13:53.053
[PASS]   | Screenshot is taken

===================================================================================================

Step:12  | Object: Welcome_TXT | Action: verifyElementDisplayed | Input:  | Conditon:  | @07-May-2021 07:13:55.055
Using @xpath [//*[contains(text(),' Welcome')]], Object 'Welcome_TXT' Found in 8 ms
[PASS]   | Element [Welcome_TXT] is Displayed

===================================================================================================

Step:1   | Object: Profile_Icon | Action: Click | Input:  | Conditon:  | @07-May-2021 07:13:57.057
Using @xpath [//*[@class="user-icon"]], Object 'Profile_Icon' Found in 10 ms
[DONE]   | Clicking on Profile_Icon

===================================================================================================

Step:2   | Object: Browser | Action: pause | Input: @3000 | Conditon:  | @07-May-2021 07:13:57.057
[DONE]   | Thread sleep for '3000

===================================================================================================

Step:3   | Object: UserMgmt_Link | Action: Click | Input:  | Conditon:  | @07-May-2021 07:14:00.000
Using @xpath [//span[text()=' User Management ']], Object 'UserMgmt_Link' Found in 12 ms
[DONE]   | Clicking on UserMgmt_Link

===================================================================================================

Step:4   | Object: Browser | Action: pause | Input: @5000 | Conditon:  | @07-May-2021 07:14:00.000
[DONE]   | Thread sleep for '5000

===================================================================================================

Step:5   | Object: Browser | Action: takeScreenshot | Input:  | Conditon:  | @07-May-2021 07:14:05.005
[PASS]   | Screenshot is taken

===================================================================================================

Step:1   | Object: View_ExistProfile | Action: Click | Input:  | Conditon:  | @07-May-2021 07:14:07.007
Using @xpath [//button[text()=' View Existing Profiles ']], Object 'View_ExistProfile' Found in 11 ms
[DONE]   | Clicking on View_ExistProfile

===================================================================================================

Step:2   | Object: Browser | Action: setElementTimeOut | Input: @10 | Conditon:  | @07-May-2021 07:14:07.007
[DONE]   | Element Wait time changed to 10 second/s

===================================================================================================

Step:3   | Object: SearchUser | Action: PSIC_Set | Input: User_Management:LastName | Conditon:  | @07-May-2021 07:14:07.007
Using @xpath [//*[contains(@class,"user-search")]], Object 'SearchUser' Found in 12 ms
[DONE]   | Entered Text 'Sample' on 'SearchUser'

===================================================================================================

Step:4   | Object: Browser | Action: pause | Input: @1000 | Conditon:  | @07-May-2021 07:14:07.007
[DONE]   | Thread sleep for '1000

===================================================================================================

Step:5   | Object: Browser | Action: sendKeysToWindow | Input: @ENTER | Conditon:  | @07-May-2021 07:14:08.008
[DONE]   | Keys Submitted

===================================================================================================

Step:6   | Object: Browser | Action: setElementTimeOut | Input: @10 | Conditon:  | @07-May-2021 07:14:08.008
[DONE]   | Element Wait time changed to 10 second/s

===================================================================================================

Step:7   | Object: Select_User | Action: clickByJS | Input:  | Conditon:  | @07-May-2021 07:14:08.008
Using @xpath [(//*[@ng-reflect-klass="row"])[1]], Object 'Select_User' Found in 11 ms
[DONE]   | Clicked on Select_User

===================================================================================================

Step:8   | Object: Browser | Action: setElementTimeOut | Input: @10 | Conditon:  | @07-May-2021 07:14:08.008
[DONE]   | Element Wait time changed to 10 second/s

===================================================================================================

Step:9   | Object: Clear_BTN | Action: Click | Input:  | Conditon:  | @07-May-2021 07:14:08.008
Using @xpath [//button[contains(text(),'Clear')]], Object 'Clear_BTN' Found in 15 ms
[DONE]   | Clicking on Clear_BTN

===================================================================================================

Step:10  | Object: Browser | Action: takeScreenshot | Input:  | Conditon:  | @07-May-2021 07:14:08.008
[PASS]   | Screenshot is taken

===================================================================================================

Step:11  | Object: Update_BTN | Action: Click | Input:  | Conditon:  | @07-May-2021 07:14:09.009
Using @xpath [//button[text()=' Update ']], Object 'Update_BTN' Found in 10 ms
[DONE]   | Clicking on Update_BTN

===================================================================================================

Step:12  | Object: Browser | Action: takeScreenshot | Input:  | Conditon:  | @07-May-2021 07:14:09.009
[PASS]   | Screenshot is taken

===================================================================================================

Step:13  | Object: Role_Error | Action: assertElementDisplayed | Input:  | Conditon:  | @07-May-2021 07:14:10.010
Using @xpath [//span[text()=' Please select a Role ']], Object 'Role_Error' Found in 14 ms
[PASS]   | Element [Role_Error] is Displayed

===================================================================================================

Step:14  | Object: Email_Error | Action: assertElementDisplayed | Input:  | Conditon:  | @07-May-2021 07:14:11.011
Using @xpath [//span[text()=' Please enter a valid Email Address ']], Object 'Email_Error' Found in 11 ms
[PASS]   | Element [Email_Error] is Displayed

===================================================================================================

Step:15  | Object: Browser | Action: scrollToBottom | Input:  | Conditon:  | @07-May-2021 07:14:12.012
[DONE]   | Browser Scrolled to []

===================================================================================================

Step:16  | Object: Browser | Action: scrollVerticallyTo | Input: User_Management:EMAIL | Conditon:  | @07-May-2021 07:14:12.012
2021-05-07 07:14:12:05S -0700 [OFF ] com.cognizant.cognizantits.engine.commands.Scroll getScrollData:null
java.lang.NumberFormatException: For input string: ""
	at java.base/java.lang.NumberFormatException.forInputString(NumberFormatException.java:65)
	at java.base/java.lang.Integer.parseInt(Integer.java:662)
	at java.base/java.lang.Integer.valueOf(Integer.java:983)
	at com.cognizant.cognizantits.engine.commands.Scroll.getScrollData(Scroll.java:113)
	at com.cognizant.cognizantits.engine.commands.Scroll.scrollVerticallyTo(Scroll.java:66)
	at com.cognizant.cognizantits.engine.support.reflect.MethodExecutor.executeMethod(MethodExecutor.java:39)
	at com.cognizant.cognizantits.engine.execution.run.TestStepRunner.executeAction(TestStepRunner.java:165)
	at com.cognizant.cognizantits.engine.execution.run.TestStepRunner.executeStep(TestStepRunner.java:161)
	at com.cognizant.cognizantits.engine.execution.run.TestStepRunner.executeStep(TestStepRunner.java:147)
	at com.cognizant.cognizantits.engine.execution.run.TestStepRunner.run(TestStepRunner.java:66)
	at com.cognizant.cognizantits.engine.execution.run.TestCaseRunner.runStep(TestCaseRunner.java:395)
	at com.cognizant.cognizantits.engine.execution.run.TestCaseRunner.run(TestCaseRunner.java:346)
	at com.cognizant.cognizantits.engine.execution.run.TestCaseRunner.run(TestCaseRunner.java:387)
	at com.cognizant.cognizantits.engine.execution.run.TestStepRunner.executeTestCase(TestStepRunner.java:137)
	at com.cognizant.cognizantits.engine.execution.run.TestStepRunner.execute(TestStepRunner.java:118)
	at com.cognizant.cognizantits.engine.execution.run.TestStepRunner.run(TestStepRunner.java:63)
	at com.cognizant.cognizantits.engine.execution.run.TestCaseRunner.runStep(TestCaseRunner.java:395)
	at com.cognizant.cognizantits.engine.execution.run.TestCaseRunner.run(TestCaseRunner.java:346)
	at com.cognizant.cognizantits.engine.core.Task.runIteration(Task.java:130)
	at com.cognizant.cognizantits.engine.core.Task.run(Task.java:85)
	at java.base/java.util.concurrent.ThreadPoolExecutor.runWorker(ThreadPoolExecutor.java:1128)
	at java.base/java.util.concurrent.ThreadPoolExecutor$Worker.run(ThreadPoolExecutor.java:628)
	at java.base/java.lang.Thread.run(Thread.java:829)

Invalid value
[DONE]   | Browser Scrolled to []

===================================================================================================

Step:17  | Object: PhoneOffice_Error | Action: assertElementDisplayed | Input:  | Conditon:  | @07-May-2021 07:14:12.012
Using @xpath [(//span[text()=' Please enter a valid phone number '])[1]], Object 'PhoneOffice_Error' Found in 10 ms
[PASS]   | Element [PhoneOffice_Error] is Displayed

===================================================================================================

Step:18  | Object: PhoneCell_Error | Action: assertElementDisplayed | Input:  | Conditon:  | @07-May-2021 07:14:13.013
Using @xpath [(//span[text()=' Please enter a valid phone number '])[2]], Object 'PhoneCell_Error' Found in 10 ms
[PASS]   | Element [PhoneCell_Error] is Displayed

===================================================================================================

Step:19  | Object: Browser | Action: scrollToBottom | Input:  | Conditon:  | @07-May-2021 07:14:14.014
[DONE]   | Browser Scrolled to []

===================================================================================================

Step:20  | Object: Update_PhoneNumber | Action: PSIC_Set | Input: @95667 | Conditon:  | @07-May-2021 07:14:14.014
Using @xpath [//input[@formcontrolname="officePhone"]], Object 'Update_PhoneNumber' Found in 10 ms
[DONE]   | Entered Text '95667' on 'Update_PhoneNumber'

===================================================================================================

Step:21  | Object: Browser | Action: sendKeysToWindow | Input: @TAB | Conditon:  | @07-May-2021 07:14:14.014
[DONE]   | Keys Submitted

===================================================================================================

Step:22  | Object: PhoneOffice1_Error | Action: assertElementDisplayed | Input:  | Conditon:  | @07-May-2021 07:14:15.015
Using @xpath [//span[text()=' Has to be a 10 digit number ']], Object 'PhoneOffice1_Error' Found in 11 ms
[PASS]   | Element [PhoneOffice1_Error] is Displayed

===================================================================================================

Step:23  | Object: Browser | Action: scrollToBottom | Input:  | Conditon:  | @07-May-2021 07:14:16.016
[DONE]   | Browser Scrolled to []

===================================================================================================

Step:24  | Object: Browser | Action: scrollVerticallyTo | Input: User_Management:Phone_Office | Conditon:  | @07-May-2021 07:14:16.016
2021-05-07 07:14:16:05S -0700 [OFF ] com.cognizant.cognizantits.engine.commands.Scroll getScrollData:null
java.lang.NumberFormatException: For input string: ""
	at java.base/java.lang.NumberFormatException.forInputString(NumberFormatException.java:65)
	at java.base/java.lang.Integer.parseInt(Integer.java:662)
	at java.base/java.lang.Integer.valueOf(Integer.java:983)
	at com.cognizant.cognizantits.engine.commands.Scroll.getScrollData(Scroll.java:113)
	at com.cognizant.cognizantits.engine.commands.Scroll.scrollVerticallyTo(Scroll.java:66)
	at com.cognizant.cognizantits.engine.support.reflect.MethodExecutor.executeMethod(MethodExecutor.java:39)
	at com.cognizant.cognizantits.engine.execution.run.TestStepRunner.executeAction(TestStepRunner.java:165)
	at com.cognizant.cognizantits.engine.execution.run.TestStepRunner.executeStep(TestStepRunner.java:161)
	at com.cognizant.cognizantits.engine.execution.run.TestStepRunner.executeStep(TestStepRunner.java:147)
	at com.cognizant.cognizantits.engine.execution.run.TestStepRunner.run(TestStepRunner.java:66)
	at com.cognizant.cognizantits.engine.execution.run.TestCaseRunner.runStep(TestCaseRunner.java:395)
	at com.cognizant.cognizantits.engine.execution.run.TestCaseRunner.run(TestCaseRunner.java:346)
	at com.cognizant.cognizantits.engine.execution.run.TestCaseRunner.run(TestCaseRunner.java:387)
	at com.cognizant.cognizantits.engine.execution.run.TestStepRunner.executeTestCase(TestStepRunner.java:137)
	at com.cognizant.cognizantits.engine.execution.run.TestStepRunner.execute(TestStepRunner.java:118)
	at com.cognizant.cognizantits.engine.execution.run.TestStepRunner.run(TestStepRunner.java:63)
	at com.cognizant.cognizantits.engine.execution.run.TestCaseRunner.runStep(TestCaseRunner.java:395)
	at com.cognizant.cognizantits.engine.execution.run.TestCaseRunner.run(TestCaseRunner.java:346)
	at com.cognizant.cognizantits.engine.core.Task.runIteration(Task.java:130)
	at com.cognizant.cognizantits.engine.core.Task.run(Task.java:85)
	at java.base/java.util.concurrent.ThreadPoolExecutor.runWorker(ThreadPoolExecutor.java:1128)
	at java.base/java.util.concurrent.ThreadPoolExecutor$Worker.run(ThreadPoolExecutor.java:628)
	at java.base/java.lang.Thread.run(Thread.java:829)

Invalid value
[DONE]   | Browser Scrolled to []

===================================================================================================

Step:25  | Object: Browser | Action: takeScreenshot | Input:  | Conditon:  | @07-May-2021 07:14:16.016
[PASS]   | Screenshot is taken

===================================================================================================

Step:1   | Object: Profile_Icon | Action: Click | Input:  | Conditon:  | @07-May-2021 07:14:16.016
Using @xpath [//*[@class="user-icon"]], Object 'Profile_Icon' Found in 10 ms
[DONE]   | Clicking on Profile_Icon

===================================================================================================

Step:2   | Object: User_Signout | Action: waitForElementToBePresent | Input:  | Conditon:  | @07-May-2021 07:14:17.017
Using @xpath [//span[contains(text(),'Sign Out')]], Object 'User_Signout' Found in 10 ms
[PASS]   | 'User_Signout' Element Present in the stipulated time

===================================================================================================

Step:3   | Object: User_Signout | Action: Click | Input:  | Conditon:  | @07-May-2021 07:14:17.017
Using @xpath [//span[contains(text(),'Sign Out')]], Object 'User_Signout' Found in 7 ms
[DONE]   | Clicking on User_Signout

===================================================================================================

Step:4   | Object: Browser | Action: pause | Input: @1000 | Conditon:  | @07-May-2021 07:14:18.018
[DONE]   | Thread sleep for '1000

===================================================================================================

Step:5   | Object: Browser | Action: takeScreenshot | Input:  | Conditon:  | @07-May-2021 07:14:19.019
[PASS]   | Screenshot is taken

===================================================================================================

Step:6   | Object: UserLogin_TXT | Action: verifyElementDisplayed | Input:  | Conditon:  | @07-May-2021 07:14:21.021
Using @xpath [//*[@class='okta-form-title o-form-head' and text()='USER LOGIN']], Object 'UserLogin_TXT' Found in 10 ms
[PASS]   | Element [UserLogin_TXT] is Displayed

===================================================================================================


---------------------------------------------------
Testcase Name        : TEST_DIM_Scenarios:17.ErrorValidation_UserMgmt
Executed Steps       : 48
Passed Steps         : 48
Failed Steps         : 0
Time Taken           : 00:00:47
-----------------------------------------------------

Run Finished on Fri May 07 07:14:23 PDT 2021
-----------------------------------------------------
ExecutionDate        : 07-May-2021 07-13-36
Executed TestCases   : 1
Passed TestCases     : 1
Failed TestCases     : 0
Time Taken           : 00:00:47
ReportPath           : file:////home/ab773031t/Documents/cognizant-intelligent-test-scripter-1.4/Projects/PSIC_Digital_DIM/Results/TestExecution/TEST_Regression/DIM_Scenarios/07-May-2021 07-13-36/summary.html
-----------------------------------------------------
