Run Information
========================
cognizant.intelligent.test.scripter.engine : ${project.version}
java.runtime.name    : OpenJDK Runtime Environment
java.version         : 11.0.11
java.home            : /usr/lib/jvm/java-11-amazon-corretto.x86_64
os.name              : Linux
os.arch              : amd64
os.version           : 4.14.231-173.360.amzn2.x86_64
file.encoding        : UTF-8
========================
Run Started on Fri May 07 07:58:59 PDT 2021
Loading Browser Profile
Loading RunManager
[Scenario:PROD_DIM_Scenarios] [TestCase: 10.SignUp_NewUser] [Description: 10.SignUp_NewUser] [Browser: Chrome Headless] [BrowserVersion: Default] [Platform: ANY][ExistingBrowser: false]
[Scenario:PROD_DIM_Scenarios] [TestCase: 16.Errorvalidation_UserLogin] [Description: 16.Errorvalidation_UserLogin] [Browser: Chrome Headless] [BrowserVersion: Default] [Platform: ANY][ExistingBrowser: false]
[Scenario:PROD_DIM_Scenarios] [TestCase: 17.ErrorValidation_UserMgmt] [Description: 17.ErrorValidation_UserMgmt] [Browser: Chrome Headless] [BrowserVersion: Default] [Platform: ANY][ExistingBrowser: false]
[Scenario:PROD_DIM_Scenarios] [TestCase: 18.ErrorValidation_OKTAChangepwd] [Description: 18.ErrorValidation_OKTAChangepwd] [Browser: Chrome Headless] [BrowserVersion: Default] [Platform: ANY][ExistingBrowser: false]
----------------------------------------------------------
[4] TestCases selected for execution from [//PROD_Regression/DIM_Scenarios]
----------------------------------------------------------
Initializing Report
ApiLink not available!!
Run Manager true
Continue Execution true
Shutting Down Thread as there is no need for SelectiveThreading
Inside Task Run
Running Iteration 1
Launching Chrome Headless
Launching Local Driver
Starting ChromeDriver 89.0.4389.23 (61b08ee2c50024bab004e48d2b1b083cdbdac579-refs/branch-heads/4389@{#294}) on port 14502
Only local connections are allowed.
Please see https://chromedriver.chromium.org/security-considerations for suggestions on keeping ChromeDriver safe.
ChromeDriver was started successfully.
[1620399539.736][WARNING]: This version of ChromeDriver has not been tested with Chrome version 90.
2021-05-07 07:58:59:05S -0700 [INFO] org.openqa.selenium.remote.ProtocolHandshake createSession:Detected dialect: W3C
Chrome Headless Launched
Step:1   | Object: Browser | Action: Open | Input: SignUp:URL | Conditon:  | @07-May-2021 07:58:59.059
[DONE]   | Opened Url: https://portal.pacificspecialty.com/signin

===================================================================================================

Step:2   | Object: Browser | Action: setElementTimeOut | Input: @120 | Conditon:  | @07-May-2021 07:59:08.008
[DONE]   | Element Wait time changed to 120 second/s

===================================================================================================

Step:3   | Object: Signup_Link | Action: Click | Input:  | Conditon:  | @07-May-2021 07:59:08.008
Using @xpath [//*[text()='Sign Up']], Object 'Signup_Link' Found in 12 ms
[DONE]   | Clicking on Signup_Link

===================================================================================================

Step:4   | Object: Browser | Action: setElementTimeOut | Input: @120 | Conditon:  | @07-May-2021 07:59:14.014
[DONE]   | Element Wait time changed to 120 second/s

===================================================================================================

Step:5   | Object: ProducerCode_TB | Action: PSIC_Set | Input: SignUp:ProducerCode | Conditon:  | @07-May-2021 07:59:14.014
Using @xpath [//*[@formcontrolname="producerCode"]], Object 'ProducerCode_TB' Found in 21 ms
[DONE]   | Entered Text 'B00088' on 'ProducerCode_TB'

===================================================================================================

Step:6   | Object: Role_DD | Action: PSIC_Selectbytext | Input: SignUp:Role | Conditon:  | @07-May-2021 07:59:14.014
Using @xpath [//select[@formcontrolname="role"]], Object 'Role_DD' Found in 20 ms
[DONE]   | Item/s 'PRINCIPAL' is/are selected from list Role_DD

===================================================================================================

Step:7   | Object: Browser | Action: RandomAlphabetic | Input: SignUp:FirstName | Conditon: %FirstName% | @07-May-2021 07:59:14.014
ffsii
Adding to runTimeVars %FirstName%:ffsii
[PASS]   | ffsii generated successfully

===================================================================================================

Step:8   | Object: Browser | Action: RandomAlphabetic | Input: SignUp:LastName | Conditon: %LastName% | @07-May-2021 07:59:15.015
fnjej
Adding to runTimeVars %LastName%:fnjej
[PASS]   | fnjej generated successfully

===================================================================================================

Step:9   | Object: Browser | Action: storeVariableInDataSheet | Input: SignUp:FirstName | Conditon: %FirstName% | @07-May-2021 07:59:16.016
Getting runTimeVar %FirstName%
%FirstName%
Getting runTimeVar %FirstName%
[DONE]   | Value of variable %FirstName% has been stored into the data sheet

===================================================================================================

Step:10  | Object: Browser | Action: storeVariableInDataSheet | Input: SignUp:LastName | Conditon: %LastName% | @07-May-2021 07:59:16.016
Getting runTimeVar %LastName%
%LastName%
Getting runTimeVar %LastName%
[DONE]   | Value of variable %LastName% has been stored into the data sheet

===================================================================================================

Step:11  | Object: FirstName_TB | Action: PSIC_Set | Input: SignUp:FirstName | Conditon:  | @07-May-2021 07:59:16.016
Using @xpath [//*[@formcontrolname="firstName"]], Object 'FirstName_TB' Found in 18 ms
[DONE]   | Entered Text 'ffsii' on 'FirstName_TB'

===================================================================================================

Step:12  | Object: LastName_TB | Action: PSIC_Set | Input: SignUp:LastName | Conditon:  | @07-May-2021 07:59:16.016
Using @xpath [//*[@formcontrolname="lastName"]], Object 'LastName_TB' Found in 11 ms
[DONE]   | Entered Text 'fnjej' on 'LastName_TB'

===================================================================================================

Step:13  | Object: EmailAddress_TB | Action: PSIC_Set | Input: SignUp:Email | Conditon:  | @07-May-2021 07:59:16.016
Using @xpath [//*[@formcontrolname="email"]], Object 'EmailAddress_TB' Found in 11 ms
[DONE]   | Entered Text 'pacificspeciality@outlook.com' on 'EmailAddress_TB'

===================================================================================================

Step:14  | Object: Phone_Office | Action: PSIC_Set | Input: SignUp:Phone_office | Conditon:  | @07-May-2021 07:59:16.016
Using @xpath [//*[@formcontrolname="officePhone"]], Object 'Phone_Office' Found in 10 ms
[DONE]   | Entered Text '9566274235' on 'Phone_Office'

===================================================================================================

Step:15  | Object: Phone_Cell | Action: PSIC_Set | Input: SignUp:Phone_cell | Conditon:  | @07-May-2021 07:59:18.018
Using @xpath [//*[@formcontrolname="cellPhone"]], Object 'Phone_Cell' Found in 68 ms
[DONE]   | Entered Text '9566274235' on 'Phone_Cell'

===================================================================================================

Step:16  | Object: Browser | Action: Random_Alphanumeric | Input: SignUp:UserID | Conditon: %UserID% | @07-May-2021 07:59:18.018
WAQymGYH
Adding to runTimeVars %UserID%:WAQymGYH
[PASS]   | WAQymGYH generated successfully

===================================================================================================

Step:17  | Object: Browser | Action: storeVariableInDataSheet | Input: SignUp:UserID | Conditon: %UserID% | @07-May-2021 07:59:19.019
Getting runTimeVar %UserID%
%UserID%
Getting runTimeVar %UserID%
[DONE]   | Value of variable %UserID% has been stored into the data sheet

===================================================================================================

Step:18  | Object: UserID | Action: PSIC_Set | Input: SignUp:UserID | Conditon: %UserID% | @07-May-2021 07:59:19.019
Using @xpath [//*[@formcontrolname="userID"]], Object 'UserID' Found in 10 ms
[DONE]   | Entered Text 'WAQymGYH' on 'UserID'

===================================================================================================

Step:19  | Object: Password | Action: PSIC_SetDecrypt | Input: SignUp:Password | Conditon:  | @07-May-2021 07:59:19.019
Using @xpath [//*[@formcontrolname="password"]], Object 'Password' Found in 12 ms
[DONE]   | Entered Text '********' on 'Password'

===================================================================================================

Step:20  | Object: Confirm_Password | Action: PSIC_SetDecrypt | Input: SignUp:Confirm_Password | Conditon:  | @07-May-2021 07:59:19.019
Using @xpath [//*[@formcontrolname="confirmPassword"]], Object 'Confirm_Password' Found in 12 ms
[DONE]   | Entered Text '********' on 'Confirm_Password'

===================================================================================================

Step:21  | Object: Browser | Action: scrollToBottom | Input:  | Conditon:  | @07-May-2021 07:59:19.019
[DONE]   | Browser Scrolled to []

===================================================================================================

Step:1   | Object: Browser | Action: switchToFrameByIndex | Input: @0 | Conditon:  | @07-May-2021 07:59:19.019
[DONE]   | Webdriver switched to new frame by index[0]

===================================================================================================

Step:2   | Object: Recaptcha_Checkbox | Action: clickByJS | Input:  | Conditon:  | @07-May-2021 07:59:19.019
Using @xpath [//div[@class="recaptcha-checkbox-border"]], Object 'Recaptcha_Checkbox' Found in 14 ms
[DONE]   | Clicked on Recaptcha_Checkbox

===================================================================================================

Step:3   | Object: Browser | Action: takeScreenshot | Input:  | Conditon:  | @07-May-2021 07:59:19.019
[PASS]   | Screenshot is taken

===================================================================================================

Step:23  | Object: Browser | Action: pause | Input: @5000 | Conditon:  | @07-May-2021 07:59:22.022
[DONE]   | Thread sleep for '5000

===================================================================================================

Step:24  | Object: Browser | Action: switchToDefaultContent | Input:  | Conditon:  | @07-May-2021 07:59:27.027
[DONE]   | Webdriver switched to default content

===================================================================================================

Step:25  | Object: Submit_BTN | Action: clickByJS | Input:  | Conditon:  | @07-May-2021 07:59:27.027
Using @xpath [//*[@type='button' and text()=' Submit ']], Object 'Submit_BTN' Found in 12 ms
[DONE]   | Clicked on Submit_BTN

===================================================================================================

Step:26  | Object: Browser | Action: pause | Input: @5000 | Conditon:  | @07-May-2021 07:59:27.027
[DONE]   | Thread sleep for '5000

===================================================================================================

Step:27  | Object: Browser | Action: takeScreenshot | Input:  | Conditon:  | @07-May-2021 07:59:32.032
[PASS]   | Screenshot is taken

===================================================================================================

Step:28  | Object: ApprovalPending_Txt | Action: verifyElementDisplayed | Input:  | Conditon:  | @07-May-2021 07:59:33.033
2021-05-07 08:01:33:05S -0700 [OFF ] com.cognizant.cognizantits.engine.drivers.AutomationObject getElements:null
org.openqa.selenium.TimeoutException: Expected condition failed: waiting for com.cognizant.cognizantits.engine.drivers.AutomationObject$$Lambda$655/0x0000000100835040@5d43283c (tried for 120 second(s) with 500 milliseconds interval)
Build info: version: '3.141.59', revision: 'e82be7d358', time: '2018-11-14T08:17:03'
System info: host: 'a-3r8gwg1klqwgb', ip: '10.10.111.189', os.name: 'Linux', os.arch: 'amd64', os.version: '4.14.231-173.360.amzn2.x86_64', java.version: '11.0.11'
Driver info: org.openqa.selenium.chrome.ChromeDriver
Capabilities {acceptInsecureCerts: false, browserName: chrome, browserVersion: 90.0.4430.93, chrome: {chromedriverVersion: 89.0.4389.23 (61b08ee2c5002..., userDataDir: /tmp/.com.google.Chrome.FXPNo6}, goog:chromeOptions: {debuggerAddress: localhost:37409}, javascriptEnabled: true, networkConnectionEnabled: false, pageLoadStrategy: normal, platform: LINUX, platformName: LINUX, proxy: Proxy(), setWindowRect: true, strictFileInteractability: false, timeouts: {implicit: 0, pageLoad: 300000, script: 30000}, unhandledPromptBehavior: dismiss and notify, webauthn:extension:largeBlob: true, webauthn:virtualAuthenticators: true}
Session ID: 6713758e3f26f6d0fd8d0ed99cf1b72c
	at org.openqa.selenium.support.ui.WebDriverWait.timeoutException(WebDriverWait.java:95)
	at org.openqa.selenium.support.ui.FluentWait.until(FluentWait.java:272)
	at com.cognizant.cognizantits.engine.drivers.AutomationObject.getElements(AutomationObject.java:303)
	at com.cognizant.cognizantits.engine.drivers.AutomationObject.getWElements(AutomationObject.java:255)
	at com.cognizant.cognizantits.engine.drivers.AutomationObject.findElements(AutomationObject.java:242)
	at com.cognizant.cognizantits.engine.drivers.AutomationObject.findElement(AutomationObject.java:118)
	at com.cognizant.cognizantits.engine.drivers.AutomationObject.findElement(AutomationObject.java:111)
	at com.cognizant.cognizantits.engine.core.CommandControl.sync(CommandControl.java:94)
	at com.cognizant.cognizantits.engine.core.CommandControl.sync(CommandControl.java:173)
	at com.cognizant.cognizantits.engine.execution.run.TestStepRunner.executeStep(TestStepRunner.java:160)
	at com.cognizant.cognizantits.engine.execution.run.TestStepRunner.executeStep(TestStepRunner.java:147)
	at com.cognizant.cognizantits.engine.execution.run.TestStepRunner.run(TestStepRunner.java:66)
	at com.cognizant.cognizantits.engine.execution.run.TestCaseRunner.runStep(TestCaseRunner.java:395)
	at com.cognizant.cognizantits.engine.execution.run.TestCaseRunner.run(TestCaseRunner.java:346)
	at com.cognizant.cognizantits.engine.execution.run.TestCaseRunner.run(TestCaseRunner.java:387)
	at com.cognizant.cognizantits.engine.execution.run.TestStepRunner.executeTestCase(TestStepRunner.java:137)
	at com.cognizant.cognizantits.engine.execution.run.TestStepRunner.execute(TestStepRunner.java:118)
	at com.cognizant.cognizantits.engine.execution.run.TestStepRunner.run(TestStepRunner.java:63)
	at com.cognizant.cognizantits.engine.execution.run.TestCaseRunner.runStep(TestCaseRunner.java:395)
	at com.cognizant.cognizantits.engine.execution.run.TestCaseRunner.run(TestCaseRunner.java:346)
	at com.cognizant.cognizantits.engine.core.Task.runIteration(Task.java:130)
	at com.cognizant.cognizantits.engine.core.Task.run(Task.java:85)
	at java.base/java.util.concurrent.ThreadPoolExecutor.runWorker(ThreadPoolExecutor.java:1128)
	at java.base/java.util.concurrent.ThreadPoolExecutor$Worker.run(ThreadPoolExecutor.java:628)
	at java.base/java.lang.Thread.run(Thread.java:829)

Couldn't find Object 'ApprovalPending_Txt' in stipulated Time '120' Seconds
[FAIL]   | Seems Like the Element [ApprovalPending_Txt] is Not Present/Found in the page Try Adding wait or heal it

===================================================================================================

2021-05-07 08:01:34:05S -0700 [SEVERE] com.cognizant.cognizantits.engine.execution.run.TestCaseRunner onRuntimeException:Seems Like the Element [ApprovalPending_Txt] is Not Present/Found in the page Try Adding wait or heal it
com.cognizant.cognizantits.engine.execution.exception.element.ElementException: Seems Like the Element [ApprovalPending_Txt] is Not Present/Found in the page Try Adding wait or heal it
	at com.cognizant.cognizantits.engine.commands.General.elementDisplayed(General.java:57)
	at com.cognizant.cognizantits.engine.commands.VerifyElement.verifyElementDisplayed(VerifyElement.java:66)
	at com.cognizant.cognizantits.engine.support.reflect.MethodExecutor.executeMethod(MethodExecutor.java:39)
	at com.cognizant.cognizantits.engine.execution.run.TestStepRunner.executeAction(TestStepRunner.java:165)
	at com.cognizant.cognizantits.engine.execution.run.TestStepRunner.executeStep(TestStepRunner.java:161)
	at com.cognizant.cognizantits.engine.execution.run.TestStepRunner.executeStep(TestStepRunner.java:147)
	at com.cognizant.cognizantits.engine.execution.run.TestStepRunner.run(TestStepRunner.java:66)
	at com.cognizant.cognizantits.engine.execution.run.TestCaseRunner.runStep(TestCaseRunner.java:395)
	at com.cognizant.cognizantits.engine.execution.run.TestCaseRunner.run(TestCaseRunner.java:346)
	at com.cognizant.cognizantits.engine.execution.run.TestCaseRunner.run(TestCaseRunner.java:387)
	at com.cognizant.cognizantits.engine.execution.run.TestStepRunner.executeTestCase(TestStepRunner.java:137)
	at com.cognizant.cognizantits.engine.execution.run.TestStepRunner.execute(TestStepRunner.java:118)
	at com.cognizant.cognizantits.engine.execution.run.TestStepRunner.run(TestStepRunner.java:63)
	at com.cognizant.cognizantits.engine.execution.run.TestCaseRunner.runStep(TestCaseRunner.java:395)
	at com.cognizant.cognizantits.engine.execution.run.TestCaseRunner.run(TestCaseRunner.java:346)
	at com.cognizant.cognizantits.engine.core.Task.runIteration(Task.java:130)
	at com.cognizant.cognizantits.engine.core.Task.run(Task.java:85)
	at java.base/java.util.concurrent.ThreadPoolExecutor.runWorker(ThreadPoolExecutor.java:1128)
	at java.base/java.util.concurrent.ThreadPoolExecutor$Worker.run(ThreadPoolExecutor.java:628)
	at java.base/java.lang.Thread.run(Thread.java:829)

Step:29  | Object: ApprovalPending_Msg | Action: verifyElementDisplayed | Input:  | Conditon:  | @07-May-2021 08:01:34.034
Exception in thread "AWT-EventQueue-0" javax.swing.undo.CannotUndoException
	at java.desktop/javax.swing.undo.AbstractUndoableEdit.undo(AbstractUndoableEdit.java:111)
	at com.cognizant.cognizantits.datalib.undoredo.CellUndoableEdit.undo(CellUndoableEdit.java:52)
	at com.cognizant.cognizantits.datalib.undoredo.GroupUndoableEdit.undo(GroupUndoableEdit.java:54)
	at java.desktop/javax.swing.undo.UndoManager.undoTo(UndoManager.java:347)
	at java.desktop/javax.swing.undo.UndoManager.tryUndoOrRedo(UndoManager.java:474)
	at java.desktop/javax.swing.undo.UndoManager.undo(UndoManager.java:416)
	at com.cognizant.cognizantits.datalib.undoredo.CommonUndoManager.undo(CommonUndoManager.java:94)
	at com.cognizant.cognizantits.ide.main.utils.table.XTable$3.actionPerformed(XTable.java:127)
	at java.desktop/javax.swing.SwingUtilities.notifyAction(SwingUtilities.java:1810)
	at java.desktop/javax.swing.JComponent.processKeyBinding(JComponent.java:2900)
	at java.desktop/javax.swing.JTable.processKeyBinding(JTable.java:5264)
	at java.desktop/javax.swing.JComponent.processKeyBindings(JComponent.java:2948)
	at java.desktop/javax.swing.JComponent.processKeyEvent(JComponent.java:2862)
	at java.desktop/java.awt.Component.processEvent(Component.java:6412)
	at java.desktop/java.awt.Container.processEvent(Container.java:2263)
	at java.desktop/java.awt.Component.dispatchEventImpl(Component.java:5011)
	at java.desktop/java.awt.Container.dispatchEventImpl(Container.java:2321)
	at java.desktop/java.awt.Component.dispatchEvent(Component.java:4843)
	at java.desktop/java.awt.KeyboardFocusManager.redispatchEvent(KeyboardFocusManager.java:1950)
	at java.desktop/java.awt.DefaultKeyboardFocusManager.dispatchKeyEvent(DefaultKeyboardFocusManager.java:870)
	at java.desktop/java.awt.DefaultKeyboardFocusManager.preDispatchKeyEvent(DefaultKeyboardFocusManager.java:1139)
	at java.desktop/java.awt.DefaultKeyboardFocusManager.typeAheadAssertions(DefaultKeyboardFocusManager.java:1009)
	at java.desktop/java.awt.DefaultKeyboardFocusManager.dispatchEvent(DefaultKeyboardFocusManager.java:835)
	at java.desktop/java.awt.Component.dispatchEventImpl(Component.java:4892)
	at java.desktop/java.awt.Container.dispatchEventImpl(Container.java:2321)
	at java.desktop/java.awt.Window.dispatchEventImpl(Window.java:2772)
	at java.desktop/java.awt.Component.dispatchEvent(Component.java:4843)
	at java.desktop/java.awt.EventQueue.dispatchEventImpl(EventQueue.java:772)
	at java.desktop/java.awt.EventQueue$4.run(EventQueue.java:721)
	at java.desktop/java.awt.EventQueue$4.run(EventQueue.java:715)
	at java.base/java.security.AccessController.doPrivileged(Native Method)
	at java.base/java.security.ProtectionDomain$JavaSecurityAccessImpl.doIntersectionPrivilege(ProtectionDomain.java:85)
	at java.base/java.security.ProtectionDomain$JavaSecurityAccessImpl.doIntersectionPrivilege(ProtectionDomain.java:95)
	at java.desktop/java.awt.EventQueue$5.run(EventQueue.java:745)
	at java.desktop/java.awt.EventQueue$5.run(EventQueue.java:743)
	at java.base/java.security.AccessController.doPrivileged(Native Method)
	at java.base/java.security.ProtectionDomain$JavaSecurityAccessImpl.doIntersectionPrivilege(ProtectionDomain.java:85)
	at java.desktop/java.awt.EventQueue.dispatchEvent(EventQueue.java:742)
	at java.desktop/java.awt.EventDispatchThread.pumpOneEventForFilters(EventDispatchThread.java:203)
	at java.desktop/java.awt.EventDispatchThread.pumpEventsForFilter(EventDispatchThread.java:124)
	at java.desktop/java.awt.EventDispatchThread.pumpEventsForHierarchy(EventDispatchThread.java:113)
	at java.desktop/java.awt.EventDispatchThread.pumpEvents(EventDispatchThread.java:109)
	at java.desktop/java.awt.EventDispatchThread.pumpEvents(EventDispatchThread.java:101)
	at java.desktop/java.awt.EventDispatchThread.run(EventDispatchThread.java:90)
Exception in thread "AWT-EventQueue-0" javax.swing.undo.CannotUndoException
	at java.desktop/javax.swing.undo.AbstractUndoableEdit.undo(AbstractUndoableEdit.java:111)
	at com.cognizant.cognizantits.datalib.undoredo.CellUndoableEdit.undo(CellUndoableEdit.java:52)
	at com.cognizant.cognizantits.datalib.undoredo.GroupUndoableEdit.undo(GroupUndoableEdit.java:54)
	at java.desktop/javax.swing.undo.UndoManager.undoTo(UndoManager.java:347)
	at java.desktop/javax.swing.undo.UndoManager.tryUndoOrRedo(UndoManager.java:474)
	at java.desktop/javax.swing.undo.UndoManager.undo(UndoManager.java:416)
	at com.cognizant.cognizantits.datalib.undoredo.CommonUndoManager.undo(CommonUndoManager.java:94)
	at com.cognizant.cognizantits.ide.main.utils.table.XTable$3.actionPerformed(XTable.java:127)
	at java.desktop/javax.swing.SwingUtilities.notifyAction(SwingUtilities.java:1810)
	at java.desktop/javax.swing.JComponent.processKeyBinding(JComponent.java:2900)
	at java.desktop/javax.swing.JTable.processKeyBinding(JTable.java:5264)
	at java.desktop/javax.swing.JComponent.processKeyBindings(JComponent.java:2948)
	at java.desktop/javax.swing.JComponent.processKeyEvent(JComponent.java:2862)
	at java.desktop/java.awt.Component.processEvent(Component.java:6412)
	at java.desktop/java.awt.Container.processEvent(Container.java:2263)
	at java.desktop/java.awt.Component.dispatchEventImpl(Component.java:5011)
	at java.desktop/java.awt.Container.dispatchEventImpl(Container.java:2321)
	at java.desktop/java.awt.Component.dispatchEvent(Component.java:4843)
	at java.desktop/java.awt.KeyboardFocusManager.redispatchEvent(KeyboardFocusManager.java:1950)
	at java.desktop/java.awt.DefaultKeyboardFocusManager.dispatchKeyEvent(DefaultKeyboardFocusManager.java:870)
	at java.desktop/java.awt.DefaultKeyboardFocusManager.preDispatchKeyEvent(DefaultKeyboardFocusManager.java:1139)
	at java.desktop/java.awt.DefaultKeyboardFocusManager.typeAheadAssertions(DefaultKeyboardFocusManager.java:1009)
	at java.desktop/java.awt.DefaultKeyboardFocusManager.dispatchEvent(DefaultKeyboardFocusManager.java:835)
	at java.desktop/java.awt.Component.dispatchEventImpl(Component.java:4892)
	at java.desktop/java.awt.Container.dispatchEventImpl(Container.java:2321)
	at java.desktop/java.awt.Window.dispatchEventImpl(Window.java:2772)
	at java.desktop/java.awt.Component.dispatchEvent(Component.java:4843)
	at java.desktop/java.awt.EventQueue.dispatchEventImpl(EventQueue.java:772)
	at java.desktop/java.awt.EventQueue$4.run(EventQueue.java:721)
	at java.desktop/java.awt.EventQueue$4.run(EventQueue.java:715)
	at java.base/java.security.AccessController.doPrivileged(Native Method)
	at java.base/java.security.ProtectionDomain$JavaSecurityAccessImpl.doIntersectionPrivilege(ProtectionDomain.java:85)
	at java.base/java.security.ProtectionDomain$JavaSecurityAccessImpl.doIntersectionPrivilege(ProtectionDomain.java:95)
	at java.desktop/java.awt.EventQueue$5.run(EventQueue.java:745)
	at java.desktop/java.awt.EventQueue$5.run(EventQueue.java:743)
	at java.base/java.security.AccessController.doPrivileged(Native Method)
	at java.base/java.security.ProtectionDomain$JavaSecurityAccessImpl.doIntersectionPrivilege(ProtectionDomain.java:85)
	at java.desktop/java.awt.EventQueue.dispatchEvent(EventQueue.java:742)
	at java.desktop/java.awt.EventDispatchThread.pumpOneEventForFilters(EventDispatchThread.java:203)
	at java.desktop/java.awt.EventDispatchThread.pumpEventsForFilter(EventDispatchThread.java:124)
	at java.desktop/java.awt.EventDispatchThread.pumpEventsForHierarchy(EventDispatchThread.java:113)
	at java.desktop/java.awt.EventDispatchThread.pumpEvents(EventDispatchThread.java:109)
	at java.desktop/java.awt.EventDispatchThread.pumpEvents(EventDispatchThread.java:101)
	at java.desktop/java.awt.EventDispatchThread.run(EventDispatchThread.java:90)
Exception in thread "AWT-EventQueue-0" javax.swing.undo.CannotUndoException
	at java.desktop/javax.swing.undo.AbstractUndoableEdit.undo(AbstractUndoableEdit.java:111)
	at com.cognizant.cognizantits.datalib.undoredo.CellUndoableEdit.undo(CellUndoableEdit.java:52)
	at com.cognizant.cognizantits.datalib.undoredo.GroupUndoableEdit.undo(GroupUndoableEdit.java:54)
	at java.desktop/javax.swing.undo.UndoManager.undoTo(UndoManager.java:347)
	at java.desktop/javax.swing.undo.UndoManager.tryUndoOrRedo(UndoManager.java:474)
	at java.desktop/javax.swing.undo.UndoManager.undo(UndoManager.java:416)
	at com.cognizant.cognizantits.datalib.undoredo.CommonUndoManager.undo(CommonUndoManager.java:94)
	at com.cognizant.cognizantits.ide.main.utils.table.XTable$3.actionPerformed(XTable.java:127)
	at java.desktop/javax.swing.SwingUtilities.notifyAction(SwingUtilities.java:1810)
	at java.desktop/javax.swing.JComponent.processKeyBinding(JComponent.java:2900)
	at java.desktop/javax.swing.JTable.processKeyBinding(JTable.java:5264)
	at java.desktop/javax.swing.JComponent.processKeyBindings(JComponent.java:2948)
	at java.desktop/javax.swing.JComponent.processKeyEvent(JComponent.java:2862)
	at java.desktop/java.awt.Component.processEvent(Component.java:6412)
	at java.desktop/java.awt.Container.processEvent(Container.java:2263)
	at java.desktop/java.awt.Component.dispatchEventImpl(Component.java:5011)
	at java.desktop/java.awt.Container.dispatchEventImpl(Container.java:2321)
	at java.desktop/java.awt.Component.dispatchEvent(Component.java:4843)
	at java.desktop/java.awt.KeyboardFocusManager.redispatchEvent(KeyboardFocusManager.java:1950)
	at java.desktop/java.awt.DefaultKeyboardFocusManager.dispatchKeyEvent(DefaultKeyboardFocusManager.java:870)
	at java.desktop/java.awt.DefaultKeyboardFocusManager.preDispatchKeyEvent(DefaultKeyboardFocusManager.java:1139)
	at java.desktop/java.awt.DefaultKeyboardFocusManager.typeAheadAssertions(DefaultKeyboardFocusManager.java:1009)
	at java.desktop/java.awt.DefaultKeyboardFocusManager.dispatchEvent(DefaultKeyboardFocusManager.java:835)
	at java.desktop/java.awt.Component.dispatchEventImpl(Component.java:4892)
	at java.desktop/java.awt.Container.dispatchEventImpl(Container.java:2321)
	at java.desktop/java.awt.Window.dispatchEventImpl(Window.java:2772)
	at java.desktop/java.awt.Component.dispatchEvent(Component.java:4843)
	at java.desktop/java.awt.EventQueue.dispatchEventImpl(EventQueue.java:772)
	at java.desktop/java.awt.EventQueue$4.run(EventQueue.java:721)
	at java.desktop/java.awt.EventQueue$4.run(EventQueue.java:715)
	at java.base/java.security.AccessController.doPrivileged(Native Method)
	at java.base/java.security.ProtectionDomain$JavaSecurityAccessImpl.doIntersectionPrivilege(ProtectionDomain.java:85)
	at java.base/java.security.ProtectionDomain$JavaSecurityAccessImpl.doIntersectionPrivilege(ProtectionDomain.java:95)
	at java.desktop/java.awt.EventQueue$5.run(EventQueue.java:745)
	at java.desktop/java.awt.EventQueue$5.run(EventQueue.java:743)
	at java.base/java.security.AccessController.doPrivileged(Native Method)
	at java.base/java.security.ProtectionDomain$JavaSecurityAccessImpl.doIntersectionPrivilege(ProtectionDomain.java:85)
	at java.desktop/java.awt.EventQueue.dispatchEvent(EventQueue.java:742)
	at java.desktop/java.awt.EventDispatchThread.pumpOneEventForFilters(EventDispatchThread.java:203)
	at java.desktop/java.awt.EventDispatchThread.pumpEventsForFilter(EventDispatchThread.java:124)
	at java.desktop/java.awt.EventDispatchThread.pumpEventsForHierarchy(EventDispatchThread.java:113)
	at java.desktop/java.awt.EventDispatchThread.pumpEvents(EventDispatchThread.java:109)
	at java.desktop/java.awt.EventDispatchThread.pumpEvents(EventDispatchThread.java:101)
	at java.desktop/java.awt.EventDispatchThread.run(EventDispatchThread.java:90)
Exception in thread "AWT-EventQueue-0" javax.swing.undo.CannotUndoException
	at java.desktop/javax.swing.undo.AbstractUndoableEdit.undo(AbstractUndoableEdit.java:111)
	at com.cognizant.cognizantits.datalib.undoredo.CellUndoableEdit.undo(CellUndoableEdit.java:52)
	at com.cognizant.cognizantits.datalib.undoredo.GroupUndoableEdit.undo(GroupUndoableEdit.java:54)
	at java.desktop/javax.swing.undo.UndoManager.undoTo(UndoManager.java:347)
	at java.desktop/javax.swing.undo.UndoManager.tryUndoOrRedo(UndoManager.java:474)
	at java.desktop/javax.swing.undo.UndoManager.undo(UndoManager.java:416)
	at com.cognizant.cognizantits.datalib.undoredo.CommonUndoManager.undo(CommonUndoManager.java:94)
	at com.cognizant.cognizantits.ide.main.utils.table.XTable$3.actionPerformed(XTable.java:127)
	at java.desktop/javax.swing.SwingUtilities.notifyAction(SwingUtilities.java:1810)
	at java.desktop/javax.swing.JComponent.processKeyBinding(JComponent.java:2900)
	at java.desktop/javax.swing.JTable.processKeyBinding(JTable.java:5264)
	at java.desktop/javax.swing.JComponent.processKeyBindings(JComponent.java:2948)
	at java.desktop/javax.swing.JComponent.processKeyEvent(JComponent.java:2862)
	at java.desktop/java.awt.Component.processEvent(Component.java:6412)
	at java.desktop/java.awt.Container.processEvent(Container.java:2263)
	at java.desktop/java.awt.Component.dispatchEventImpl(Component.java:5011)
	at java.desktop/java.awt.Container.dispatchEventImpl(Container.java:2321)
	at java.desktop/java.awt.Component.dispatchEvent(Component.java:4843)
	at java.desktop/java.awt.KeyboardFocusManager.redispatchEvent(KeyboardFocusManager.java:1950)
	at java.desktop/java.awt.DefaultKeyboardFocusManager.dispatchKeyEvent(DefaultKeyboardFocusManager.java:870)
	at java.desktop/java.awt.DefaultKeyboardFocusManager.preDispatchKeyEvent(DefaultKeyboardFocusManager.java:1139)
	at java.desktop/java.awt.DefaultKeyboardFocusManager.typeAheadAssertions(DefaultKeyboardFocusManager.java:1009)
	at java.desktop/java.awt.DefaultKeyboardFocusManager.dispatchEvent(DefaultKeyboardFocusManager.java:835)
	at java.desktop/java.awt.Component.dispatchEventImpl(Component.java:4892)
	at java.desktop/java.awt.Container.dispatchEventImpl(Container.java:2321)
	at java.desktop/java.awt.Window.dispatchEventImpl(Window.java:2772)
	at java.desktop/java.awt.Component.dispatchEvent(Component.java:4843)
	at java.desktop/java.awt.EventQueue.dispatchEventImpl(EventQueue.java:772)
	at java.desktop/java.awt.EventQueue$4.run(EventQueue.java:721)
	at java.desktop/java.awt.EventQueue$4.run(EventQueue.java:715)
	at java.base/java.security.AccessController.doPrivileged(Native Method)
	at java.base/java.security.ProtectionDomain$JavaSecurityAccessImpl.doIntersectionPrivilege(ProtectionDomain.java:85)
	at java.base/java.security.ProtectionDomain$JavaSecurityAccessImpl.doIntersectionPrivilege(ProtectionDomain.java:95)
	at java.desktop/java.awt.EventQueue$5.run(EventQueue.java:745)
	at java.desktop/java.awt.EventQueue$5.run(EventQueue.java:743)
	at java.base/java.security.AccessController.doPrivileged(Native Method)
	at java.base/java.security.ProtectionDomain$JavaSecurityAccessImpl.doIntersectionPrivilege(ProtectionDomain.java:85)
	at java.desktop/java.awt.EventQueue.dispatchEvent(EventQueue.java:742)
	at java.desktop/java.awt.EventDispatchThread.pumpOneEventForFilters(EventDispatchThread.java:203)
	at java.desktop/java.awt.EventDispatchThread.pumpEventsForFilter(EventDispatchThread.java:124)
	at java.desktop/java.awt.EventDispatchThread.pumpEventsForHierarchy(EventDispatchThread.java:113)
	at java.desktop/java.awt.EventDispatchThread.pumpEvents(EventDispatchThread.java:109)
	at java.desktop/java.awt.EventDispatchThread.pumpEvents(EventDispatchThread.java:101)
	at java.desktop/java.awt.EventDispatchThread.run(EventDispatchThread.java:90)
Exception in thread "AWT-EventQueue-0" javax.swing.undo.CannotUndoException
	at java.desktop/javax.swing.undo.AbstractUndoableEdit.undo(AbstractUndoableEdit.java:111)
	at com.cognizant.cognizantits.datalib.undoredo.CellUndoableEdit.undo(CellUndoableEdit.java:52)
	at com.cognizant.cognizantits.datalib.undoredo.GroupUndoableEdit.undo(GroupUndoableEdit.java:54)
	at java.desktop/javax.swing.undo.UndoManager.undoTo(UndoManager.java:347)
	at java.desktop/javax.swing.undo.UndoManager.tryUndoOrRedo(UndoManager.java:474)
	at java.desktop/javax.swing.undo.UndoManager.undo(UndoManager.java:416)
	at com.cognizant.cognizantits.datalib.undoredo.CommonUndoManager.undo(CommonUndoManager.java:94)
	at com.cognizant.cognizantits.ide.main.utils.table.XTable$3.actionPerformed(XTable.java:127)
	at java.desktop/javax.swing.SwingUtilities.notifyAction(SwingUtilities.java:1810)
	at java.desktop/javax.swing.JComponent.processKeyBinding(JComponent.java:2900)
	at java.desktop/javax.swing.JTable.processKeyBinding(JTable.java:5264)
	at java.desktop/javax.swing.JComponent.processKeyBindings(JComponent.java:2948)
	at java.desktop/javax.swing.JComponent.processKeyEvent(JComponent.java:2862)
	at java.desktop/java.awt.Component.processEvent(Component.java:6412)
	at java.desktop/java.awt.Container.processEvent(Container.java:2263)
	at java.desktop/java.awt.Component.dispatchEventImpl(Component.java:5011)
	at java.desktop/java.awt.Container.dispatchEventImpl(Container.java:2321)
	at java.desktop/java.awt.Component.dispatchEvent(Component.java:4843)
	at java.desktop/java.awt.KeyboardFocusManager.redispatchEvent(KeyboardFocusManager.java:1950)
	at java.desktop/java.awt.DefaultKeyboardFocusManager.dispatchKeyEvent(DefaultKeyboardFocusManager.java:870)
	at java.desktop/java.awt.DefaultKeyboardFocusManager.preDispatchKeyEvent(DefaultKeyboardFocusManager.java:1139)
	at java.desktop/java.awt.DefaultKeyboardFocusManager.typeAheadAssertions(DefaultKeyboardFocusManager.java:1009)
	at java.desktop/java.awt.DefaultKeyboardFocusManager.dispatchEvent(DefaultKeyboardFocusManager.java:835)
	at java.desktop/java.awt.Component.dispatchEventImpl(Component.java:4892)
	at java.desktop/java.awt.Container.dispatchEventImpl(Container.java:2321)
	at java.desktop/java.awt.Window.dispatchEventImpl(Window.java:2772)
	at java.desktop/java.awt.Component.dispatchEvent(Component.java:4843)
	at java.desktop/java.awt.EventQueue.dispatchEventImpl(EventQueue.java:772)
	at java.desktop/java.awt.EventQueue$4.run(EventQueue.java:721)
	at java.desktop/java.awt.EventQueue$4.run(EventQueue.java:715)
	at java.base/java.security.AccessController.doPrivileged(Native Method)
	at java.base/java.security.ProtectionDomain$JavaSecurityAccessImpl.doIntersectionPrivilege(ProtectionDomain.java:85)
	at java.base/java.security.ProtectionDomain$JavaSecurityAccessImpl.doIntersectionPrivilege(ProtectionDomain.java:95)
	at java.desktop/java.awt.EventQueue$5.run(EventQueue.java:745)
	at java.desktop/java.awt.EventQueue$5.run(EventQueue.java:743)
	at java.base/java.security.AccessController.doPrivileged(Native Method)
	at java.base/java.security.ProtectionDomain$JavaSecurityAccessImpl.doIntersectionPrivilege(ProtectionDomain.java:85)
	at java.desktop/java.awt.EventQueue.dispatchEvent(EventQueue.java:742)
	at java.desktop/java.awt.EventDispatchThread.pumpOneEventForFilters(EventDispatchThread.java:203)
	at java.desktop/java.awt.EventDispatchThread.pumpEventsForFilter(EventDispatchThread.java:124)
	at java.desktop/java.awt.EventDispatchThread.pumpEventsForHierarchy(EventDispatchThread.java:113)
	at java.desktop/java.awt.EventDispatchThread.pumpEvents(EventDispatchThread.java:109)
	at java.desktop/java.awt.EventDispatchThread.pumpEvents(EventDispatchThread.java:101)
	at java.desktop/java.awt.EventDispatchThread.run(EventDispatchThread.java:90)
Exception in thread "AWT-EventQueue-0" javax.swing.undo.CannotUndoException
	at java.desktop/javax.swing.undo.AbstractUndoableEdit.undo(AbstractUndoableEdit.java:111)
	at com.cognizant.cognizantits.datalib.undoredo.CellUndoableEdit.undo(CellUndoableEdit.java:52)
	at com.cognizant.cognizantits.datalib.undoredo.GroupUndoableEdit.undo(GroupUndoableEdit.java:54)
	at java.desktop/javax.swing.undo.UndoManager.undoTo(UndoManager.java:347)
	at java.desktop/javax.swing.undo.UndoManager.tryUndoOrRedo(UndoManager.java:474)
	at java.desktop/javax.swing.undo.UndoManager.undo(UndoManager.java:416)
	at com.cognizant.cognizantits.datalib.undoredo.CommonUndoManager.undo(CommonUndoManager.java:94)
	at com.cognizant.cognizantits.ide.main.utils.table.XTable$3.actionPerformed(XTable.java:127)
	at java.desktop/javax.swing.SwingUtilities.notifyAction(SwingUtilities.java:1810)
	at java.desktop/javax.swing.JComponent.processKeyBinding(JComponent.java:2900)
	at java.desktop/javax.swing.JTable.processKeyBinding(JTable.java:5264)
	at java.desktop/javax.swing.JComponent.processKeyBindings(JComponent.java:2948)
	at java.desktop/javax.swing.JComponent.processKeyEvent(JComponent.java:2862)
	at java.desktop/java.awt.Component.processEvent(Component.java:6412)
	at java.desktop/java.awt.Container.processEvent(Container.java:2263)
	at java.desktop/java.awt.Component.dispatchEventImpl(Component.java:5011)
	at java.desktop/java.awt.Container.dispatchEventImpl(Container.java:2321)
	at java.desktop/java.awt.Component.dispatchEvent(Component.java:4843)
	at java.desktop/java.awt.KeyboardFocusManager.redispatchEvent(KeyboardFocusManager.java:1950)
	at java.desktop/java.awt.DefaultKeyboardFocusManager.dispatchKeyEvent(DefaultKeyboardFocusManager.java:870)
	at java.desktop/java.awt.DefaultKeyboardFocusManager.preDispatchKeyEvent(DefaultKeyboardFocusManager.java:1139)
	at java.desktop/java.awt.DefaultKeyboardFocusManager.typeAheadAssertions(DefaultKeyboardFocusManager.java:1009)
	at java.desktop/java.awt.DefaultKeyboardFocusManager.dispatchEvent(DefaultKeyboardFocusManager.java:835)
	at java.desktop/java.awt.Component.dispatchEventImpl(Component.java:4892)
	at java.desktop/java.awt.Container.dispatchEventImpl(Container.java:2321)
	at java.desktop/java.awt.Window.dispatchEventImpl(Window.java:2772)
	at java.desktop/java.awt.Component.dispatchEvent(Component.java:4843)
	at java.desktop/java.awt.EventQueue.dispatchEventImpl(EventQueue.java:772)
	at java.desktop/java.awt.EventQueue$4.run(EventQueue.java:721)
	at java.desktop/java.awt.EventQueue$4.run(EventQueue.java:715)
	at java.base/java.security.AccessController.doPrivileged(Native Method)
	at java.base/java.security.ProtectionDomain$JavaSecurityAccessImpl.doIntersectionPrivilege(ProtectionDomain.java:85)
	at java.base/java.security.ProtectionDomain$JavaSecurityAccessImpl.doIntersectionPrivilege(ProtectionDomain.java:95)
	at java.desktop/java.awt.EventQueue$5.run(EventQueue.java:745)
	at java.desktop/java.awt.EventQueue$5.run(EventQueue.java:743)
	at java.base/java.security.AccessController.doPrivileged(Native Method)
	at java.base/java.security.ProtectionDomain$JavaSecurityAccessImpl.doIntersectionPrivilege(ProtectionDomain.java:85)
	at java.desktop/java.awt.EventQueue.dispatchEvent(EventQueue.java:742)
	at java.desktop/java.awt.EventDispatchThread.pumpOneEventForFilters(EventDispatchThread.java:203)
	at java.desktop/java.awt.EventDispatchThread.pumpEventsForFilter(EventDispatchThread.java:124)
	at java.desktop/java.awt.EventDispatchThread.pumpEventsForHierarchy(EventDispatchThread.java:113)
	at java.desktop/java.awt.EventDispatchThread.pumpEvents(EventDispatchThread.java:109)
	at java.desktop/java.awt.EventDispatchThread.pumpEvents(EventDispatchThread.java:101)
	at java.desktop/java.awt.EventDispatchThread.run(EventDispatchThread.java:90)
Warning: Nashorn engine is planned to be removed from a future JDK release
2021-05-07 08:03:34:05S -0700 [OFF ] com.cognizant.cognizantits.engine.drivers.AutomationObject getElements:null
org.openqa.selenium.TimeoutException: Expected condition failed: waiting for com.cognizant.cognizantits.engine.drivers.AutomationObject$$Lambda$655/0x0000000100835040@fa898e8 (tried for 120 second(s) with 500 milliseconds interval)
Build info: version: '3.141.59', revision: 'e82be7d358', time: '2018-11-14T08:17:03'
System info: host: 'a-3r8gwg1klqwgb', ip: '10.10.111.189', os.name: 'Linux', os.arch: 'amd64', os.version: '4.14.231-173.360.amzn2.x86_64', java.version: '11.0.11'
Driver info: org.openqa.selenium.chrome.ChromeDriver
Capabilities {acceptInsecureCerts: false, browserName: chrome, browserVersion: 90.0.4430.93, chrome: {chromedriverVersion: 89.0.4389.23 (61b08ee2c5002..., userDataDir: /tmp/.com.google.Chrome.FXPNo6}, goog:chromeOptions: {debuggerAddress: localhost:37409}, javascriptEnabled: true, networkConnectionEnabled: false, pageLoadStrategy: normal, platform: LINUX, platformName: LINUX, proxy: Proxy(), setWindowRect: true, strictFileInteractability: false, timeouts: {implicit: 0, pageLoad: 300000, script: 30000}, unhandledPromptBehavior: dismiss and notify, webauthn:extension:largeBlob: true, webauthn:virtualAuthenticators: true}
Session ID: 6713758e3f26f6d0fd8d0ed99cf1b72c
	at org.openqa.selenium.support.ui.WebDriverWait.timeoutException(WebDriverWait.java:95)
	at org.openqa.selenium.support.ui.FluentWait.until(FluentWait.java:272)
	at com.cognizant.cognizantits.engine.drivers.AutomationObject.getElements(AutomationObject.java:303)
	at com.cognizant.cognizantits.engine.drivers.AutomationObject.getWElements(AutomationObject.java:255)
	at com.cognizant.cognizantits.engine.drivers.AutomationObject.findElements(AutomationObject.java:242)
	at com.cognizant.cognizantits.engine.drivers.AutomationObject.findElement(AutomationObject.java:118)
	at com.cognizant.cognizantits.engine.drivers.AutomationObject.findElement(AutomationObject.java:111)
	at com.cognizant.cognizantits.engine.core.CommandControl.sync(CommandControl.java:94)
	at com.cognizant.cognizantits.engine.core.CommandControl.sync(CommandControl.java:173)
	at com.cognizant.cognizantits.engine.execution.run.TestStepRunner.executeStep(TestStepRunner.java:160)
	at com.cognizant.cognizantits.engine.execution.run.TestStepRunner.executeStep(TestStepRunner.java:147)
	at com.cognizant.cognizantits.engine.execution.run.TestStepRunner.run(TestStepRunner.java:66)
	at com.cognizant.cognizantits.engine.execution.run.TestCaseRunner.runStep(TestCaseRunner.java:395)
	at com.cognizant.cognizantits.engine.execution.run.TestCaseRunner.run(TestCaseRunner.java:346)
	at com.cognizant.cognizantits.engine.execution.run.TestCaseRunner.run(TestCaseRunner.java:387)
	at com.cognizant.cognizantits.engine.execution.run.TestStepRunner.executeTestCase(TestStepRunner.java:137)
	at com.cognizant.cognizantits.engine.execution.run.TestStepRunner.execute(TestStepRunner.java:118)
	at com.cognizant.cognizantits.engine.execution.run.TestStepRunner.run(TestStepRunner.java:63)
	at com.cognizant.cognizantits.engine.execution.run.TestCaseRunner.runStep(TestCaseRunner.java:395)
	at com.cognizant.cognizantits.engine.execution.run.TestCaseRunner.run(TestCaseRunner.java:346)
	at com.cognizant.cognizantits.engine.core.Task.runIteration(Task.java:130)
	at com.cognizant.cognizantits.engine.core.Task.run(Task.java:85)
	at java.base/java.util.concurrent.ThreadPoolExecutor.runWorker(ThreadPoolExecutor.java:1128)
	at java.base/java.util.concurrent.ThreadPoolExecutor$Worker.run(ThreadPoolExecutor.java:628)
	at java.base/java.lang.Thread.run(Thread.java:829)

Couldn't find Object 'ApprovalPending_Msg' in stipulated Time '120' Seconds
[FAIL]   | Seems Like the Element [ApprovalPending_Msg] is Not Present/Found in the page Try Adding wait or heal it

===================================================================================================

2021-05-07 08:03:35:05S -0700 [SEVERE] com.cognizant.cognizantits.engine.execution.run.TestCaseRunner onRuntimeException:Seems Like the Element [ApprovalPending_Msg] is Not Present/Found in the page Try Adding wait or heal it
com.cognizant.cognizantits.engine.execution.exception.element.ElementException: Seems Like the Element [ApprovalPending_Msg] is Not Present/Found in the page Try Adding wait or heal it
	at com.cognizant.cognizantits.engine.commands.General.elementDisplayed(General.java:57)
	at com.cognizant.cognizantits.engine.commands.VerifyElement.verifyElementDisplayed(VerifyElement.java:66)
	at com.cognizant.cognizantits.engine.support.reflect.MethodExecutor.executeMethod(MethodExecutor.java:39)
	at com.cognizant.cognizantits.engine.execution.run.TestStepRunner.executeAction(TestStepRunner.java:165)
	at com.cognizant.cognizantits.engine.execution.run.TestStepRunner.executeStep(TestStepRunner.java:161)
	at com.cognizant.cognizantits.engine.execution.run.TestStepRunner.executeStep(TestStepRunner.java:147)
	at com.cognizant.cognizantits.engine.execution.run.TestStepRunner.run(TestStepRunner.java:66)
	at com.cognizant.cognizantits.engine.execution.run.TestCaseRunner.runStep(TestCaseRunner.java:395)
	at com.cognizant.cognizantits.engine.execution.run.TestCaseRunner.run(TestCaseRunner.java:346)
	at com.cognizant.cognizantits.engine.execution.run.TestCaseRunner.run(TestCaseRunner.java:387)
	at com.cognizant.cognizantits.engine.execution.run.TestStepRunner.executeTestCase(TestStepRunner.java:137)
	at com.cognizant.cognizantits.engine.execution.run.TestStepRunner.execute(TestStepRunner.java:118)
	at com.cognizant.cognizantits.engine.execution.run.TestStepRunner.run(TestStepRunner.java:63)
	at com.cognizant.cognizantits.engine.execution.run.TestCaseRunner.runStep(TestCaseRunner.java:395)
	at com.cognizant.cognizantits.engine.execution.run.TestCaseRunner.run(TestCaseRunner.java:346)
	at com.cognizant.cognizantits.engine.core.Task.runIteration(Task.java:130)
	at com.cognizant.cognizantits.engine.core.Task.run(Task.java:85)
	at java.base/java.util.concurrent.ThreadPoolExecutor.runWorker(ThreadPoolExecutor.java:1128)
	at java.base/java.util.concurrent.ThreadPoolExecutor$Worker.run(ThreadPoolExecutor.java:628)
	at java.base/java.lang.Thread.run(Thread.java:829)

Step:30  | Object: OK_BTN | Action: Click | Input:  | Conditon:  | @07-May-2021 08:03:35.035
Using @xpath [(//button[contains(text(),'OK')])[3]], Object 'OK_BTN' Found in 12 ms
[FAIL]   | Seems Like the Element [OK_BTN] is Not Visible or hidden at the moment

===================================================================================================

2021-05-07 08:03:36:05S -0700 [SEVERE] com.cognizant.cognizantits.engine.execution.run.TestCaseRunner onRuntimeException:Seems Like the Element [OK_BTN] is Not Visible or hidden at the moment
com.cognizant.cognizantits.engine.execution.exception.element.ElementException: Seems Like the Element [OK_BTN] is Not Visible or hidden at the moment
	at com.cognizant.cognizantits.engine.commands.General.elementEnabled(General.java:64)
	at com.cognizant.cognizantits.engine.commands.Basic.Click(Basic.java:47)
	at com.cognizant.cognizantits.engine.support.reflect.MethodExecutor.executeMethod(MethodExecutor.java:39)
	at com.cognizant.cognizantits.engine.execution.run.TestStepRunner.executeAction(TestStepRunner.java:165)
	at com.cognizant.cognizantits.engine.execution.run.TestStepRunner.executeStep(TestStepRunner.java:161)
	at com.cognizant.cognizantits.engine.execution.run.TestStepRunner.executeStep(TestStepRunner.java:147)
	at com.cognizant.cognizantits.engine.execution.run.TestStepRunner.run(TestStepRunner.java:66)
	at com.cognizant.cognizantits.engine.execution.run.TestCaseRunner.runStep(TestCaseRunner.java:395)
	at com.cognizant.cognizantits.engine.execution.run.TestCaseRunner.run(TestCaseRunner.java:346)
	at com.cognizant.cognizantits.engine.execution.run.TestCaseRunner.run(TestCaseRunner.java:387)
	at com.cognizant.cognizantits.engine.execution.run.TestStepRunner.executeTestCase(TestStepRunner.java:137)
	at com.cognizant.cognizantits.engine.execution.run.TestStepRunner.execute(TestStepRunner.java:118)
	at com.cognizant.cognizantits.engine.execution.run.TestStepRunner.run(TestStepRunner.java:63)
	at com.cognizant.cognizantits.engine.execution.run.TestCaseRunner.runStep(TestCaseRunner.java:395)
	at com.cognizant.cognizantits.engine.execution.run.TestCaseRunner.run(TestCaseRunner.java:346)
	at com.cognizant.cognizantits.engine.core.Task.runIteration(Task.java:130)
	at com.cognizant.cognizantits.engine.core.Task.run(Task.java:85)
	at java.base/java.util.concurrent.ThreadPoolExecutor.runWorker(ThreadPoolExecutor.java:1128)
	at java.base/java.util.concurrent.ThreadPoolExecutor$Worker.run(ThreadPoolExecutor.java:628)
	at java.base/java.lang.Thread.run(Thread.java:829)

Step:31  | Object: Browser | Action: takeScreenshot | Input:  | Conditon:  | @07-May-2021 08:03:36.036
[PASS]   | Screenshot is taken

===================================================================================================

Step:2   | Object: Browser | Action: PSIC_DelNewUser | Input:  | Conditon:  | @07-May-2021 08:03:36.036
Pending New User requires Approval for PSIC Login
[PASS]   | [Pending New User requires Approval for PSIC Login] deleted successfully 

===================================================================================================


---------------------------------------------------
Testcase Name        : PROD_DIM_Scenarios:10.SignUp_NewUser
Executed Steps       : 34
Passed Steps         : 31
Failed Steps         : 3
Time Taken           : 00:04:42
-----------------------------------------------------

Inside Task Run
Running Iteration 1
Launching Chrome Headless
Launching Local Driver
Starting ChromeDriver 89.0.4389.23 (61b08ee2c50024bab004e48d2b1b083cdbdac579-refs/branch-heads/4389@{#294}) on port 29814
Only local connections are allowed.
Please see https://chromedriver.chromium.org/security-considerations for suggestions on keeping ChromeDriver safe.
ChromeDriver was started successfully.
[1620399822.665][WARNING]: This version of ChromeDriver has not been tested with Chrome version 90.
2021-05-07 08:03:42:05S -0700 [INFO] org.openqa.selenium.remote.ProtocolHandshake createSession:Detected dialect: W3C
Chrome Headless Launched
Step:1   | Object: Browser | Action: Open | Input: DIM_Login:URL | Conditon:  | @07-May-2021 08:03:42.042
[DONE]   | Opened Url: https://portal.pacificspecialty.com/signin

===================================================================================================

Step:2   | Object: Browser | Action: setElementTimeOut | Input: @120 | Conditon:  | @07-May-2021 08:03:51.051
[DONE]   | Element Wait time changed to 120 second/s

===================================================================================================

Step:3   | Object: Browser | Action: waitForPageLoaded | Input:  | Conditon:  | @07-May-2021 08:03:51.051
[DONE]   | Page load completed in stipulated time

===================================================================================================

Step:4   | Object: Browser | Action: pause | Input: @5000 | Conditon:  | @07-May-2021 08:03:51.051
[DONE]   | Thread sleep for '5000

===================================================================================================

Step:2   | Object: UserName_TB | Action: PSIC_Set | Input: DIM_Login:Username | Conditon:  | @07-May-2021 08:03:56.056
Using @xpath [//input[@id="okta-signin-username"]], Object 'UserName_TB' Found in 11 ms
Step:3   | Object: Password_TB | Action: PSIC_Set | Input: DIM_Login:Password | Conditon:  | @07-May-2021 08:03:56.056
Using @xpath [//input[@id="okta-signin-password"]], Object 'Password_TB' Found in 10 ms
Step:4   | Object: Login_BTN | Action: Click | Input:  | Conditon:  | @07-May-2021 08:03:56.056
Using @xpath [//input[@id="okta-signin-submit"]], Object 'Login_BTN' Found in 10 ms
[DONE]   | Clicking on Login_BTN

===================================================================================================

Step:5   | Object: Username_Error | Action: assertElementDisplayed | Input:  | Conditon:  | @07-May-2021 08:03:56.056
Using @xpath [//*[text()="Please enter a username"]], Object 'Username_Error' Found in 19 ms
[PASS]   | Element [Username_Error] is Displayed

===================================================================================================

Step:6   | Object: Password_Error | Action: assertElementDisplayed | Input:  | Conditon:  | @07-May-2021 08:03:58.058
Using @xpath [//*[text()="Please enter a password"]], Object 'Password_Error' Found in 14 ms
[PASS]   | Element [Password_Error] is Displayed

===================================================================================================

Step:7   | Object: EmptyLogin_Error | Action: assertElementDisplayed | Input:  | Conditon:  | @07-May-2021 08:03:59.059
Using @xpath [//*[text()="We found some errors. Please review the form and make corrections."]], Object 'EmptyLogin_Error' Found in 11 ms
[PASS]   | Element [EmptyLogin_Error] is Displayed

===================================================================================================


---------------------------------------------------
Testcase Name        : PROD_DIM_Scenarios:16.Errorvalidation_UserLogin
Executed Steps       : 8
Passed Steps         : 8
Failed Steps         : 0
Time Taken           : 00:00:19
-----------------------------------------------------

Inside Task Run
Running Iteration 1
Launching Chrome Headless
Launching Local Driver
Starting ChromeDriver 89.0.4389.23 (61b08ee2c50024bab004e48d2b1b083cdbdac579-refs/branch-heads/4389@{#294}) on port 25187
Only local connections are allowed.
Please see https://chromedriver.chromium.org/security-considerations for suggestions on keeping ChromeDriver safe.
ChromeDriver was started successfully.
[1620399841.590][WARNING]: This version of ChromeDriver has not been tested with Chrome version 90.
2021-05-07 08:04:01:05S -0700 [INFO] org.openqa.selenium.remote.ProtocolHandshake createSession:Detected dialect: W3C
Chrome Headless Launched
Step:1   | Object: Browser | Action: Open | Input: DIM_Login:URL | Conditon:  | @07-May-2021 08:04:01.001
[DONE]   | Opened Url: https://portal.pacificspecialty.com/signin

===================================================================================================

Step:2   | Object: Browser | Action: setElementTimeOut | Input: @200 | Conditon:  | @07-May-2021 08:04:10.010
[DONE]   | Element Wait time changed to 200 second/s

===================================================================================================

Step:3   | Object: UserLogin_TXT | Action: verifyElementDisplayed | Input:  | Conditon:  | @07-May-2021 08:04:10.010
Using @xpath [//*[@class='okta-form-title o-form-head' and text()='USER LOGIN']], Object 'UserLogin_TXT' Found in 17 ms
[PASS]   | Element [UserLogin_TXT] is Displayed

===================================================================================================

Step:4   | Object: UserName_TB | Action: PSIC_Set | Input: DIM_Login:Username | Conditon:  | @07-May-2021 08:04:12.012
Using @xpath [//input[@id="okta-signin-username"]], Object 'UserName_TB' Found in 14 ms
[DONE]   | Entered Text 'Autouser1' on 'UserName_TB'

===================================================================================================

Step:5   | Object: Password_TB | Action: PSIC_SetDecrypt | Input: DIM_Login:Password | Conditon:  | @07-May-2021 08:04:12.012
Using @xpath [//input[@id="okta-signin-password"]], Object 'Password_TB' Found in 10 ms
[DONE]   | Entered Text '********' on 'Password_TB'

===================================================================================================

Step:6   | Object: Login_BTN | Action: Click | Input:  | Conditon:  | @07-May-2021 08:04:12.012
Using @xpath [//input[@id="okta-signin-submit"]], Object 'Login_BTN' Found in 10 ms
[DONE]   | Clicking on Login_BTN

===================================================================================================

Step:7   | Object: Browser | Action: setElementTimeOut | Input: @10 | Conditon:  | @07-May-2021 08:04:12.012
[DONE]   | Element Wait time changed to 10 second/s

===================================================================================================

Step:8   | Object: Browser | Action: pause | Input: @2000 | Conditon:  | @07-May-2021 08:04:12.012
[DONE]   | Thread sleep for '2000

===================================================================================================

Step:9   | Object: Browser | Action: takeScreenshot | Input:  | Conditon:  | @07-May-2021 08:04:14.014
[PASS]   | Screenshot is taken

===================================================================================================

Step:10  | Object: Welcome_TXT | Action: verifyElementDisplayed | Input:  | Conditon:  | @07-May-2021 08:04:15.015
Using @xpath [//*[contains(text(),' Welcome')]], Object 'Welcome_TXT' Found in 12 ms
[PASS]   | Element [Welcome_TXT] is Displayed

===================================================================================================

Step:11  | Object: Browser | Action: takeScreenshot | Input:  | Conditon:  | @07-May-2021 08:04:16.016
[PASS]   | Screenshot is taken

===================================================================================================

Step:12  | Object: Welcome_TXT | Action: verifyElementDisplayed | Input:  | Conditon:  | @07-May-2021 08:04:17.017
Using @xpath [//*[contains(text(),' Welcome')]], Object 'Welcome_TXT' Found in 7 ms
[PASS]   | Element [Welcome_TXT] is Displayed

===================================================================================================

Step:1   | Object: Profile_Icon | Action: Click | Input:  | Conditon:  | @07-May-2021 08:04:18.018
Using @xpath [//*[@class="user-icon"]], Object 'Profile_Icon' Found in 10 ms
[DONE]   | Clicking on Profile_Icon

===================================================================================================

Step:2   | Object: Browser | Action: pause | Input: @3000 | Conditon:  | @07-May-2021 08:04:19.019
[DONE]   | Thread sleep for '3000

===================================================================================================

Step:3   | Object: UserMgmt_Link | Action: Click | Input:  | Conditon:  | @07-May-2021 08:04:22.022
2021-05-07 08:04:32:05S -0700 [OFF ] com.cognizant.cognizantits.engine.drivers.AutomationObject getElements:null
org.openqa.selenium.TimeoutException: Expected condition failed: waiting for com.cognizant.cognizantits.engine.drivers.AutomationObject$$Lambda$655/0x0000000100835040@58778d54 (tried for 10 second(s) with 500 milliseconds interval)
Build info: version: '3.141.59', revision: 'e82be7d358', time: '2018-11-14T08:17:03'
System info: host: 'a-3r8gwg1klqwgb', ip: '10.10.111.189', os.name: 'Linux', os.arch: 'amd64', os.version: '4.14.231-173.360.amzn2.x86_64', java.version: '11.0.11'
Driver info: org.openqa.selenium.chrome.ChromeDriver
Capabilities {acceptInsecureCerts: false, browserName: chrome, browserVersion: 90.0.4430.93, chrome: {chromedriverVersion: 89.0.4389.23 (61b08ee2c5002..., userDataDir: /tmp/.com.google.Chrome.1Grmuh}, goog:chromeOptions: {debuggerAddress: localhost:40011}, javascriptEnabled: true, networkConnectionEnabled: false, pageLoadStrategy: normal, platform: LINUX, platformName: LINUX, proxy: Proxy(), setWindowRect: true, strictFileInteractability: false, timeouts: {implicit: 0, pageLoad: 300000, script: 30000}, unhandledPromptBehavior: dismiss and notify, webauthn:extension:largeBlob: true, webauthn:virtualAuthenticators: true}
Session ID: 51965b920223aeacf1e27ee2c78efe50
	at org.openqa.selenium.support.ui.WebDriverWait.timeoutException(WebDriverWait.java:95)
	at org.openqa.selenium.support.ui.FluentWait.until(FluentWait.java:272)
	at com.cognizant.cognizantits.engine.drivers.AutomationObject.getElements(AutomationObject.java:303)
	at com.cognizant.cognizantits.engine.drivers.AutomationObject.getWElements(AutomationObject.java:255)
	at com.cognizant.cognizantits.engine.drivers.AutomationObject.findElements(AutomationObject.java:242)
	at com.cognizant.cognizantits.engine.drivers.AutomationObject.findElement(AutomationObject.java:118)
	at com.cognizant.cognizantits.engine.drivers.AutomationObject.findElement(AutomationObject.java:111)
	at com.cognizant.cognizantits.engine.core.CommandControl.sync(CommandControl.java:94)
	at com.cognizant.cognizantits.engine.core.CommandControl.sync(CommandControl.java:173)
	at com.cognizant.cognizantits.engine.execution.run.TestStepRunner.executeStep(TestStepRunner.java:160)
	at com.cognizant.cognizantits.engine.execution.run.TestStepRunner.executeStep(TestStepRunner.java:147)
	at com.cognizant.cognizantits.engine.execution.run.TestStepRunner.run(TestStepRunner.java:66)
	at com.cognizant.cognizantits.engine.execution.run.TestCaseRunner.runStep(TestCaseRunner.java:395)
	at com.cognizant.cognizantits.engine.execution.run.TestCaseRunner.run(TestCaseRunner.java:346)
	at com.cognizant.cognizantits.engine.execution.run.TestCaseRunner.run(TestCaseRunner.java:387)
	at com.cognizant.cognizantits.engine.execution.run.TestStepRunner.executeTestCase(TestStepRunner.java:137)
	at com.cognizant.cognizantits.engine.execution.run.TestStepRunner.execute(TestStepRunner.java:118)
	at com.cognizant.cognizantits.engine.execution.run.TestStepRunner.run(TestStepRunner.java:63)
	at com.cognizant.cognizantits.engine.execution.run.TestCaseRunner.runStep(TestCaseRunner.java:395)
	at com.cognizant.cognizantits.engine.execution.run.TestCaseRunner.run(TestCaseRunner.java:346)
	at com.cognizant.cognizantits.engine.core.Task.runIteration(Task.java:130)
	at com.cognizant.cognizantits.engine.core.Task.run(Task.java:85)
	at java.base/java.util.concurrent.ThreadPoolExecutor.runWorker(ThreadPoolExecutor.java:1128)
	at java.base/java.util.concurrent.ThreadPoolExecutor$Worker.run(ThreadPoolExecutor.java:628)
	at java.base/java.lang.Thread.run(Thread.java:829)

Couldn't find Object 'UserMgmt_Link' in stipulated Time '10' Seconds
[FAIL]   | Seems Like the Element [UserMgmt_Link] is Not Present/Found in the page Try Adding wait or heal it

===================================================================================================

2021-05-07 08:04:33:05S -0700 [SEVERE] com.cognizant.cognizantits.engine.execution.run.TestCaseRunner onRuntimeException:Seems Like the Element [UserMgmt_Link] is Not Present/Found in the page Try Adding wait or heal it
com.cognizant.cognizantits.engine.execution.exception.element.ElementException: Seems Like the Element [UserMgmt_Link] is Not Present/Found in the page Try Adding wait or heal it
	at com.cognizant.cognizantits.engine.commands.General.elementDisplayed(General.java:57)
	at com.cognizant.cognizantits.engine.commands.General.elementEnabled(General.java:63)
	at com.cognizant.cognizantits.engine.commands.Basic.Click(Basic.java:47)
	at com.cognizant.cognizantits.engine.support.reflect.MethodExecutor.executeMethod(MethodExecutor.java:39)
	at com.cognizant.cognizantits.engine.execution.run.TestStepRunner.executeAction(TestStepRunner.java:165)
	at com.cognizant.cognizantits.engine.execution.run.TestStepRunner.executeStep(TestStepRunner.java:161)
	at com.cognizant.cognizantits.engine.execution.run.TestStepRunner.executeStep(TestStepRunner.java:147)
	at com.cognizant.cognizantits.engine.execution.run.TestStepRunner.run(TestStepRunner.java:66)
	at com.cognizant.cognizantits.engine.execution.run.TestCaseRunner.runStep(TestCaseRunner.java:395)
	at com.cognizant.cognizantits.engine.execution.run.TestCaseRunner.run(TestCaseRunner.java:346)
	at com.cognizant.cognizantits.engine.execution.run.TestCaseRunner.run(TestCaseRunner.java:387)
	at com.cognizant.cognizantits.engine.execution.run.TestStepRunner.executeTestCase(TestStepRunner.java:137)
	at com.cognizant.cognizantits.engine.execution.run.TestStepRunner.execute(TestStepRunner.java:118)
	at com.cognizant.cognizantits.engine.execution.run.TestStepRunner.run(TestStepRunner.java:63)
	at com.cognizant.cognizantits.engine.execution.run.TestCaseRunner.runStep(TestCaseRunner.java:395)
	at com.cognizant.cognizantits.engine.execution.run.TestCaseRunner.run(TestCaseRunner.java:346)
	at com.cognizant.cognizantits.engine.core.Task.runIteration(Task.java:130)
	at com.cognizant.cognizantits.engine.core.Task.run(Task.java:85)
	at java.base/java.util.concurrent.ThreadPoolExecutor.runWorker(ThreadPoolExecutor.java:1128)
	at java.base/java.util.concurrent.ThreadPoolExecutor$Worker.run(ThreadPoolExecutor.java:628)
	at java.base/java.lang.Thread.run(Thread.java:829)

Step:4   | Object: Browser | Action: pause | Input: @5000 | Conditon:  | @07-May-2021 08:04:33.033
[DONE]   | Thread sleep for '5000

===================================================================================================

Step:5   | Object: Browser | Action: takeScreenshot | Input:  | Conditon:  | @07-May-2021 08:04:38.038
[PASS]   | Screenshot is taken

===================================================================================================

Step:1   | Object: View_ExistProfile | Action: Click | Input:  | Conditon:  | @07-May-2021 08:04:39.039
2021-05-07 08:04:49:05S -0700 [OFF ] com.cognizant.cognizantits.engine.drivers.AutomationObject getElements:null
org.openqa.selenium.TimeoutException: Expected condition failed: waiting for com.cognizant.cognizantits.engine.drivers.AutomationObject$$Lambda$655/0x0000000100835040@5aa36d16 (tried for 10 second(s) with 500 milliseconds interval)
Build info: version: '3.141.59', revision: 'e82be7d358', time: '2018-11-14T08:17:03'
System info: host: 'a-3r8gwg1klqwgb', ip: '10.10.111.189', os.name: 'Linux', os.arch: 'amd64', os.version: '4.14.231-173.360.amzn2.x86_64', java.version: '11.0.11'
Driver info: org.openqa.selenium.chrome.ChromeDriver
Capabilities {acceptInsecureCerts: false, browserName: chrome, browserVersion: 90.0.4430.93, chrome: {chromedriverVersion: 89.0.4389.23 (61b08ee2c5002..., userDataDir: /tmp/.com.google.Chrome.1Grmuh}, goog:chromeOptions: {debuggerAddress: localhost:40011}, javascriptEnabled: true, networkConnectionEnabled: false, pageLoadStrategy: normal, platform: LINUX, platformName: LINUX, proxy: Proxy(), setWindowRect: true, strictFileInteractability: false, timeouts: {implicit: 0, pageLoad: 300000, script: 30000}, unhandledPromptBehavior: dismiss and notify, webauthn:extension:largeBlob: true, webauthn:virtualAuthenticators: true}
Session ID: 51965b920223aeacf1e27ee2c78efe50
	at org.openqa.selenium.support.ui.WebDriverWait.timeoutException(WebDriverWait.java:95)
	at org.openqa.selenium.support.ui.FluentWait.until(FluentWait.java:272)
	at com.cognizant.cognizantits.engine.drivers.AutomationObject.getElements(AutomationObject.java:303)
	at com.cognizant.cognizantits.engine.drivers.AutomationObject.getWElements(AutomationObject.java:255)
	at com.cognizant.cognizantits.engine.drivers.AutomationObject.findElements(AutomationObject.java:242)
	at com.cognizant.cognizantits.engine.drivers.AutomationObject.findElement(AutomationObject.java:118)
	at com.cognizant.cognizantits.engine.drivers.AutomationObject.findElement(AutomationObject.java:111)
	at com.cognizant.cognizantits.engine.core.CommandControl.sync(CommandControl.java:94)
	at com.cognizant.cognizantits.engine.core.CommandControl.sync(CommandControl.java:173)
	at com.cognizant.cognizantits.engine.execution.run.TestStepRunner.executeStep(TestStepRunner.java:160)
	at com.cognizant.cognizantits.engine.execution.run.TestStepRunner.executeStep(TestStepRunner.java:147)
	at com.cognizant.cognizantits.engine.execution.run.TestStepRunner.run(TestStepRunner.java:66)
	at com.cognizant.cognizantits.engine.execution.run.TestCaseRunner.runStep(TestCaseRunner.java:395)
	at com.cognizant.cognizantits.engine.execution.run.TestCaseRunner.run(TestCaseRunner.java:346)
	at com.cognizant.cognizantits.engine.execution.run.TestCaseRunner.run(TestCaseRunner.java:387)
	at com.cognizant.cognizantits.engine.execution.run.TestStepRunner.executeTestCase(TestStepRunner.java:137)
	at com.cognizant.cognizantits.engine.execution.run.TestStepRunner.execute(TestStepRunner.java:118)
	at com.cognizant.cognizantits.engine.execution.run.TestStepRunner.run(TestStepRunner.java:63)
	at com.cognizant.cognizantits.engine.execution.run.TestCaseRunner.runStep(TestCaseRunner.java:395)
	at com.cognizant.cognizantits.engine.execution.run.TestCaseRunner.run(TestCaseRunner.java:346)
	at com.cognizant.cognizantits.engine.core.Task.runIteration(Task.java:130)
	at com.cognizant.cognizantits.engine.core.Task.run(Task.java:85)
	at java.base/java.util.concurrent.ThreadPoolExecutor.runWorker(ThreadPoolExecutor.java:1128)
	at java.base/java.util.concurrent.ThreadPoolExecutor$Worker.run(ThreadPoolExecutor.java:628)
	at java.base/java.lang.Thread.run(Thread.java:829)

Couldn't find Object 'View_ExistProfile' in stipulated Time '10' Seconds
[FAIL]   | Seems Like the Element [View_ExistProfile] is Not Present/Found in the page Try Adding wait or heal it

===================================================================================================

2021-05-07 08:04:51:05S -0700 [SEVERE] com.cognizant.cognizantits.engine.execution.run.TestCaseRunner onRuntimeException:Seems Like the Element [View_ExistProfile] is Not Present/Found in the page Try Adding wait or heal it
com.cognizant.cognizantits.engine.execution.exception.element.ElementException: Seems Like the Element [View_ExistProfile] is Not Present/Found in the page Try Adding wait or heal it
	at com.cognizant.cognizantits.engine.commands.General.elementDisplayed(General.java:57)
	at com.cognizant.cognizantits.engine.commands.General.elementEnabled(General.java:63)
	at com.cognizant.cognizantits.engine.commands.Basic.Click(Basic.java:47)
	at com.cognizant.cognizantits.engine.support.reflect.MethodExecutor.executeMethod(MethodExecutor.java:39)
	at com.cognizant.cognizantits.engine.execution.run.TestStepRunner.executeAction(TestStepRunner.java:165)
	at com.cognizant.cognizantits.engine.execution.run.TestStepRunner.executeStep(TestStepRunner.java:161)
	at com.cognizant.cognizantits.engine.execution.run.TestStepRunner.executeStep(TestStepRunner.java:147)
	at com.cognizant.cognizantits.engine.execution.run.TestStepRunner.run(TestStepRunner.java:66)
	at com.cognizant.cognizantits.engine.execution.run.TestCaseRunner.runStep(TestCaseRunner.java:395)
	at com.cognizant.cognizantits.engine.execution.run.TestCaseRunner.run(TestCaseRunner.java:346)
	at com.cognizant.cognizantits.engine.execution.run.TestCaseRunner.run(TestCaseRunner.java:387)
	at com.cognizant.cognizantits.engine.execution.run.TestStepRunner.executeTestCase(TestStepRunner.java:137)
	at com.cognizant.cognizantits.engine.execution.run.TestStepRunner.execute(TestStepRunner.java:118)
	at com.cognizant.cognizantits.engine.execution.run.TestStepRunner.run(TestStepRunner.java:63)
	at com.cognizant.cognizantits.engine.execution.run.TestCaseRunner.runStep(TestCaseRunner.java:395)
	at com.cognizant.cognizantits.engine.execution.run.TestCaseRunner.run(TestCaseRunner.java:346)
	at com.cognizant.cognizantits.engine.core.Task.runIteration(Task.java:130)
	at com.cognizant.cognizantits.engine.core.Task.run(Task.java:85)
	at java.base/java.util.concurrent.ThreadPoolExecutor.runWorker(ThreadPoolExecutor.java:1128)
	at java.base/java.util.concurrent.ThreadPoolExecutor$Worker.run(ThreadPoolExecutor.java:628)
	at java.base/java.lang.Thread.run(Thread.java:829)

Step:2   | Object: Browser | Action: setElementTimeOut | Input: @10 | Conditon:  | @07-May-2021 08:04:51.051
[DONE]   | Element Wait time changed to 10 second/s

===================================================================================================

Step:3   | Object: SearchUser | Action: PSIC_Set | Input: User_Management:LastName | Conditon:  | @07-May-2021 08:04:51.051
2021-05-07 08:05:01:05S -0700 [OFF ] com.cognizant.cognizantits.engine.drivers.AutomationObject getElements:null
org.openqa.selenium.TimeoutException: Expected condition failed: waiting for com.cognizant.cognizantits.engine.drivers.AutomationObject$$Lambda$655/0x0000000100835040@4cd3ff5e (tried for 10 second(s) with 500 milliseconds interval)
Build info: version: '3.141.59', revision: 'e82be7d358', time: '2018-11-14T08:17:03'
System info: host: 'a-3r8gwg1klqwgb', ip: '10.10.111.189', os.name: 'Linux', os.arch: 'amd64', os.version: '4.14.231-173.360.amzn2.x86_64', java.version: '11.0.11'
Driver info: org.openqa.selenium.chrome.ChromeDriver
Capabilities {acceptInsecureCerts: false, browserName: chrome, browserVersion: 90.0.4430.93, chrome: {chromedriverVersion: 89.0.4389.23 (61b08ee2c5002..., userDataDir: /tmp/.com.google.Chrome.1Grmuh}, goog:chromeOptions: {debuggerAddress: localhost:40011}, javascriptEnabled: true, networkConnectionEnabled: false, pageLoadStrategy: normal, platform: LINUX, platformName: LINUX, proxy: Proxy(), setWindowRect: true, strictFileInteractability: false, timeouts: {implicit: 0, pageLoad: 300000, script: 30000}, unhandledPromptBehavior: dismiss and notify, webauthn:extension:largeBlob: true, webauthn:virtualAuthenticators: true}
Session ID: 51965b920223aeacf1e27ee2c78efe50
	at org.openqa.selenium.support.ui.WebDriverWait.timeoutException(WebDriverWait.java:95)
	at org.openqa.selenium.support.ui.FluentWait.until(FluentWait.java:272)
	at com.cognizant.cognizantits.engine.drivers.AutomationObject.getElements(AutomationObject.java:303)
	at com.cognizant.cognizantits.engine.drivers.AutomationObject.getWElements(AutomationObject.java:255)
	at com.cognizant.cognizantits.engine.drivers.AutomationObject.findElements(AutomationObject.java:242)
	at com.cognizant.cognizantits.engine.drivers.AutomationObject.findElement(AutomationObject.java:118)
	at com.cognizant.cognizantits.engine.drivers.AutomationObject.findElement(AutomationObject.java:111)
	at com.cognizant.cognizantits.engine.core.CommandControl.sync(CommandControl.java:94)
	at com.cognizant.cognizantits.engine.core.CommandControl.sync(CommandControl.java:173)
	at com.cognizant.cognizantits.engine.execution.run.TestStepRunner.executeStep(TestStepRunner.java:160)
	at com.cognizant.cognizantits.engine.execution.run.TestStepRunner.executeStep(TestStepRunner.java:147)
	at com.cognizant.cognizantits.engine.execution.run.TestStepRunner.run(TestStepRunner.java:66)
	at com.cognizant.cognizantits.engine.execution.run.TestCaseRunner.runStep(TestCaseRunner.java:395)
	at com.cognizant.cognizantits.engine.execution.run.TestCaseRunner.run(TestCaseRunner.java:346)
	at com.cognizant.cognizantits.engine.execution.run.TestCaseRunner.run(TestCaseRunner.java:387)
	at com.cognizant.cognizantits.engine.execution.run.TestStepRunner.executeTestCase(TestStepRunner.java:137)
	at com.cognizant.cognizantits.engine.execution.run.TestStepRunner.execute(TestStepRunner.java:118)
	at com.cognizant.cognizantits.engine.execution.run.TestStepRunner.run(TestStepRunner.java:63)
	at com.cognizant.cognizantits.engine.execution.run.TestCaseRunner.runStep(TestCaseRunner.java:395)
	at com.cognizant.cognizantits.engine.execution.run.TestCaseRunner.run(TestCaseRunner.java:346)
	at com.cognizant.cognizantits.engine.core.Task.runIteration(Task.java:130)
	at com.cognizant.cognizantits.engine.core.Task.run(Task.java:85)
	at java.base/java.util.concurrent.ThreadPoolExecutor.runWorker(ThreadPoolExecutor.java:1128)
	at java.base/java.util.concurrent.ThreadPoolExecutor$Worker.run(ThreadPoolExecutor.java:628)
	at java.base/java.lang.Thread.run(Thread.java:829)

Couldn't find Object 'SearchUser' in stipulated Time '10' Seconds
[FAIL]   | Seems Like the Element [SearchUser] is Not Present/Found in the page Try Adding wait or heal it

===================================================================================================

2021-05-07 08:05:02:05S -0700 [SEVERE] com.cognizant.cognizantits.engine.execution.run.TestCaseRunner onRuntimeException:Seems Like the Element [SearchUser] is Not Present/Found in the page Try Adding wait or heal it
com.cognizant.cognizantits.engine.execution.exception.element.ElementException: Seems Like the Element [SearchUser] is Not Present/Found in the page Try Adding wait or heal it
	at com.cognizant.cognizantits.engine.commands.General.elementDisplayed(General.java:57)
	at com.cognizant.cognizantits.engine.commands.General.elementEnabled(General.java:63)
	at PSICMethods.basic_PSIC.PSIC_Set(basic_PSIC.java:221)
	at com.cognizant.cognizantits.engine.support.reflect.MethodExecutor.executeMethod(MethodExecutor.java:39)
	at com.cognizant.cognizantits.engine.execution.run.TestStepRunner.executeAction(TestStepRunner.java:165)
	at com.cognizant.cognizantits.engine.execution.run.TestStepRunner.executeStep(TestStepRunner.java:161)
	at com.cognizant.cognizantits.engine.execution.run.TestStepRunner.executeStep(TestStepRunner.java:147)
	at com.cognizant.cognizantits.engine.execution.run.TestStepRunner.run(TestStepRunner.java:66)
	at com.cognizant.cognizantits.engine.execution.run.TestCaseRunner.runStep(TestCaseRunner.java:395)
	at com.cognizant.cognizantits.engine.execution.run.TestCaseRunner.run(TestCaseRunner.java:346)
	at com.cognizant.cognizantits.engine.execution.run.TestCaseRunner.run(TestCaseRunner.java:387)
	at com.cognizant.cognizantits.engine.execution.run.TestStepRunner.executeTestCase(TestStepRunner.java:137)
	at com.cognizant.cognizantits.engine.execution.run.TestStepRunner.execute(TestStepRunner.java:118)
	at com.cognizant.cognizantits.engine.execution.run.TestStepRunner.run(TestStepRunner.java:63)
	at com.cognizant.cognizantits.engine.execution.run.TestCaseRunner.runStep(TestCaseRunner.java:395)
	at com.cognizant.cognizantits.engine.execution.run.TestCaseRunner.run(TestCaseRunner.java:346)
	at com.cognizant.cognizantits.engine.core.Task.runIteration(Task.java:130)
	at com.cognizant.cognizantits.engine.core.Task.run(Task.java:85)
	at java.base/java.util.concurrent.ThreadPoolExecutor.runWorker(ThreadPoolExecutor.java:1128)
	at java.base/java.util.concurrent.ThreadPoolExecutor$Worker.run(ThreadPoolExecutor.java:628)
	at java.base/java.lang.Thread.run(Thread.java:829)

Step:4   | Object: Browser | Action: pause | Input: @1000 | Conditon:  | @07-May-2021 08:05:02.002
[DONE]   | Thread sleep for '1000

===================================================================================================

Step:5   | Object: Browser | Action: sendKeysToWindow | Input: @ENTER | Conditon:  | @07-May-2021 08:05:03.003
[DONE]   | Keys Submitted

===================================================================================================

Step:6   | Object: Browser | Action: setElementTimeOut | Input: @10 | Conditon:  | @07-May-2021 08:05:03.003
[DONE]   | Element Wait time changed to 10 second/s

===================================================================================================

Step:7   | Object: Select_User | Action: clickByJS | Input:  | Conditon:  | @07-May-2021 08:05:03.003
2021-05-07 08:05:13:05S -0700 [OFF ] com.cognizant.cognizantits.engine.drivers.AutomationObject getElements:null
org.openqa.selenium.TimeoutException: Expected condition failed: waiting for com.cognizant.cognizantits.engine.drivers.AutomationObject$$Lambda$655/0x0000000100835040@1969e33f (tried for 10 second(s) with 500 milliseconds interval)
Build info: version: '3.141.59', revision: 'e82be7d358', time: '2018-11-14T08:17:03'
System info: host: 'a-3r8gwg1klqwgb', ip: '10.10.111.189', os.name: 'Linux', os.arch: 'amd64', os.version: '4.14.231-173.360.amzn2.x86_64', java.version: '11.0.11'
Driver info: org.openqa.selenium.chrome.ChromeDriver
Capabilities {acceptInsecureCerts: false, browserName: chrome, browserVersion: 90.0.4430.93, chrome: {chromedriverVersion: 89.0.4389.23 (61b08ee2c5002..., userDataDir: /tmp/.com.google.Chrome.1Grmuh}, goog:chromeOptions: {debuggerAddress: localhost:40011}, javascriptEnabled: true, networkConnectionEnabled: false, pageLoadStrategy: normal, platform: LINUX, platformName: LINUX, proxy: Proxy(), setWindowRect: true, strictFileInteractability: false, timeouts: {implicit: 0, pageLoad: 300000, script: 30000}, unhandledPromptBehavior: dismiss and notify, webauthn:extension:largeBlob: true, webauthn:virtualAuthenticators: true}
Session ID: 51965b920223aeacf1e27ee2c78efe50
	at org.openqa.selenium.support.ui.WebDriverWait.timeoutException(WebDriverWait.java:95)
	at org.openqa.selenium.support.ui.FluentWait.until(FluentWait.java:272)
	at com.cognizant.cognizantits.engine.drivers.AutomationObject.getElements(AutomationObject.java:303)
	at com.cognizant.cognizantits.engine.drivers.AutomationObject.getWElements(AutomationObject.java:255)
	at com.cognizant.cognizantits.engine.drivers.AutomationObject.findElements(AutomationObject.java:242)
	at com.cognizant.cognizantits.engine.drivers.AutomationObject.findElement(AutomationObject.java:118)
	at com.cognizant.cognizantits.engine.drivers.AutomationObject.findElement(AutomationObject.java:111)
	at com.cognizant.cognizantits.engine.core.CommandControl.sync(CommandControl.java:94)
	at com.cognizant.cognizantits.engine.core.CommandControl.sync(CommandControl.java:173)
	at com.cognizant.cognizantits.engine.execution.run.TestStepRunner.executeStep(TestStepRunner.java:160)
	at com.cognizant.cognizantits.engine.execution.run.TestStepRunner.executeStep(TestStepRunner.java:147)
	at com.cognizant.cognizantits.engine.execution.run.TestStepRunner.run(TestStepRunner.java:66)
	at com.cognizant.cognizantits.engine.execution.run.TestCaseRunner.runStep(TestCaseRunner.java:395)
	at com.cognizant.cognizantits.engine.execution.run.TestCaseRunner.run(TestCaseRunner.java:346)
	at com.cognizant.cognizantits.engine.execution.run.TestCaseRunner.run(TestCaseRunner.java:387)
	at com.cognizant.cognizantits.engine.execution.run.TestStepRunner.executeTestCase(TestStepRunner.java:137)
	at com.cognizant.cognizantits.engine.execution.run.TestStepRunner.execute(TestStepRunner.java:118)
	at com.cognizant.cognizantits.engine.execution.run.TestStepRunner.run(TestStepRunner.java:63)
	at com.cognizant.cognizantits.engine.execution.run.TestCaseRunner.runStep(TestCaseRunner.java:395)
	at com.cognizant.cognizantits.engine.execution.run.TestCaseRunner.run(TestCaseRunner.java:346)
	at com.cognizant.cognizantits.engine.core.Task.runIteration(Task.java:130)
	at com.cognizant.cognizantits.engine.core.Task.run(Task.java:85)
	at java.base/java.util.concurrent.ThreadPoolExecutor.runWorker(ThreadPoolExecutor.java:1128)
	at java.base/java.util.concurrent.ThreadPoolExecutor$Worker.run(ThreadPoolExecutor.java:628)
	at java.base/java.lang.Thread.run(Thread.java:829)

Couldn't find Object 'Select_User' in stipulated Time '10' Seconds
[FAIL]   | Seems Like the Element [Select_User] is Not Present/Found in the page Try Adding wait or heal it

===================================================================================================

2021-05-07 08:05:14:05S -0700 [SEVERE] com.cognizant.cognizantits.engine.execution.run.TestCaseRunner onRuntimeException:Seems Like the Element [Select_User] is Not Present/Found in the page Try Adding wait or heal it
com.cognizant.cognizantits.engine.execution.exception.element.ElementException: Seems Like the Element [Select_User] is Not Present/Found in the page Try Adding wait or heal it
	at com.cognizant.cognizantits.engine.commands.JSCommands.clickByJS(JSCommands.java:54)
	at com.cognizant.cognizantits.engine.support.reflect.MethodExecutor.executeMethod(MethodExecutor.java:39)
	at com.cognizant.cognizantits.engine.execution.run.TestStepRunner.executeAction(TestStepRunner.java:165)
	at com.cognizant.cognizantits.engine.execution.run.TestStepRunner.executeStep(TestStepRunner.java:161)
	at com.cognizant.cognizantits.engine.execution.run.TestStepRunner.executeStep(TestStepRunner.java:147)
	at com.cognizant.cognizantits.engine.execution.run.TestStepRunner.run(TestStepRunner.java:66)
	at com.cognizant.cognizantits.engine.execution.run.TestCaseRunner.runStep(TestCaseRunner.java:395)
	at com.cognizant.cognizantits.engine.execution.run.TestCaseRunner.run(TestCaseRunner.java:346)
	at com.cognizant.cognizantits.engine.execution.run.TestCaseRunner.run(TestCaseRunner.java:387)
	at com.cognizant.cognizantits.engine.execution.run.TestStepRunner.executeTestCase(TestStepRunner.java:137)
	at com.cognizant.cognizantits.engine.execution.run.TestStepRunner.execute(TestStepRunner.java:118)
	at com.cognizant.cognizantits.engine.execution.run.TestStepRunner.run(TestStepRunner.java:63)
	at com.cognizant.cognizantits.engine.execution.run.TestCaseRunner.runStep(TestCaseRunner.java:395)
	at com.cognizant.cognizantits.engine.execution.run.TestCaseRunner.run(TestCaseRunner.java:346)
	at com.cognizant.cognizantits.engine.core.Task.runIteration(Task.java:130)
	at com.cognizant.cognizantits.engine.core.Task.run(Task.java:85)
	at java.base/java.util.concurrent.ThreadPoolExecutor.runWorker(ThreadPoolExecutor.java:1128)
	at java.base/java.util.concurrent.ThreadPoolExecutor$Worker.run(ThreadPoolExecutor.java:628)
	at java.base/java.lang.Thread.run(Thread.java:829)

Step:8   | Object: Browser | Action: setElementTimeOut | Input: @10 | Conditon:  | @07-May-2021 08:05:14.014
[DONE]   | Element Wait time changed to 10 second/s

===================================================================================================

Step:9   | Object: Clear_BTN | Action: Click | Input:  | Conditon:  | @07-May-2021 08:05:14.014
2021-05-07 08:05:25:05S -0700 [OFF ] com.cognizant.cognizantits.engine.drivers.AutomationObject getElements:null
org.openqa.selenium.TimeoutException: Expected condition failed: waiting for com.cognizant.cognizantits.engine.drivers.AutomationObject$$Lambda$655/0x0000000100835040@42fad312 (tried for 10 second(s) with 500 milliseconds interval)
Build info: version: '3.141.59', revision: 'e82be7d358', time: '2018-11-14T08:17:03'
System info: host: 'a-3r8gwg1klqwgb', ip: '10.10.111.189', os.name: 'Linux', os.arch: 'amd64', os.version: '4.14.231-173.360.amzn2.x86_64', java.version: '11.0.11'
Driver info: org.openqa.selenium.chrome.ChromeDriver
Capabilities {acceptInsecureCerts: false, browserName: chrome, browserVersion: 90.0.4430.93, chrome: {chromedriverVersion: 89.0.4389.23 (61b08ee2c5002..., userDataDir: /tmp/.com.google.Chrome.1Grmuh}, goog:chromeOptions: {debuggerAddress: localhost:40011}, javascriptEnabled: true, networkConnectionEnabled: false, pageLoadStrategy: normal, platform: LINUX, platformName: LINUX, proxy: Proxy(), setWindowRect: true, strictFileInteractability: false, timeouts: {implicit: 0, pageLoad: 300000, script: 30000}, unhandledPromptBehavior: dismiss and notify, webauthn:extension:largeBlob: true, webauthn:virtualAuthenticators: true}
Session ID: 51965b920223aeacf1e27ee2c78efe50
	at org.openqa.selenium.support.ui.WebDriverWait.timeoutException(WebDriverWait.java:95)
	at org.openqa.selenium.support.ui.FluentWait.until(FluentWait.java:272)
	at com.cognizant.cognizantits.engine.drivers.AutomationObject.getElements(AutomationObject.java:303)
	at com.cognizant.cognizantits.engine.drivers.AutomationObject.getWElements(AutomationObject.java:255)
	at com.cognizant.cognizantits.engine.drivers.AutomationObject.findElements(AutomationObject.java:242)
	at com.cognizant.cognizantits.engine.drivers.AutomationObject.findElement(AutomationObject.java:118)
	at com.cognizant.cognizantits.engine.drivers.AutomationObject.findElement(AutomationObject.java:111)
	at com.cognizant.cognizantits.engine.core.CommandControl.sync(CommandControl.java:94)
	at com.cognizant.cognizantits.engine.core.CommandControl.sync(CommandControl.java:173)
	at com.cognizant.cognizantits.engine.execution.run.TestStepRunner.executeStep(TestStepRunner.java:160)
	at com.cognizant.cognizantits.engine.execution.run.TestStepRunner.executeStep(TestStepRunner.java:147)
	at com.cognizant.cognizantits.engine.execution.run.TestStepRunner.run(TestStepRunner.java:66)
	at com.cognizant.cognizantits.engine.execution.run.TestCaseRunner.runStep(TestCaseRunner.java:395)
	at com.cognizant.cognizantits.engine.execution.run.TestCaseRunner.run(TestCaseRunner.java:346)
	at com.cognizant.cognizantits.engine.execution.run.TestCaseRunner.run(TestCaseRunner.java:387)
	at com.cognizant.cognizantits.engine.execution.run.TestStepRunner.executeTestCase(TestStepRunner.java:137)
	at com.cognizant.cognizantits.engine.execution.run.TestStepRunner.execute(TestStepRunner.java:118)
	at com.cognizant.cognizantits.engine.execution.run.TestStepRunner.run(TestStepRunner.java:63)
	at com.cognizant.cognizantits.engine.execution.run.TestCaseRunner.runStep(TestCaseRunner.java:395)
	at com.cognizant.cognizantits.engine.execution.run.TestCaseRunner.run(TestCaseRunner.java:346)
	at com.cognizant.cognizantits.engine.core.Task.runIteration(Task.java:130)
	at com.cognizant.cognizantits.engine.core.Task.run(Task.java:85)
	at java.base/java.util.concurrent.ThreadPoolExecutor.runWorker(ThreadPoolExecutor.java:1128)
	at java.base/java.util.concurrent.ThreadPoolExecutor$Worker.run(ThreadPoolExecutor.java:628)
	at java.base/java.lang.Thread.run(Thread.java:829)

Couldn't find Object 'Clear_BTN' in stipulated Time '10' Seconds
[FAIL]   | Seems Like the Element [Clear_BTN] is Not Present/Found in the page Try Adding wait or heal it

===================================================================================================

2021-05-07 08:05:26:05S -0700 [SEVERE] com.cognizant.cognizantits.engine.execution.run.TestCaseRunner onRuntimeException:Seems Like the Element [Clear_BTN] is Not Present/Found in the page Try Adding wait or heal it
com.cognizant.cognizantits.engine.execution.exception.element.ElementException: Seems Like the Element [Clear_BTN] is Not Present/Found in the page Try Adding wait or heal it
	at com.cognizant.cognizantits.engine.commands.General.elementDisplayed(General.java:57)
	at com.cognizant.cognizantits.engine.commands.General.elementEnabled(General.java:63)
	at com.cognizant.cognizantits.engine.commands.Basic.Click(Basic.java:47)
	at com.cognizant.cognizantits.engine.support.reflect.MethodExecutor.executeMethod(MethodExecutor.java:39)
	at com.cognizant.cognizantits.engine.execution.run.TestStepRunner.executeAction(TestStepRunner.java:165)
	at com.cognizant.cognizantits.engine.execution.run.TestStepRunner.executeStep(TestStepRunner.java:161)
	at com.cognizant.cognizantits.engine.execution.run.TestStepRunner.executeStep(TestStepRunner.java:147)
	at com.cognizant.cognizantits.engine.execution.run.TestStepRunner.run(TestStepRunner.java:66)
	at com.cognizant.cognizantits.engine.execution.run.TestCaseRunner.runStep(TestCaseRunner.java:395)
	at com.cognizant.cognizantits.engine.execution.run.TestCaseRunner.run(TestCaseRunner.java:346)
	at com.cognizant.cognizantits.engine.execution.run.TestCaseRunner.run(TestCaseRunner.java:387)
	at com.cognizant.cognizantits.engine.execution.run.TestStepRunner.executeTestCase(TestStepRunner.java:137)
	at com.cognizant.cognizantits.engine.execution.run.TestStepRunner.execute(TestStepRunner.java:118)
	at com.cognizant.cognizantits.engine.execution.run.TestStepRunner.run(TestStepRunner.java:63)
	at com.cognizant.cognizantits.engine.execution.run.TestCaseRunner.runStep(TestCaseRunner.java:395)
	at com.cognizant.cognizantits.engine.execution.run.TestCaseRunner.run(TestCaseRunner.java:346)
	at com.cognizant.cognizantits.engine.core.Task.runIteration(Task.java:130)
	at com.cognizant.cognizantits.engine.core.Task.run(Task.java:85)
	at java.base/java.util.concurrent.ThreadPoolExecutor.runWorker(ThreadPoolExecutor.java:1128)
	at java.base/java.util.concurrent.ThreadPoolExecutor$Worker.run(ThreadPoolExecutor.java:628)
	at java.base/java.lang.Thread.run(Thread.java:829)

Step:10  | Object: Browser | Action: takeScreenshot | Input:  | Conditon:  | @07-May-2021 08:05:26.026
[PASS]   | Screenshot is taken

===================================================================================================

Step:11  | Object: Update_BTN | Action: Click | Input:  | Conditon:  | @07-May-2021 08:05:27.027
2021-05-07 08:05:37:05S -0700 [OFF ] com.cognizant.cognizantits.engine.drivers.AutomationObject getElements:null
org.openqa.selenium.TimeoutException: Expected condition failed: waiting for com.cognizant.cognizantits.engine.drivers.AutomationObject$$Lambda$655/0x0000000100835040@7a8f296d (tried for 10 second(s) with 500 milliseconds interval)
Build info: version: '3.141.59', revision: 'e82be7d358', time: '2018-11-14T08:17:03'
System info: host: 'a-3r8gwg1klqwgb', ip: '10.10.111.189', os.name: 'Linux', os.arch: 'amd64', os.version: '4.14.231-173.360.amzn2.x86_64', java.version: '11.0.11'
Driver info: org.openqa.selenium.chrome.ChromeDriver
Capabilities {acceptInsecureCerts: false, browserName: chrome, browserVersion: 90.0.4430.93, chrome: {chromedriverVersion: 89.0.4389.23 (61b08ee2c5002..., userDataDir: /tmp/.com.google.Chrome.1Grmuh}, goog:chromeOptions: {debuggerAddress: localhost:40011}, javascriptEnabled: true, networkConnectionEnabled: false, pageLoadStrategy: normal, platform: LINUX, platformName: LINUX, proxy: Proxy(), setWindowRect: true, strictFileInteractability: false, timeouts: {implicit: 0, pageLoad: 300000, script: 30000}, unhandledPromptBehavior: dismiss and notify, webauthn:extension:largeBlob: true, webauthn:virtualAuthenticators: true}
Session ID: 51965b920223aeacf1e27ee2c78efe50
	at org.openqa.selenium.support.ui.WebDriverWait.timeoutException(WebDriverWait.java:95)
	at org.openqa.selenium.support.ui.FluentWait.until(FluentWait.java:272)
	at com.cognizant.cognizantits.engine.drivers.AutomationObject.getElements(AutomationObject.java:303)
	at com.cognizant.cognizantits.engine.drivers.AutomationObject.getWElements(AutomationObject.java:255)
	at com.cognizant.cognizantits.engine.drivers.AutomationObject.findElements(AutomationObject.java:242)
	at com.cognizant.cognizantits.engine.drivers.AutomationObject.findElement(AutomationObject.java:118)
	at com.cognizant.cognizantits.engine.drivers.AutomationObject.findElement(AutomationObject.java:111)
	at com.cognizant.cognizantits.engine.core.CommandControl.sync(CommandControl.java:94)
	at com.cognizant.cognizantits.engine.core.CommandControl.sync(CommandControl.java:173)
	at com.cognizant.cognizantits.engine.execution.run.TestStepRunner.executeStep(TestStepRunner.java:160)
	at com.cognizant.cognizantits.engine.execution.run.TestStepRunner.executeStep(TestStepRunner.java:147)
	at com.cognizant.cognizantits.engine.execution.run.TestStepRunner.run(TestStepRunner.java:66)
	at com.cognizant.cognizantits.engine.execution.run.TestCaseRunner.runStep(TestCaseRunner.java:395)
	at com.cognizant.cognizantits.engine.execution.run.TestCaseRunner.run(TestCaseRunner.java:346)
	at com.cognizant.cognizantits.engine.execution.run.TestCaseRunner.run(TestCaseRunner.java:387)
	at com.cognizant.cognizantits.engine.execution.run.TestStepRunner.executeTestCase(TestStepRunner.java:137)
	at com.cognizant.cognizantits.engine.execution.run.TestStepRunner.execute(TestStepRunner.java:118)
	at com.cognizant.cognizantits.engine.execution.run.TestStepRunner.run(TestStepRunner.java:63)
	at com.cognizant.cognizantits.engine.execution.run.TestCaseRunner.runStep(TestCaseRunner.java:395)
	at com.cognizant.cognizantits.engine.execution.run.TestCaseRunner.run(TestCaseRunner.java:346)
	at com.cognizant.cognizantits.engine.core.Task.runIteration(Task.java:130)
	at com.cognizant.cognizantits.engine.core.Task.run(Task.java:85)
	at java.base/java.util.concurrent.ThreadPoolExecutor.runWorker(ThreadPoolExecutor.java:1128)
	at java.base/java.util.concurrent.ThreadPoolExecutor$Worker.run(ThreadPoolExecutor.java:628)
	at java.base/java.lang.Thread.run(Thread.java:829)

Couldn't find Object 'Update_BTN' in stipulated Time '10' Seconds
[FAIL]   | Seems Like the Element [Update_BTN] is Not Present/Found in the page Try Adding wait or heal it

===================================================================================================

2021-05-07 08:05:38:05S -0700 [SEVERE] com.cognizant.cognizantits.engine.execution.run.TestCaseRunner onRuntimeException:Seems Like the Element [Update_BTN] is Not Present/Found in the page Try Adding wait or heal it
com.cognizant.cognizantits.engine.execution.exception.element.ElementException: Seems Like the Element [Update_BTN] is Not Present/Found in the page Try Adding wait or heal it
	at com.cognizant.cognizantits.engine.commands.General.elementDisplayed(General.java:57)
	at com.cognizant.cognizantits.engine.commands.General.elementEnabled(General.java:63)
	at com.cognizant.cognizantits.engine.commands.Basic.Click(Basic.java:47)
	at com.cognizant.cognizantits.engine.support.reflect.MethodExecutor.executeMethod(MethodExecutor.java:39)
	at com.cognizant.cognizantits.engine.execution.run.TestStepRunner.executeAction(TestStepRunner.java:165)
	at com.cognizant.cognizantits.engine.execution.run.TestStepRunner.executeStep(TestStepRunner.java:161)
	at com.cognizant.cognizantits.engine.execution.run.TestStepRunner.executeStep(TestStepRunner.java:147)
	at com.cognizant.cognizantits.engine.execution.run.TestStepRunner.run(TestStepRunner.java:66)
	at com.cognizant.cognizantits.engine.execution.run.TestCaseRunner.runStep(TestCaseRunner.java:395)
	at com.cognizant.cognizantits.engine.execution.run.TestCaseRunner.run(TestCaseRunner.java:346)
	at com.cognizant.cognizantits.engine.execution.run.TestCaseRunner.run(TestCaseRunner.java:387)
	at com.cognizant.cognizantits.engine.execution.run.TestStepRunner.executeTestCase(TestStepRunner.java:137)
	at com.cognizant.cognizantits.engine.execution.run.TestStepRunner.execute(TestStepRunner.java:118)
	at com.cognizant.cognizantits.engine.execution.run.TestStepRunner.run(TestStepRunner.java:63)
	at com.cognizant.cognizantits.engine.execution.run.TestCaseRunner.runStep(TestCaseRunner.java:395)
	at com.cognizant.cognizantits.engine.execution.run.TestCaseRunner.run(TestCaseRunner.java:346)
	at com.cognizant.cognizantits.engine.core.Task.runIteration(Task.java:130)
	at com.cognizant.cognizantits.engine.core.Task.run(Task.java:85)
	at java.base/java.util.concurrent.ThreadPoolExecutor.runWorker(ThreadPoolExecutor.java:1128)
	at java.base/java.util.concurrent.ThreadPoolExecutor$Worker.run(ThreadPoolExecutor.java:628)
	at java.base/java.lang.Thread.run(Thread.java:829)

Step:12  | Object: Browser | Action: takeScreenshot | Input:  | Conditon:  | @07-May-2021 08:05:38.038
[PASS]   | Screenshot is taken

===================================================================================================

Step:13  | Object: Role_Error | Action: assertElementDisplayed | Input:  | Conditon:  | @07-May-2021 08:05:39.039
2021-05-07 08:05:50:05S -0700 [OFF ] com.cognizant.cognizantits.engine.drivers.AutomationObject getElements:null
org.openqa.selenium.TimeoutException: Expected condition failed: waiting for com.cognizant.cognizantits.engine.drivers.AutomationObject$$Lambda$655/0x0000000100835040@6cfbe8ee (tried for 10 second(s) with 500 milliseconds interval)
Build info: version: '3.141.59', revision: 'e82be7d358', time: '2018-11-14T08:17:03'
System info: host: 'a-3r8gwg1klqwgb', ip: '10.10.111.189', os.name: 'Linux', os.arch: 'amd64', os.version: '4.14.231-173.360.amzn2.x86_64', java.version: '11.0.11'
Driver info: org.openqa.selenium.chrome.ChromeDriver
Capabilities {acceptInsecureCerts: false, browserName: chrome, browserVersion: 90.0.4430.93, chrome: {chromedriverVersion: 89.0.4389.23 (61b08ee2c5002..., userDataDir: /tmp/.com.google.Chrome.1Grmuh}, goog:chromeOptions: {debuggerAddress: localhost:40011}, javascriptEnabled: true, networkConnectionEnabled: false, pageLoadStrategy: normal, platform: LINUX, platformName: LINUX, proxy: Proxy(), setWindowRect: true, strictFileInteractability: false, timeouts: {implicit: 0, pageLoad: 300000, script: 30000}, unhandledPromptBehavior: dismiss and notify, webauthn:extension:largeBlob: true, webauthn:virtualAuthenticators: true}
Session ID: 51965b920223aeacf1e27ee2c78efe50
	at org.openqa.selenium.support.ui.WebDriverWait.timeoutException(WebDriverWait.java:95)
	at org.openqa.selenium.support.ui.FluentWait.until(FluentWait.java:272)
	at com.cognizant.cognizantits.engine.drivers.AutomationObject.getElements(AutomationObject.java:303)
	at com.cognizant.cognizantits.engine.drivers.AutomationObject.getWElements(AutomationObject.java:255)
	at com.cognizant.cognizantits.engine.drivers.AutomationObject.findElements(AutomationObject.java:242)
	at com.cognizant.cognizantits.engine.drivers.AutomationObject.findElement(AutomationObject.java:118)
	at com.cognizant.cognizantits.engine.drivers.AutomationObject.findElement(AutomationObject.java:111)
	at com.cognizant.cognizantits.engine.core.CommandControl.sync(CommandControl.java:94)
	at com.cognizant.cognizantits.engine.core.CommandControl.sync(CommandControl.java:173)
	at com.cognizant.cognizantits.engine.execution.run.TestStepRunner.executeStep(TestStepRunner.java:160)
	at com.cognizant.cognizantits.engine.execution.run.TestStepRunner.executeStep(TestStepRunner.java:147)
	at com.cognizant.cognizantits.engine.execution.run.TestStepRunner.run(TestStepRunner.java:66)
	at com.cognizant.cognizantits.engine.execution.run.TestCaseRunner.runStep(TestCaseRunner.java:395)
	at com.cognizant.cognizantits.engine.execution.run.TestCaseRunner.run(TestCaseRunner.java:346)
	at com.cognizant.cognizantits.engine.execution.run.TestCaseRunner.run(TestCaseRunner.java:387)
	at com.cognizant.cognizantits.engine.execution.run.TestStepRunner.executeTestCase(TestStepRunner.java:137)
	at com.cognizant.cognizantits.engine.execution.run.TestStepRunner.execute(TestStepRunner.java:118)
	at com.cognizant.cognizantits.engine.execution.run.TestStepRunner.run(TestStepRunner.java:63)
	at com.cognizant.cognizantits.engine.execution.run.TestCaseRunner.runStep(TestCaseRunner.java:395)
	at com.cognizant.cognizantits.engine.execution.run.TestCaseRunner.run(TestCaseRunner.java:346)
	at com.cognizant.cognizantits.engine.core.Task.runIteration(Task.java:130)
	at com.cognizant.cognizantits.engine.core.Task.run(Task.java:85)
	at java.base/java.util.concurrent.ThreadPoolExecutor.runWorker(ThreadPoolExecutor.java:1128)
	at java.base/java.util.concurrent.ThreadPoolExecutor$Worker.run(ThreadPoolExecutor.java:628)
	at java.base/java.lang.Thread.run(Thread.java:829)

Couldn't find Object 'Role_Error' in stipulated Time '10' Seconds
[FAIL]   | Seems Like the Element [Role_Error] is Not Present/Found in the page Try Adding wait or heal it

===================================================================================================

2021-05-07 08:05:51:05S -0700 [SEVERE] com.cognizant.cognizantits.engine.execution.run.TestCaseRunner onRuntimeException:Seems Like the Element [Role_Error] is Not Present/Found in the page Try Adding wait or heal it
com.cognizant.cognizantits.engine.execution.exception.element.ElementException: Seems Like the Element [Role_Error] is Not Present/Found in the page Try Adding wait or heal it
	at com.cognizant.cognizantits.engine.commands.General.elementDisplayed(General.java:57)
	at com.cognizant.cognizantits.engine.commands.AssertElement.assertElementDisplayed(AssertElement.java:67)
	at com.cognizant.cognizantits.engine.support.reflect.MethodExecutor.executeMethod(MethodExecutor.java:39)
	at com.cognizant.cognizantits.engine.execution.run.TestStepRunner.executeAction(TestStepRunner.java:165)
	at com.cognizant.cognizantits.engine.execution.run.TestStepRunner.executeStep(TestStepRunner.java:161)
	at com.cognizant.cognizantits.engine.execution.run.TestStepRunner.executeStep(TestStepRunner.java:147)
	at com.cognizant.cognizantits.engine.execution.run.TestStepRunner.run(TestStepRunner.java:66)
	at com.cognizant.cognizantits.engine.execution.run.TestCaseRunner.runStep(TestCaseRunner.java:395)
	at com.cognizant.cognizantits.engine.execution.run.TestCaseRunner.run(TestCaseRunner.java:346)
	at com.cognizant.cognizantits.engine.execution.run.TestCaseRunner.run(TestCaseRunner.java:387)
	at com.cognizant.cognizantits.engine.execution.run.TestStepRunner.executeTestCase(TestStepRunner.java:137)
	at com.cognizant.cognizantits.engine.execution.run.TestStepRunner.execute(TestStepRunner.java:118)
	at com.cognizant.cognizantits.engine.execution.run.TestStepRunner.run(TestStepRunner.java:63)
	at com.cognizant.cognizantits.engine.execution.run.TestCaseRunner.runStep(TestCaseRunner.java:395)
	at com.cognizant.cognizantits.engine.execution.run.TestCaseRunner.run(TestCaseRunner.java:346)
	at com.cognizant.cognizantits.engine.core.Task.runIteration(Task.java:130)
	at com.cognizant.cognizantits.engine.core.Task.run(Task.java:85)
	at java.base/java.util.concurrent.ThreadPoolExecutor.runWorker(ThreadPoolExecutor.java:1128)
	at java.base/java.util.concurrent.ThreadPoolExecutor$Worker.run(ThreadPoolExecutor.java:628)
	at java.base/java.lang.Thread.run(Thread.java:829)

Step:14  | Object: Email_Error | Action: assertElementDisplayed | Input:  | Conditon:  | @07-May-2021 08:05:51.051
2021-05-07 08:06:01:05S -0700 [OFF ] com.cognizant.cognizantits.engine.drivers.AutomationObject getElements:null
org.openqa.selenium.TimeoutException: Expected condition failed: waiting for com.cognizant.cognizantits.engine.drivers.AutomationObject$$Lambda$655/0x0000000100835040@35477c51 (tried for 10 second(s) with 500 milliseconds interval)
Build info: version: '3.141.59', revision: 'e82be7d358', time: '2018-11-14T08:17:03'
System info: host: 'a-3r8gwg1klqwgb', ip: '10.10.111.189', os.name: 'Linux', os.arch: 'amd64', os.version: '4.14.231-173.360.amzn2.x86_64', java.version: '11.0.11'
Driver info: org.openqa.selenium.chrome.ChromeDriver
Capabilities {acceptInsecureCerts: false, browserName: chrome, browserVersion: 90.0.4430.93, chrome: {chromedriverVersion: 89.0.4389.23 (61b08ee2c5002..., userDataDir: /tmp/.com.google.Chrome.1Grmuh}, goog:chromeOptions: {debuggerAddress: localhost:40011}, javascriptEnabled: true, networkConnectionEnabled: false, pageLoadStrategy: normal, platform: LINUX, platformName: LINUX, proxy: Proxy(), setWindowRect: true, strictFileInteractability: false, timeouts: {implicit: 0, pageLoad: 300000, script: 30000}, unhandledPromptBehavior: dismiss and notify, webauthn:extension:largeBlob: true, webauthn:virtualAuthenticators: true}
Session ID: 51965b920223aeacf1e27ee2c78efe50
	at org.openqa.selenium.support.ui.WebDriverWait.timeoutException(WebDriverWait.java:95)
	at org.openqa.selenium.support.ui.FluentWait.until(FluentWait.java:272)
	at com.cognizant.cognizantits.engine.drivers.AutomationObject.getElements(AutomationObject.java:303)
	at com.cognizant.cognizantits.engine.drivers.AutomationObject.getWElements(AutomationObject.java:255)
	at com.cognizant.cognizantits.engine.drivers.AutomationObject.findElements(AutomationObject.java:242)
	at com.cognizant.cognizantits.engine.drivers.AutomationObject.findElement(AutomationObject.java:118)
	at com.cognizant.cognizantits.engine.drivers.AutomationObject.findElement(AutomationObject.java:111)
	at com.cognizant.cognizantits.engine.core.CommandControl.sync(CommandControl.java:94)
	at com.cognizant.cognizantits.engine.core.CommandControl.sync(CommandControl.java:173)
	at com.cognizant.cognizantits.engine.execution.run.TestStepRunner.executeStep(TestStepRunner.java:160)
	at com.cognizant.cognizantits.engine.execution.run.TestStepRunner.executeStep(TestStepRunner.java:147)
	at com.cognizant.cognizantits.engine.execution.run.TestStepRunner.run(TestStepRunner.java:66)
	at com.cognizant.cognizantits.engine.execution.run.TestCaseRunner.runStep(TestCaseRunner.java:395)
	at com.cognizant.cognizantits.engine.execution.run.TestCaseRunner.run(TestCaseRunner.java:346)
	at com.cognizant.cognizantits.engine.execution.run.TestCaseRunner.run(TestCaseRunner.java:387)
	at com.cognizant.cognizantits.engine.execution.run.TestStepRunner.executeTestCase(TestStepRunner.java:137)
	at com.cognizant.cognizantits.engine.execution.run.TestStepRunner.execute(TestStepRunner.java:118)
	at com.cognizant.cognizantits.engine.execution.run.TestStepRunner.run(TestStepRunner.java:63)
	at com.cognizant.cognizantits.engine.execution.run.TestCaseRunner.runStep(TestCaseRunner.java:395)
	at com.cognizant.cognizantits.engine.execution.run.TestCaseRunner.run(TestCaseRunner.java:346)
	at com.cognizant.cognizantits.engine.core.Task.runIteration(Task.java:130)
	at com.cognizant.cognizantits.engine.core.Task.run(Task.java:85)
	at java.base/java.util.concurrent.ThreadPoolExecutor.runWorker(ThreadPoolExecutor.java:1128)
	at java.base/java.util.concurrent.ThreadPoolExecutor$Worker.run(ThreadPoolExecutor.java:628)
	at java.base/java.lang.Thread.run(Thread.java:829)

Couldn't find Object 'Email_Error' in stipulated Time '10' Seconds
[FAIL]   | Seems Like the Element [Email_Error] is Not Present/Found in the page Try Adding wait or heal it

===================================================================================================

2021-05-07 08:06:02:05S -0700 [SEVERE] com.cognizant.cognizantits.engine.execution.run.TestCaseRunner onRuntimeException:Seems Like the Element [Email_Error] is Not Present/Found in the page Try Adding wait or heal it
com.cognizant.cognizantits.engine.execution.exception.element.ElementException: Seems Like the Element [Email_Error] is Not Present/Found in the page Try Adding wait or heal it
	at com.cognizant.cognizantits.engine.commands.General.elementDisplayed(General.java:57)
	at com.cognizant.cognizantits.engine.commands.AssertElement.assertElementDisplayed(AssertElement.java:67)
	at com.cognizant.cognizantits.engine.support.reflect.MethodExecutor.executeMethod(MethodExecutor.java:39)
	at com.cognizant.cognizantits.engine.execution.run.TestStepRunner.executeAction(TestStepRunner.java:165)
	at com.cognizant.cognizantits.engine.execution.run.TestStepRunner.executeStep(TestStepRunner.java:161)
	at com.cognizant.cognizantits.engine.execution.run.TestStepRunner.executeStep(TestStepRunner.java:147)
	at com.cognizant.cognizantits.engine.execution.run.TestStepRunner.run(TestStepRunner.java:66)
	at com.cognizant.cognizantits.engine.execution.run.TestCaseRunner.runStep(TestCaseRunner.java:395)
	at com.cognizant.cognizantits.engine.execution.run.TestCaseRunner.run(TestCaseRunner.java:346)
	at com.cognizant.cognizantits.engine.execution.run.TestCaseRunner.run(TestCaseRunner.java:387)
	at com.cognizant.cognizantits.engine.execution.run.TestStepRunner.executeTestCase(TestStepRunner.java:137)
	at com.cognizant.cognizantits.engine.execution.run.TestStepRunner.execute(TestStepRunner.java:118)
	at com.cognizant.cognizantits.engine.execution.run.TestStepRunner.run(TestStepRunner.java:63)
	at com.cognizant.cognizantits.engine.execution.run.TestCaseRunner.runStep(TestCaseRunner.java:395)
	at com.cognizant.cognizantits.engine.execution.run.TestCaseRunner.run(TestCaseRunner.java:346)
	at com.cognizant.cognizantits.engine.core.Task.runIteration(Task.java:130)
	at com.cognizant.cognizantits.engine.core.Task.run(Task.java:85)
	at java.base/java.util.concurrent.ThreadPoolExecutor.runWorker(ThreadPoolExecutor.java:1128)
	at java.base/java.util.concurrent.ThreadPoolExecutor$Worker.run(ThreadPoolExecutor.java:628)
	at java.base/java.lang.Thread.run(Thread.java:829)

Step:15  | Object: Browser | Action: scrollToBottom | Input:  | Conditon:  | @07-May-2021 08:06:02.002
[DONE]   | Browser Scrolled to []

===================================================================================================

Step:16  | Object: Browser | Action: scrollVerticallyTo | Input: User_Management:EMAIL | Conditon:  | @07-May-2021 08:06:02.002
2021-05-07 08:06:02:05S -0700 [OFF ] com.cognizant.cognizantits.engine.commands.Scroll getScrollData:null
java.lang.NumberFormatException: For input string: ""
	at java.base/java.lang.NumberFormatException.forInputString(NumberFormatException.java:65)
	at java.base/java.lang.Integer.parseInt(Integer.java:662)
	at java.base/java.lang.Integer.valueOf(Integer.java:983)
	at com.cognizant.cognizantits.engine.commands.Scroll.getScrollData(Scroll.java:113)
	at com.cognizant.cognizantits.engine.commands.Scroll.scrollVerticallyTo(Scroll.java:66)
	at com.cognizant.cognizantits.engine.support.reflect.MethodExecutor.executeMethod(MethodExecutor.java:39)
	at com.cognizant.cognizantits.engine.execution.run.TestStepRunner.executeAction(TestStepRunner.java:165)
	at com.cognizant.cognizantits.engine.execution.run.TestStepRunner.executeStep(TestStepRunner.java:161)
	at com.cognizant.cognizantits.engine.execution.run.TestStepRunner.executeStep(TestStepRunner.java:147)
	at com.cognizant.cognizantits.engine.execution.run.TestStepRunner.run(TestStepRunner.java:66)
	at com.cognizant.cognizantits.engine.execution.run.TestCaseRunner.runStep(TestCaseRunner.java:395)
	at com.cognizant.cognizantits.engine.execution.run.TestCaseRunner.run(TestCaseRunner.java:346)
	at com.cognizant.cognizantits.engine.execution.run.TestCaseRunner.run(TestCaseRunner.java:387)
	at com.cognizant.cognizantits.engine.execution.run.TestStepRunner.executeTestCase(TestStepRunner.java:137)
	at com.cognizant.cognizantits.engine.execution.run.TestStepRunner.execute(TestStepRunner.java:118)
	at com.cognizant.cognizantits.engine.execution.run.TestStepRunner.run(TestStepRunner.java:63)
	at com.cognizant.cognizantits.engine.execution.run.TestCaseRunner.runStep(TestCaseRunner.java:395)
	at com.cognizant.cognizantits.engine.execution.run.TestCaseRunner.run(TestCaseRunner.java:346)
	at com.cognizant.cognizantits.engine.core.Task.runIteration(Task.java:130)
	at com.cognizant.cognizantits.engine.core.Task.run(Task.java:85)
	at java.base/java.util.concurrent.ThreadPoolExecutor.runWorker(ThreadPoolExecutor.java:1128)
	at java.base/java.util.concurrent.ThreadPoolExecutor$Worker.run(ThreadPoolExecutor.java:628)
	at java.base/java.lang.Thread.run(Thread.java:829)

Invalid value
[DONE]   | Browser Scrolled to []

===================================================================================================

Step:17  | Object: PhoneOffice_Error | Action: assertElementDisplayed | Input:  | Conditon:  | @07-May-2021 08:06:02.002
2021-05-07 08:06:13:05S -0700 [OFF ] com.cognizant.cognizantits.engine.drivers.AutomationObject getElements:null
org.openqa.selenium.TimeoutException: Expected condition failed: waiting for com.cognizant.cognizantits.engine.drivers.AutomationObject$$Lambda$655/0x0000000100835040@5040ee28 (tried for 10 second(s) with 500 milliseconds interval)
Build info: version: '3.141.59', revision: 'e82be7d358', time: '2018-11-14T08:17:03'
System info: host: 'a-3r8gwg1klqwgb', ip: '10.10.111.189', os.name: 'Linux', os.arch: 'amd64', os.version: '4.14.231-173.360.amzn2.x86_64', java.version: '11.0.11'
Driver info: org.openqa.selenium.chrome.ChromeDriver
Capabilities {acceptInsecureCerts: false, browserName: chrome, browserVersion: 90.0.4430.93, chrome: {chromedriverVersion: 89.0.4389.23 (61b08ee2c5002..., userDataDir: /tmp/.com.google.Chrome.1Grmuh}, goog:chromeOptions: {debuggerAddress: localhost:40011}, javascriptEnabled: true, networkConnectionEnabled: false, pageLoadStrategy: normal, platform: LINUX, platformName: LINUX, proxy: Proxy(), setWindowRect: true, strictFileInteractability: false, timeouts: {implicit: 0, pageLoad: 300000, script: 30000}, unhandledPromptBehavior: dismiss and notify, webauthn:extension:largeBlob: true, webauthn:virtualAuthenticators: true}
Session ID: 51965b920223aeacf1e27ee2c78efe50
	at org.openqa.selenium.support.ui.WebDriverWait.timeoutException(WebDriverWait.java:95)
	at org.openqa.selenium.support.ui.FluentWait.until(FluentWait.java:272)
	at com.cognizant.cognizantits.engine.drivers.AutomationObject.getElements(AutomationObject.java:303)
	at com.cognizant.cognizantits.engine.drivers.AutomationObject.getWElements(AutomationObject.java:255)
	at com.cognizant.cognizantits.engine.drivers.AutomationObject.findElements(AutomationObject.java:242)
	at com.cognizant.cognizantits.engine.drivers.AutomationObject.findElement(AutomationObject.java:118)
	at com.cognizant.cognizantits.engine.drivers.AutomationObject.findElement(AutomationObject.java:111)
	at com.cognizant.cognizantits.engine.core.CommandControl.sync(CommandControl.java:94)
	at com.cognizant.cognizantits.engine.core.CommandControl.sync(CommandControl.java:173)
	at com.cognizant.cognizantits.engine.execution.run.TestStepRunner.executeStep(TestStepRunner.java:160)
	at com.cognizant.cognizantits.engine.execution.run.TestStepRunner.executeStep(TestStepRunner.java:147)
	at com.cognizant.cognizantits.engine.execution.run.TestStepRunner.run(TestStepRunner.java:66)
	at com.cognizant.cognizantits.engine.execution.run.TestCaseRunner.runStep(TestCaseRunner.java:395)
	at com.cognizant.cognizantits.engine.execution.run.TestCaseRunner.run(TestCaseRunner.java:346)
	at com.cognizant.cognizantits.engine.execution.run.TestCaseRunner.run(TestCaseRunner.java:387)
	at com.cognizant.cognizantits.engine.execution.run.TestStepRunner.executeTestCase(TestStepRunner.java:137)
	at com.cognizant.cognizantits.engine.execution.run.TestStepRunner.execute(TestStepRunner.java:118)
	at com.cognizant.cognizantits.engine.execution.run.TestStepRunner.run(TestStepRunner.java:63)
	at com.cognizant.cognizantits.engine.execution.run.TestCaseRunner.runStep(TestCaseRunner.java:395)
	at com.cognizant.cognizantits.engine.execution.run.TestCaseRunner.run(TestCaseRunner.java:346)
	at com.cognizant.cognizantits.engine.core.Task.runIteration(Task.java:130)
	at com.cognizant.cognizantits.engine.core.Task.run(Task.java:85)
	at java.base/java.util.concurrent.ThreadPoolExecutor.runWorker(ThreadPoolExecutor.java:1128)
	at java.base/java.util.concurrent.ThreadPoolExecutor$Worker.run(ThreadPoolExecutor.java:628)
	at java.base/java.lang.Thread.run(Thread.java:829)

Couldn't find Object 'PhoneOffice_Error' in stipulated Time '10' Seconds
[FAIL]   | Seems Like the Element [PhoneOffice_Error] is Not Present/Found in the page Try Adding wait or heal it

===================================================================================================

2021-05-07 08:06:14:05S -0700 [SEVERE] com.cognizant.cognizantits.engine.execution.run.TestCaseRunner onRuntimeException:Seems Like the Element [PhoneOffice_Error] is Not Present/Found in the page Try Adding wait or heal it
com.cognizant.cognizantits.engine.execution.exception.element.ElementException: Seems Like the Element [PhoneOffice_Error] is Not Present/Found in the page Try Adding wait or heal it
	at com.cognizant.cognizantits.engine.commands.General.elementDisplayed(General.java:57)
	at com.cognizant.cognizantits.engine.commands.AssertElement.assertElementDisplayed(AssertElement.java:67)
	at com.cognizant.cognizantits.engine.support.reflect.MethodExecutor.executeMethod(MethodExecutor.java:39)
	at com.cognizant.cognizantits.engine.execution.run.TestStepRunner.executeAction(TestStepRunner.java:165)
	at com.cognizant.cognizantits.engine.execution.run.TestStepRunner.executeStep(TestStepRunner.java:161)
	at com.cognizant.cognizantits.engine.execution.run.TestStepRunner.executeStep(TestStepRunner.java:147)
	at com.cognizant.cognizantits.engine.execution.run.TestStepRunner.run(TestStepRunner.java:66)
	at com.cognizant.cognizantits.engine.execution.run.TestCaseRunner.runStep(TestCaseRunner.java:395)
	at com.cognizant.cognizantits.engine.execution.run.TestCaseRunner.run(TestCaseRunner.java:346)
	at com.cognizant.cognizantits.engine.execution.run.TestCaseRunner.run(TestCaseRunner.java:387)
	at com.cognizant.cognizantits.engine.execution.run.TestStepRunner.executeTestCase(TestStepRunner.java:137)
	at com.cognizant.cognizantits.engine.execution.run.TestStepRunner.execute(TestStepRunner.java:118)
	at com.cognizant.cognizantits.engine.execution.run.TestStepRunner.run(TestStepRunner.java:63)
	at com.cognizant.cognizantits.engine.execution.run.TestCaseRunner.runStep(TestCaseRunner.java:395)
	at com.cognizant.cognizantits.engine.execution.run.TestCaseRunner.run(TestCaseRunner.java:346)
	at com.cognizant.cognizantits.engine.core.Task.runIteration(Task.java:130)
	at com.cognizant.cognizantits.engine.core.Task.run(Task.java:85)
	at java.base/java.util.concurrent.ThreadPoolExecutor.runWorker(ThreadPoolExecutor.java:1128)
	at java.base/java.util.concurrent.ThreadPoolExecutor$Worker.run(ThreadPoolExecutor.java:628)
	at java.base/java.lang.Thread.run(Thread.java:829)

Step:18  | Object: PhoneCell_Error | Action: assertElementDisplayed | Input:  | Conditon:  | @07-May-2021 08:06:14.014
2021-05-07 08:06:24:05S -0700 [OFF ] com.cognizant.cognizantits.engine.drivers.AutomationObject getElements:null
org.openqa.selenium.TimeoutException: Expected condition failed: waiting for com.cognizant.cognizantits.engine.drivers.AutomationObject$$Lambda$655/0x0000000100835040@71dc43e5 (tried for 10 second(s) with 500 milliseconds interval)
Build info: version: '3.141.59', revision: 'e82be7d358', time: '2018-11-14T08:17:03'
System info: host: 'a-3r8gwg1klqwgb', ip: '10.10.111.189', os.name: 'Linux', os.arch: 'amd64', os.version: '4.14.231-173.360.amzn2.x86_64', java.version: '11.0.11'
Driver info: org.openqa.selenium.chrome.ChromeDriver
Capabilities {acceptInsecureCerts: false, browserName: chrome, browserVersion: 90.0.4430.93, chrome: {chromedriverVersion: 89.0.4389.23 (61b08ee2c5002..., userDataDir: /tmp/.com.google.Chrome.1Grmuh}, goog:chromeOptions: {debuggerAddress: localhost:40011}, javascriptEnabled: true, networkConnectionEnabled: false, pageLoadStrategy: normal, platform: LINUX, platformName: LINUX, proxy: Proxy(), setWindowRect: true, strictFileInteractability: false, timeouts: {implicit: 0, pageLoad: 300000, script: 30000}, unhandledPromptBehavior: dismiss and notify, webauthn:extension:largeBlob: true, webauthn:virtualAuthenticators: true}
Session ID: 51965b920223aeacf1e27ee2c78efe50
	at org.openqa.selenium.support.ui.WebDriverWait.timeoutException(WebDriverWait.java:95)
	at org.openqa.selenium.support.ui.FluentWait.until(FluentWait.java:272)
	at com.cognizant.cognizantits.engine.drivers.AutomationObject.getElements(AutomationObject.java:303)
	at com.cognizant.cognizantits.engine.drivers.AutomationObject.getWElements(AutomationObject.java:255)
	at com.cognizant.cognizantits.engine.drivers.AutomationObject.findElements(AutomationObject.java:242)
	at com.cognizant.cognizantits.engine.drivers.AutomationObject.findElement(AutomationObject.java:118)
	at com.cognizant.cognizantits.engine.drivers.AutomationObject.findElement(AutomationObject.java:111)
	at com.cognizant.cognizantits.engine.core.CommandControl.sync(CommandControl.java:94)
	at com.cognizant.cognizantits.engine.core.CommandControl.sync(CommandControl.java:173)
	at com.cognizant.cognizantits.engine.execution.run.TestStepRunner.executeStep(TestStepRunner.java:160)
	at com.cognizant.cognizantits.engine.execution.run.TestStepRunner.executeStep(TestStepRunner.java:147)
	at com.cognizant.cognizantits.engine.execution.run.TestStepRunner.run(TestStepRunner.java:66)
	at com.cognizant.cognizantits.engine.execution.run.TestCaseRunner.runStep(TestCaseRunner.java:395)
	at com.cognizant.cognizantits.engine.execution.run.TestCaseRunner.run(TestCaseRunner.java:346)
	at com.cognizant.cognizantits.engine.execution.run.TestCaseRunner.run(TestCaseRunner.java:387)
	at com.cognizant.cognizantits.engine.execution.run.TestStepRunner.executeTestCase(TestStepRunner.java:137)
	at com.cognizant.cognizantits.engine.execution.run.TestStepRunner.execute(TestStepRunner.java:118)
	at com.cognizant.cognizantits.engine.execution.run.TestStepRunner.run(TestStepRunner.java:63)
	at com.cognizant.cognizantits.engine.execution.run.TestCaseRunner.runStep(TestCaseRunner.java:395)
	at com.cognizant.cognizantits.engine.execution.run.TestCaseRunner.run(TestCaseRunner.java:346)
	at com.cognizant.cognizantits.engine.core.Task.runIteration(Task.java:130)
	at com.cognizant.cognizantits.engine.core.Task.run(Task.java:85)
	at java.base/java.util.concurrent.ThreadPoolExecutor.runWorker(ThreadPoolExecutor.java:1128)
	at java.base/java.util.concurrent.ThreadPoolExecutor$Worker.run(ThreadPoolExecutor.java:628)
	at java.base/java.lang.Thread.run(Thread.java:829)

Couldn't find Object 'PhoneCell_Error' in stipulated Time '10' Seconds
[FAIL]   | Seems Like the Element [PhoneCell_Error] is Not Present/Found in the page Try Adding wait or heal it

===================================================================================================

2021-05-07 08:06:25:05S -0700 [SEVERE] com.cognizant.cognizantits.engine.execution.run.TestCaseRunner onRuntimeException:Seems Like the Element [PhoneCell_Error] is Not Present/Found in the page Try Adding wait or heal it
com.cognizant.cognizantits.engine.execution.exception.element.ElementException: Seems Like the Element [PhoneCell_Error] is Not Present/Found in the page Try Adding wait or heal it
	at com.cognizant.cognizantits.engine.commands.General.elementDisplayed(General.java:57)
	at com.cognizant.cognizantits.engine.commands.AssertElement.assertElementDisplayed(AssertElement.java:67)
	at com.cognizant.cognizantits.engine.support.reflect.MethodExecutor.executeMethod(MethodExecutor.java:39)
	at com.cognizant.cognizantits.engine.execution.run.TestStepRunner.executeAction(TestStepRunner.java:165)
	at com.cognizant.cognizantits.engine.execution.run.TestStepRunner.executeStep(TestStepRunner.java:161)
	at com.cognizant.cognizantits.engine.execution.run.TestStepRunner.executeStep(TestStepRunner.java:147)
	at com.cognizant.cognizantits.engine.execution.run.TestStepRunner.run(TestStepRunner.java:66)
	at com.cognizant.cognizantits.engine.execution.run.TestCaseRunner.runStep(TestCaseRunner.java:395)
	at com.cognizant.cognizantits.engine.execution.run.TestCaseRunner.run(TestCaseRunner.java:346)
	at com.cognizant.cognizantits.engine.execution.run.TestCaseRunner.run(TestCaseRunner.java:387)
	at com.cognizant.cognizantits.engine.execution.run.TestStepRunner.executeTestCase(TestStepRunner.java:137)
	at com.cognizant.cognizantits.engine.execution.run.TestStepRunner.execute(TestStepRunner.java:118)
	at com.cognizant.cognizantits.engine.execution.run.TestStepRunner.run(TestStepRunner.java:63)
	at com.cognizant.cognizantits.engine.execution.run.TestCaseRunner.runStep(TestCaseRunner.java:395)
	at com.cognizant.cognizantits.engine.execution.run.TestCaseRunner.run(TestCaseRunner.java:346)
	at com.cognizant.cognizantits.engine.core.Task.runIteration(Task.java:130)
	at com.cognizant.cognizantits.engine.core.Task.run(Task.java:85)
	at java.base/java.util.concurrent.ThreadPoolExecutor.runWorker(ThreadPoolExecutor.java:1128)
	at java.base/java.util.concurrent.ThreadPoolExecutor$Worker.run(ThreadPoolExecutor.java:628)
	at java.base/java.lang.Thread.run(Thread.java:829)

Step:19  | Object: Browser | Action: scrollToBottom | Input:  | Conditon:  | @07-May-2021 08:06:25.025
[DONE]   | Browser Scrolled to []

===================================================================================================

Step:20  | Object: Update_PhoneNumber | Action: PSIC_Set | Input: @95667 | Conditon:  | @07-May-2021 08:06:25.025
2021-05-07 08:06:35:05S -0700 [OFF ] com.cognizant.cognizantits.engine.drivers.AutomationObject getElements:null
org.openqa.selenium.TimeoutException: Expected condition failed: waiting for com.cognizant.cognizantits.engine.drivers.AutomationObject$$Lambda$655/0x0000000100835040@611c3a06 (tried for 10 second(s) with 500 milliseconds interval)
Build info: version: '3.141.59', revision: 'e82be7d358', time: '2018-11-14T08:17:03'
System info: host: 'a-3r8gwg1klqwgb', ip: '10.10.111.189', os.name: 'Linux', os.arch: 'amd64', os.version: '4.14.231-173.360.amzn2.x86_64', java.version: '11.0.11'
Driver info: org.openqa.selenium.chrome.ChromeDriver
Capabilities {acceptInsecureCerts: false, browserName: chrome, browserVersion: 90.0.4430.93, chrome: {chromedriverVersion: 89.0.4389.23 (61b08ee2c5002..., userDataDir: /tmp/.com.google.Chrome.1Grmuh}, goog:chromeOptions: {debuggerAddress: localhost:40011}, javascriptEnabled: true, networkConnectionEnabled: false, pageLoadStrategy: normal, platform: LINUX, platformName: LINUX, proxy: Proxy(), setWindowRect: true, strictFileInteractability: false, timeouts: {implicit: 0, pageLoad: 300000, script: 30000}, unhandledPromptBehavior: dismiss and notify, webauthn:extension:largeBlob: true, webauthn:virtualAuthenticators: true}
Session ID: 51965b920223aeacf1e27ee2c78efe50
	at org.openqa.selenium.support.ui.WebDriverWait.timeoutException(WebDriverWait.java:95)
	at org.openqa.selenium.support.ui.FluentWait.until(FluentWait.java:272)
	at com.cognizant.cognizantits.engine.drivers.AutomationObject.getElements(AutomationObject.java:303)
	at com.cognizant.cognizantits.engine.drivers.AutomationObject.getWElements(AutomationObject.java:255)
	at com.cognizant.cognizantits.engine.drivers.AutomationObject.findElements(AutomationObject.java:242)
	at com.cognizant.cognizantits.engine.drivers.AutomationObject.findElement(AutomationObject.java:118)
	at com.cognizant.cognizantits.engine.drivers.AutomationObject.findElement(AutomationObject.java:111)
	at com.cognizant.cognizantits.engine.core.CommandControl.sync(CommandControl.java:94)
	at com.cognizant.cognizantits.engine.core.CommandControl.sync(CommandControl.java:173)
	at com.cognizant.cognizantits.engine.execution.run.TestStepRunner.executeStep(TestStepRunner.java:160)
	at com.cognizant.cognizantits.engine.execution.run.TestStepRunner.executeStep(TestStepRunner.java:147)
	at com.cognizant.cognizantits.engine.execution.run.TestStepRunner.run(TestStepRunner.java:66)
	at com.cognizant.cognizantits.engine.execution.run.TestCaseRunner.runStep(TestCaseRunner.java:395)
	at com.cognizant.cognizantits.engine.execution.run.TestCaseRunner.run(TestCaseRunner.java:346)
	at com.cognizant.cognizantits.engine.execution.run.TestCaseRunner.run(TestCaseRunner.java:387)
	at com.cognizant.cognizantits.engine.execution.run.TestStepRunner.executeTestCase(TestStepRunner.java:137)
	at com.cognizant.cognizantits.engine.execution.run.TestStepRunner.execute(TestStepRunner.java:118)
	at com.cognizant.cognizantits.engine.execution.run.TestStepRunner.run(TestStepRunner.java:63)
	at com.cognizant.cognizantits.engine.execution.run.TestCaseRunner.runStep(TestCaseRunner.java:395)
	at com.cognizant.cognizantits.engine.execution.run.TestCaseRunner.run(TestCaseRunner.java:346)
	at com.cognizant.cognizantits.engine.core.Task.runIteration(Task.java:130)
	at com.cognizant.cognizantits.engine.core.Task.run(Task.java:85)
	at java.base/java.util.concurrent.ThreadPoolExecutor.runWorker(ThreadPoolExecutor.java:1128)
	at java.base/java.util.concurrent.ThreadPoolExecutor$Worker.run(ThreadPoolExecutor.java:628)
	at java.base/java.lang.Thread.run(Thread.java:829)

Couldn't find Object 'Update_PhoneNumber' in stipulated Time '10' Seconds
[FAIL]   | Seems Like the Element [Update_PhoneNumber] is Not Present/Found in the page Try Adding wait or heal it

===================================================================================================

2021-05-07 08:06:36:05S -0700 [SEVERE] com.cognizant.cognizantits.engine.execution.run.TestCaseRunner onRuntimeException:Seems Like the Element [Update_PhoneNumber] is Not Present/Found in the page Try Adding wait or heal it
com.cognizant.cognizantits.engine.execution.exception.element.ElementException: Seems Like the Element [Update_PhoneNumber] is Not Present/Found in the page Try Adding wait or heal it
	at com.cognizant.cognizantits.engine.commands.General.elementDisplayed(General.java:57)
	at com.cognizant.cognizantits.engine.commands.General.elementEnabled(General.java:63)
	at PSICMethods.basic_PSIC.PSIC_Set(basic_PSIC.java:221)
	at com.cognizant.cognizantits.engine.support.reflect.MethodExecutor.executeMethod(MethodExecutor.java:39)
	at com.cognizant.cognizantits.engine.execution.run.TestStepRunner.executeAction(TestStepRunner.java:165)
	at com.cognizant.cognizantits.engine.execution.run.TestStepRunner.executeStep(TestStepRunner.java:161)
	at com.cognizant.cognizantits.engine.execution.run.TestStepRunner.executeStep(TestStepRunner.java:147)
	at com.cognizant.cognizantits.engine.execution.run.TestStepRunner.run(TestStepRunner.java:66)
	at com.cognizant.cognizantits.engine.execution.run.TestCaseRunner.runStep(TestCaseRunner.java:395)
	at com.cognizant.cognizantits.engine.execution.run.TestCaseRunner.run(TestCaseRunner.java:346)
	at com.cognizant.cognizantits.engine.execution.run.TestCaseRunner.run(TestCaseRunner.java:387)
	at com.cognizant.cognizantits.engine.execution.run.TestStepRunner.executeTestCase(TestStepRunner.java:137)
	at com.cognizant.cognizantits.engine.execution.run.TestStepRunner.execute(TestStepRunner.java:118)
	at com.cognizant.cognizantits.engine.execution.run.TestStepRunner.run(TestStepRunner.java:63)
	at com.cognizant.cognizantits.engine.execution.run.TestCaseRunner.runStep(TestCaseRunner.java:395)
	at com.cognizant.cognizantits.engine.execution.run.TestCaseRunner.run(TestCaseRunner.java:346)
	at com.cognizant.cognizantits.engine.core.Task.runIteration(Task.java:130)
	at com.cognizant.cognizantits.engine.core.Task.run(Task.java:85)
	at java.base/java.util.concurrent.ThreadPoolExecutor.runWorker(ThreadPoolExecutor.java:1128)
	at java.base/java.util.concurrent.ThreadPoolExecutor$Worker.run(ThreadPoolExecutor.java:628)
	at java.base/java.lang.Thread.run(Thread.java:829)

Step:21  | Object: Browser | Action: sendKeysToWindow | Input: @TAB | Conditon:  | @07-May-2021 08:06:36.036
[DONE]   | Keys Submitted

===================================================================================================

Step:22  | Object: PhoneOffice1_Error | Action: assertElementDisplayed | Input:  | Conditon:  | @07-May-2021 08:06:37.037
2021-05-07 08:06:47:05S -0700 [OFF ] com.cognizant.cognizantits.engine.drivers.AutomationObject getElements:null
org.openqa.selenium.TimeoutException: Expected condition failed: waiting for com.cognizant.cognizantits.engine.drivers.AutomationObject$$Lambda$655/0x0000000100835040@60b648ef (tried for 10 second(s) with 500 milliseconds interval)
Build info: version: '3.141.59', revision: 'e82be7d358', time: '2018-11-14T08:17:03'
System info: host: 'a-3r8gwg1klqwgb', ip: '10.10.111.189', os.name: 'Linux', os.arch: 'amd64', os.version: '4.14.231-173.360.amzn2.x86_64', java.version: '11.0.11'
Driver info: org.openqa.selenium.chrome.ChromeDriver
Capabilities {acceptInsecureCerts: false, browserName: chrome, browserVersion: 90.0.4430.93, chrome: {chromedriverVersion: 89.0.4389.23 (61b08ee2c5002..., userDataDir: /tmp/.com.google.Chrome.1Grmuh}, goog:chromeOptions: {debuggerAddress: localhost:40011}, javascriptEnabled: true, networkConnectionEnabled: false, pageLoadStrategy: normal, platform: LINUX, platformName: LINUX, proxy: Proxy(), setWindowRect: true, strictFileInteractability: false, timeouts: {implicit: 0, pageLoad: 300000, script: 30000}, unhandledPromptBehavior: dismiss and notify, webauthn:extension:largeBlob: true, webauthn:virtualAuthenticators: true}
Session ID: 51965b920223aeacf1e27ee2c78efe50
	at org.openqa.selenium.support.ui.WebDriverWait.timeoutException(WebDriverWait.java:95)
	at org.openqa.selenium.support.ui.FluentWait.until(FluentWait.java:272)
	at com.cognizant.cognizantits.engine.drivers.AutomationObject.getElements(AutomationObject.java:303)
	at com.cognizant.cognizantits.engine.drivers.AutomationObject.getWElements(AutomationObject.java:255)
	at com.cognizant.cognizantits.engine.drivers.AutomationObject.findElements(AutomationObject.java:242)
	at com.cognizant.cognizantits.engine.drivers.AutomationObject.findElement(AutomationObject.java:118)
	at com.cognizant.cognizantits.engine.drivers.AutomationObject.findElement(AutomationObject.java:111)
	at com.cognizant.cognizantits.engine.core.CommandControl.sync(CommandControl.java:94)
	at com.cognizant.cognizantits.engine.core.CommandControl.sync(CommandControl.java:173)
	at com.cognizant.cognizantits.engine.execution.run.TestStepRunner.executeStep(TestStepRunner.java:160)
	at com.cognizant.cognizantits.engine.execution.run.TestStepRunner.executeStep(TestStepRunner.java:147)
	at com.cognizant.cognizantits.engine.execution.run.TestStepRunner.run(TestStepRunner.java:66)
	at com.cognizant.cognizantits.engine.execution.run.TestCaseRunner.runStep(TestCaseRunner.java:395)
	at com.cognizant.cognizantits.engine.execution.run.TestCaseRunner.run(TestCaseRunner.java:346)
	at com.cognizant.cognizantits.engine.execution.run.TestCaseRunner.run(TestCaseRunner.java:387)
	at com.cognizant.cognizantits.engine.execution.run.TestStepRunner.executeTestCase(TestStepRunner.java:137)
	at com.cognizant.cognizantits.engine.execution.run.TestStepRunner.execute(TestStepRunner.java:118)
	at com.cognizant.cognizantits.engine.execution.run.TestStepRunner.run(TestStepRunner.java:63)
	at com.cognizant.cognizantits.engine.execution.run.TestCaseRunner.runStep(TestCaseRunner.java:395)
	at com.cognizant.cognizantits.engine.execution.run.TestCaseRunner.run(TestCaseRunner.java:346)
	at com.cognizant.cognizantits.engine.core.Task.runIteration(Task.java:130)
	at com.cognizant.cognizantits.engine.core.Task.run(Task.java:85)
	at java.base/java.util.concurrent.ThreadPoolExecutor.runWorker(ThreadPoolExecutor.java:1128)
	at java.base/java.util.concurrent.ThreadPoolExecutor$Worker.run(ThreadPoolExecutor.java:628)
	at java.base/java.lang.Thread.run(Thread.java:829)

Couldn't find Object 'PhoneOffice1_Error' in stipulated Time '10' Seconds
[FAIL]   | Seems Like the Element [PhoneOffice1_Error] is Not Present/Found in the page Try Adding wait or heal it

===================================================================================================

2021-05-07 08:06:48:05S -0700 [SEVERE] com.cognizant.cognizantits.engine.execution.run.TestCaseRunner onRuntimeException:Seems Like the Element [PhoneOffice1_Error] is Not Present/Found in the page Try Adding wait or heal it
com.cognizant.cognizantits.engine.execution.exception.element.ElementException: Seems Like the Element [PhoneOffice1_Error] is Not Present/Found in the page Try Adding wait or heal it
	at com.cognizant.cognizantits.engine.commands.General.elementDisplayed(General.java:57)
	at com.cognizant.cognizantits.engine.commands.AssertElement.assertElementDisplayed(AssertElement.java:67)
	at com.cognizant.cognizantits.engine.support.reflect.MethodExecutor.executeMethod(MethodExecutor.java:39)
	at com.cognizant.cognizantits.engine.execution.run.TestStepRunner.executeAction(TestStepRunner.java:165)
	at com.cognizant.cognizantits.engine.execution.run.TestStepRunner.executeStep(TestStepRunner.java:161)
	at com.cognizant.cognizantits.engine.execution.run.TestStepRunner.executeStep(TestStepRunner.java:147)
	at com.cognizant.cognizantits.engine.execution.run.TestStepRunner.run(TestStepRunner.java:66)
	at com.cognizant.cognizantits.engine.execution.run.TestCaseRunner.runStep(TestCaseRunner.java:395)
	at com.cognizant.cognizantits.engine.execution.run.TestCaseRunner.run(TestCaseRunner.java:346)
	at com.cognizant.cognizantits.engine.execution.run.TestCaseRunner.run(TestCaseRunner.java:387)
	at com.cognizant.cognizantits.engine.execution.run.TestStepRunner.executeTestCase(TestStepRunner.java:137)
	at com.cognizant.cognizantits.engine.execution.run.TestStepRunner.execute(TestStepRunner.java:118)
	at com.cognizant.cognizantits.engine.execution.run.TestStepRunner.run(TestStepRunner.java:63)
	at com.cognizant.cognizantits.engine.execution.run.TestCaseRunner.runStep(TestCaseRunner.java:395)
	at com.cognizant.cognizantits.engine.execution.run.TestCaseRunner.run(TestCaseRunner.java:346)
	at com.cognizant.cognizantits.engine.core.Task.runIteration(Task.java:130)
	at com.cognizant.cognizantits.engine.core.Task.run(Task.java:85)
	at java.base/java.util.concurrent.ThreadPoolExecutor.runWorker(ThreadPoolExecutor.java:1128)
	at java.base/java.util.concurrent.ThreadPoolExecutor$Worker.run(ThreadPoolExecutor.java:628)
	at java.base/java.lang.Thread.run(Thread.java:829)

Step:23  | Object: Browser | Action: scrollToBottom | Input:  | Conditon:  | @07-May-2021 08:06:48.048
[DONE]   | Browser Scrolled to []

===================================================================================================

Step:24  | Object: Browser | Action: scrollVerticallyTo | Input: User_Management:Phone_Office | Conditon:  | @07-May-2021 08:06:48.048
2021-05-07 08:06:48:05S -0700 [OFF ] com.cognizant.cognizantits.engine.commands.Scroll getScrollData:null
java.lang.NumberFormatException: For input string: ""
	at java.base/java.lang.NumberFormatException.forInputString(NumberFormatException.java:65)
	at java.base/java.lang.Integer.parseInt(Integer.java:662)
	at java.base/java.lang.Integer.valueOf(Integer.java:983)
	at com.cognizant.cognizantits.engine.commands.Scroll.getScrollData(Scroll.java:113)
	at com.cognizant.cognizantits.engine.commands.Scroll.scrollVerticallyTo(Scroll.java:66)
	at com.cognizant.cognizantits.engine.support.reflect.MethodExecutor.executeMethod(MethodExecutor.java:39)
	at com.cognizant.cognizantits.engine.execution.run.TestStepRunner.executeAction(TestStepRunner.java:165)
	at com.cognizant.cognizantits.engine.execution.run.TestStepRunner.executeStep(TestStepRunner.java:161)
	at com.cognizant.cognizantits.engine.execution.run.TestStepRunner.executeStep(TestStepRunner.java:147)
	at com.cognizant.cognizantits.engine.execution.run.TestStepRunner.run(TestStepRunner.java:66)
	at com.cognizant.cognizantits.engine.execution.run.TestCaseRunner.runStep(TestCaseRunner.java:395)
	at com.cognizant.cognizantits.engine.execution.run.TestCaseRunner.run(TestCaseRunner.java:346)
	at com.cognizant.cognizantits.engine.execution.run.TestCaseRunner.run(TestCaseRunner.java:387)
	at com.cognizant.cognizantits.engine.execution.run.TestStepRunner.executeTestCase(TestStepRunner.java:137)
	at com.cognizant.cognizantits.engine.execution.run.TestStepRunner.execute(TestStepRunner.java:118)
	at com.cognizant.cognizantits.engine.execution.run.TestStepRunner.run(TestStepRunner.java:63)
	at com.cognizant.cognizantits.engine.execution.run.TestCaseRunner.runStep(TestCaseRunner.java:395)
	at com.cognizant.cognizantits.engine.execution.run.TestCaseRunner.run(TestCaseRunner.java:346)
	at com.cognizant.cognizantits.engine.core.Task.runIteration(Task.java:130)
	at com.cognizant.cognizantits.engine.core.Task.run(Task.java:85)
	at java.base/java.util.concurrent.ThreadPoolExecutor.runWorker(ThreadPoolExecutor.java:1128)
	at java.base/java.util.concurrent.ThreadPoolExecutor$Worker.run(ThreadPoolExecutor.java:628)
	at java.base/java.lang.Thread.run(Thread.java:829)

Invalid value
[DONE]   | Browser Scrolled to []

===================================================================================================

Step:25  | Object: Browser | Action: takeScreenshot | Input:  | Conditon:  | @07-May-2021 08:06:48.048
[PASS]   | Screenshot is taken

===================================================================================================

Step:1   | Object: Profile_Icon | Action: Click | Input:  | Conditon:  | @07-May-2021 08:06:49.049
Using @xpath [//*[@class="user-icon"]], Object 'Profile_Icon' Found in 12 ms
[DONE]   | Clicking on Profile_Icon

===================================================================================================

Step:2   | Object: User_Signout | Action: waitForElementToBePresent | Input:  | Conditon:  | @07-May-2021 08:06:49.049
2021-05-07 08:06:59:05S -0700 [OFF ] com.cognizant.cognizantits.engine.drivers.AutomationObject getElements:null
org.openqa.selenium.TimeoutException: Expected condition failed: waiting for com.cognizant.cognizantits.engine.drivers.AutomationObject$$Lambda$655/0x0000000100835040@7c9a9b32 (tried for 10 second(s) with 500 milliseconds interval)
Build info: version: '3.141.59', revision: 'e82be7d358', time: '2018-11-14T08:17:03'
System info: host: 'a-3r8gwg1klqwgb', ip: '10.10.111.189', os.name: 'Linux', os.arch: 'amd64', os.version: '4.14.231-173.360.amzn2.x86_64', java.version: '11.0.11'
Driver info: org.openqa.selenium.chrome.ChromeDriver
Capabilities {acceptInsecureCerts: false, browserName: chrome, browserVersion: 90.0.4430.93, chrome: {chromedriverVersion: 89.0.4389.23 (61b08ee2c5002..., userDataDir: /tmp/.com.google.Chrome.1Grmuh}, goog:chromeOptions: {debuggerAddress: localhost:40011}, javascriptEnabled: true, networkConnectionEnabled: false, pageLoadStrategy: normal, platform: LINUX, platformName: LINUX, proxy: Proxy(), setWindowRect: true, strictFileInteractability: false, timeouts: {implicit: 0, pageLoad: 300000, script: 30000}, unhandledPromptBehavior: dismiss and notify, webauthn:extension:largeBlob: true, webauthn:virtualAuthenticators: true}
Session ID: 51965b920223aeacf1e27ee2c78efe50
	at org.openqa.selenium.support.ui.WebDriverWait.timeoutException(WebDriverWait.java:95)
	at org.openqa.selenium.support.ui.FluentWait.until(FluentWait.java:272)
	at com.cognizant.cognizantits.engine.drivers.AutomationObject.getElements(AutomationObject.java:303)
	at com.cognizant.cognizantits.engine.drivers.AutomationObject.getWElements(AutomationObject.java:255)
	at com.cognizant.cognizantits.engine.drivers.AutomationObject.findElements(AutomationObject.java:242)
	at com.cognizant.cognizantits.engine.drivers.AutomationObject.findElement(AutomationObject.java:118)
	at com.cognizant.cognizantits.engine.drivers.AutomationObject.findElement(AutomationObject.java:111)
	at com.cognizant.cognizantits.engine.drivers.AutomationObject.findElement(AutomationObject.java:87)
	at com.cognizant.cognizantits.engine.commands.WaitFor.waitForElementToBePresent(WaitFor.java:174)
	at com.cognizant.cognizantits.engine.support.reflect.MethodExecutor.executeMethod(MethodExecutor.java:39)
	at com.cognizant.cognizantits.engine.execution.run.TestStepRunner.executeAction(TestStepRunner.java:165)
	at com.cognizant.cognizantits.engine.execution.run.TestStepRunner.executeStep(TestStepRunner.java:161)
	at com.cognizant.cognizantits.engine.execution.run.TestStepRunner.executeStep(TestStepRunner.java:147)
	at com.cognizant.cognizantits.engine.execution.run.TestStepRunner.run(TestStepRunner.java:66)
	at com.cognizant.cognizantits.engine.execution.run.TestCaseRunner.runStep(TestCaseRunner.java:395)
	at com.cognizant.cognizantits.engine.execution.run.TestCaseRunner.run(TestCaseRunner.java:346)
	at com.cognizant.cognizantits.engine.execution.run.TestCaseRunner.run(TestCaseRunner.java:387)
	at com.cognizant.cognizantits.engine.execution.run.TestStepRunner.executeTestCase(TestStepRunner.java:137)
	at com.cognizant.cognizantits.engine.execution.run.TestStepRunner.execute(TestStepRunner.java:118)
	at com.cognizant.cognizantits.engine.execution.run.TestStepRunner.run(TestStepRunner.java:63)
	at com.cognizant.cognizantits.engine.execution.run.TestCaseRunner.runStep(TestCaseRunner.java:395)
	at com.cognizant.cognizantits.engine.execution.run.TestCaseRunner.run(TestCaseRunner.java:346)
	at com.cognizant.cognizantits.engine.core.Task.runIteration(Task.java:130)
	at com.cognizant.cognizantits.engine.core.Task.run(Task.java:85)
	at java.base/java.util.concurrent.ThreadPoolExecutor.runWorker(ThreadPoolExecutor.java:1128)
	at java.base/java.util.concurrent.ThreadPoolExecutor$Worker.run(ThreadPoolExecutor.java:628)
	at java.base/java.lang.Thread.run(Thread.java:829)

Couldn't find Object 'User_Signout' in stipulated Time '10' Seconds
2021-05-07 08:06:59:05S -0700 [OFF ] com.cognizant.cognizantits.engine.commands.WaitFor waitForElementToBePresent:null
com.cognizant.cognizantits.engine.execution.exception.element.ElementException: Seems Like the Element [] is Not Present/Found in the page Try Adding wait or heal it
	at com.cognizant.cognizantits.engine.commands.WaitFor.waitForElementToBePresent(WaitFor.java:180)
	at com.cognizant.cognizantits.engine.support.reflect.MethodExecutor.executeMethod(MethodExecutor.java:39)
	at com.cognizant.cognizantits.engine.execution.run.TestStepRunner.executeAction(TestStepRunner.java:165)
	at com.cognizant.cognizantits.engine.execution.run.TestStepRunner.executeStep(TestStepRunner.java:161)
	at com.cognizant.cognizantits.engine.execution.run.TestStepRunner.executeStep(TestStepRunner.java:147)
	at com.cognizant.cognizantits.engine.execution.run.TestStepRunner.run(TestStepRunner.java:66)
	at com.cognizant.cognizantits.engine.execution.run.TestCaseRunner.runStep(TestCaseRunner.java:395)
	at com.cognizant.cognizantits.engine.execution.run.TestCaseRunner.run(TestCaseRunner.java:346)
	at com.cognizant.cognizantits.engine.execution.run.TestCaseRunner.run(TestCaseRunner.java:387)
	at com.cognizant.cognizantits.engine.execution.run.TestStepRunner.executeTestCase(TestStepRunner.java:137)
	at com.cognizant.cognizantits.engine.execution.run.TestStepRunner.execute(TestStepRunner.java:118)
	at com.cognizant.cognizantits.engine.execution.run.TestStepRunner.run(TestStepRunner.java:63)
	at com.cognizant.cognizantits.engine.execution.run.TestCaseRunner.runStep(TestCaseRunner.java:395)
	at com.cognizant.cognizantits.engine.execution.run.TestCaseRunner.run(TestCaseRunner.java:346)
	at com.cognizant.cognizantits.engine.core.Task.runIteration(Task.java:130)
	at com.cognizant.cognizantits.engine.core.Task.run(Task.java:85)
	at java.base/java.util.concurrent.ThreadPoolExecutor.runWorker(ThreadPoolExecutor.java:1128)
	at java.base/java.util.concurrent.ThreadPoolExecutor$Worker.run(ThreadPoolExecutor.java:628)
	at java.base/java.lang.Thread.run(Thread.java:829)

[FAIL]   | Seems Like the Element [] is Not Present/Found in the page Try Adding wait or heal it

===================================================================================================

2021-05-07 08:07:01:05S -0700 [SEVERE] com.cognizant.cognizantits.engine.execution.run.TestCaseRunner onRuntimeException:Seems Like the Element [] is Not Present/Found in the page Try Adding wait or heal it
com.cognizant.cognizantits.engine.execution.exception.ForcedException: Seems Like the Element [] is Not Present/Found in the page Try Adding wait or heal it
	at com.cognizant.cognizantits.engine.commands.WaitFor.waitForElementToBePresent(WaitFor.java:185)
	at com.cognizant.cognizantits.engine.support.reflect.MethodExecutor.executeMethod(MethodExecutor.java:39)
	at com.cognizant.cognizantits.engine.execution.run.TestStepRunner.executeAction(TestStepRunner.java:165)
	at com.cognizant.cognizantits.engine.execution.run.TestStepRunner.executeStep(TestStepRunner.java:161)
	at com.cognizant.cognizantits.engine.execution.run.TestStepRunner.executeStep(TestStepRunner.java:147)
	at com.cognizant.cognizantits.engine.execution.run.TestStepRunner.run(TestStepRunner.java:66)
	at com.cognizant.cognizantits.engine.execution.run.TestCaseRunner.runStep(TestCaseRunner.java:395)
	at com.cognizant.cognizantits.engine.execution.run.TestCaseRunner.run(TestCaseRunner.java:346)
	at com.cognizant.cognizantits.engine.execution.run.TestCaseRunner.run(TestCaseRunner.java:387)
	at com.cognizant.cognizantits.engine.execution.run.TestStepRunner.executeTestCase(TestStepRunner.java:137)
	at com.cognizant.cognizantits.engine.execution.run.TestStepRunner.execute(TestStepRunner.java:118)
	at com.cognizant.cognizantits.engine.execution.run.TestStepRunner.run(TestStepRunner.java:63)
	at com.cognizant.cognizantits.engine.execution.run.TestCaseRunner.runStep(TestCaseRunner.java:395)
	at com.cognizant.cognizantits.engine.execution.run.TestCaseRunner.run(TestCaseRunner.java:346)
	at com.cognizant.cognizantits.engine.core.Task.runIteration(Task.java:130)
	at com.cognizant.cognizantits.engine.core.Task.run(Task.java:85)
	at java.base/java.util.concurrent.ThreadPoolExecutor.runWorker(ThreadPoolExecutor.java:1128)
	at java.base/java.util.concurrent.ThreadPoolExecutor$Worker.run(ThreadPoolExecutor.java:628)
	at java.base/java.lang.Thread.run(Thread.java:829)

Step:3   | Object: User_Signout | Action: Click | Input:  | Conditon:  | @07-May-2021 08:07:01.001
2021-05-07 08:07:11:05S -0700 [OFF ] com.cognizant.cognizantits.engine.drivers.AutomationObject getElements:null
org.openqa.selenium.TimeoutException: Expected condition failed: waiting for com.cognizant.cognizantits.engine.drivers.AutomationObject$$Lambda$655/0x0000000100835040@25f779cf (tried for 10 second(s) with 500 milliseconds interval)
Build info: version: '3.141.59', revision: 'e82be7d358', time: '2018-11-14T08:17:03'
System info: host: 'a-3r8gwg1klqwgb', ip: '10.10.111.189', os.name: 'Linux', os.arch: 'amd64', os.version: '4.14.231-173.360.amzn2.x86_64', java.version: '11.0.11'
Driver info: org.openqa.selenium.chrome.ChromeDriver
Capabilities {acceptInsecureCerts: false, browserName: chrome, browserVersion: 90.0.4430.93, chrome: {chromedriverVersion: 89.0.4389.23 (61b08ee2c5002..., userDataDir: /tmp/.com.google.Chrome.1Grmuh}, goog:chromeOptions: {debuggerAddress: localhost:40011}, javascriptEnabled: true, networkConnectionEnabled: false, pageLoadStrategy: normal, platform: LINUX, platformName: LINUX, proxy: Proxy(), setWindowRect: true, strictFileInteractability: false, timeouts: {implicit: 0, pageLoad: 300000, script: 30000}, unhandledPromptBehavior: dismiss and notify, webauthn:extension:largeBlob: true, webauthn:virtualAuthenticators: true}
Session ID: 51965b920223aeacf1e27ee2c78efe50
	at org.openqa.selenium.support.ui.WebDriverWait.timeoutException(WebDriverWait.java:95)
	at org.openqa.selenium.support.ui.FluentWait.until(FluentWait.java:272)
	at com.cognizant.cognizantits.engine.drivers.AutomationObject.getElements(AutomationObject.java:303)
	at com.cognizant.cognizantits.engine.drivers.AutomationObject.getWElements(AutomationObject.java:255)
	at com.cognizant.cognizantits.engine.drivers.AutomationObject.findElements(AutomationObject.java:242)
	at com.cognizant.cognizantits.engine.drivers.AutomationObject.findElement(AutomationObject.java:118)
	at com.cognizant.cognizantits.engine.drivers.AutomationObject.findElement(AutomationObject.java:111)
	at com.cognizant.cognizantits.engine.core.CommandControl.sync(CommandControl.java:94)
	at com.cognizant.cognizantits.engine.core.CommandControl.sync(CommandControl.java:173)
	at com.cognizant.cognizantits.engine.execution.run.TestStepRunner.executeStep(TestStepRunner.java:160)
	at com.cognizant.cognizantits.engine.execution.run.TestStepRunner.executeStep(TestStepRunner.java:147)
	at com.cognizant.cognizantits.engine.execution.run.TestStepRunner.run(TestStepRunner.java:66)
	at com.cognizant.cognizantits.engine.execution.run.TestCaseRunner.runStep(TestCaseRunner.java:395)
	at com.cognizant.cognizantits.engine.execution.run.TestCaseRunner.run(TestCaseRunner.java:346)
	at com.cognizant.cognizantits.engine.execution.run.TestCaseRunner.run(TestCaseRunner.java:387)
	at com.cognizant.cognizantits.engine.execution.run.TestStepRunner.executeTestCase(TestStepRunner.java:137)
	at com.cognizant.cognizantits.engine.execution.run.TestStepRunner.execute(TestStepRunner.java:118)
	at com.cognizant.cognizantits.engine.execution.run.TestStepRunner.run(TestStepRunner.java:63)
	at com.cognizant.cognizantits.engine.execution.run.TestCaseRunner.runStep(TestCaseRunner.java:395)
	at com.cognizant.cognizantits.engine.execution.run.TestCaseRunner.run(TestCaseRunner.java:346)
	at com.cognizant.cognizantits.engine.core.Task.runIteration(Task.java:130)
	at com.cognizant.cognizantits.engine.core.Task.run(Task.java:85)
	at java.base/java.util.concurrent.ThreadPoolExecutor.runWorker(ThreadPoolExecutor.java:1128)
	at java.base/java.util.concurrent.ThreadPoolExecutor$Worker.run(ThreadPoolExecutor.java:628)
	at java.base/java.lang.Thread.run(Thread.java:829)

Couldn't find Object 'User_Signout' in stipulated Time '10' Seconds
[FAIL]   | Seems Like the Element [User_Signout] is Not Present/Found in the page Try Adding wait or heal it

===================================================================================================

2021-05-07 08:07:12:05S -0700 [SEVERE] com.cognizant.cognizantits.engine.execution.run.TestCaseRunner onRuntimeException:Seems Like the Element [User_Signout] is Not Present/Found in the page Try Adding wait or heal it
com.cognizant.cognizantits.engine.execution.exception.element.ElementException: Seems Like the Element [User_Signout] is Not Present/Found in the page Try Adding wait or heal it
	at com.cognizant.cognizantits.engine.commands.General.elementDisplayed(General.java:57)
	at com.cognizant.cognizantits.engine.commands.General.elementEnabled(General.java:63)
	at com.cognizant.cognizantits.engine.commands.Basic.Click(Basic.java:47)
	at com.cognizant.cognizantits.engine.support.reflect.MethodExecutor.executeMethod(MethodExecutor.java:39)
	at com.cognizant.cognizantits.engine.execution.run.TestStepRunner.executeAction(TestStepRunner.java:165)
	at com.cognizant.cognizantits.engine.execution.run.TestStepRunner.executeStep(TestStepRunner.java:161)
	at com.cognizant.cognizantits.engine.execution.run.TestStepRunner.executeStep(TestStepRunner.java:147)
	at com.cognizant.cognizantits.engine.execution.run.TestStepRunner.run(TestStepRunner.java:66)
	at com.cognizant.cognizantits.engine.execution.run.TestCaseRunner.runStep(TestCaseRunner.java:395)
	at com.cognizant.cognizantits.engine.execution.run.TestCaseRunner.run(TestCaseRunner.java:346)
	at com.cognizant.cognizantits.engine.execution.run.TestCaseRunner.run(TestCaseRunner.java:387)
	at com.cognizant.cognizantits.engine.execution.run.TestStepRunner.executeTestCase(TestStepRunner.java:137)
	at com.cognizant.cognizantits.engine.execution.run.TestStepRunner.execute(TestStepRunner.java:118)
	at com.cognizant.cognizantits.engine.execution.run.TestStepRunner.run(TestStepRunner.java:63)
	at com.cognizant.cognizantits.engine.execution.run.TestCaseRunner.runStep(TestCaseRunner.java:395)
	at com.cognizant.cognizantits.engine.execution.run.TestCaseRunner.run(TestCaseRunner.java:346)
	at com.cognizant.cognizantits.engine.core.Task.runIteration(Task.java:130)
	at com.cognizant.cognizantits.engine.core.Task.run(Task.java:85)
	at java.base/java.util.concurrent.ThreadPoolExecutor.runWorker(ThreadPoolExecutor.java:1128)
	at java.base/java.util.concurrent.ThreadPoolExecutor$Worker.run(ThreadPoolExecutor.java:628)
	at java.base/java.lang.Thread.run(Thread.java:829)

Step:4   | Object: Browser | Action: pause | Input: @1000 | Conditon:  | @07-May-2021 08:07:12.012
[DONE]   | Thread sleep for '1000

===================================================================================================

Step:5   | Object: Browser | Action: takeScreenshot | Input:  | Conditon:  | @07-May-2021 08:07:13.013
[PASS]   | Screenshot is taken

===================================================================================================

Step:6   | Object: UserLogin_TXT | Action: verifyElementDisplayed | Input:  | Conditon:  | @07-May-2021 08:07:14.014
2021-05-07 08:07:24:05S -0700 [OFF ] com.cognizant.cognizantits.engine.drivers.AutomationObject getElements:null
org.openqa.selenium.TimeoutException: Expected condition failed: waiting for com.cognizant.cognizantits.engine.drivers.AutomationObject$$Lambda$655/0x0000000100835040@6ceb9fc0 (tried for 10 second(s) with 500 milliseconds interval)
Build info: version: '3.141.59', revision: 'e82be7d358', time: '2018-11-14T08:17:03'
System info: host: 'a-3r8gwg1klqwgb', ip: '10.10.111.189', os.name: 'Linux', os.arch: 'amd64', os.version: '4.14.231-173.360.amzn2.x86_64', java.version: '11.0.11'
Driver info: org.openqa.selenium.chrome.ChromeDriver
Capabilities {acceptInsecureCerts: false, browserName: chrome, browserVersion: 90.0.4430.93, chrome: {chromedriverVersion: 89.0.4389.23 (61b08ee2c5002..., userDataDir: /tmp/.com.google.Chrome.1Grmuh}, goog:chromeOptions: {debuggerAddress: localhost:40011}, javascriptEnabled: true, networkConnectionEnabled: false, pageLoadStrategy: normal, platform: LINUX, platformName: LINUX, proxy: Proxy(), setWindowRect: true, strictFileInteractability: false, timeouts: {implicit: 0, pageLoad: 300000, script: 30000}, unhandledPromptBehavior: dismiss and notify, webauthn:extension:largeBlob: true, webauthn:virtualAuthenticators: true}
Session ID: 51965b920223aeacf1e27ee2c78efe50
	at org.openqa.selenium.support.ui.WebDriverWait.timeoutException(WebDriverWait.java:95)
	at org.openqa.selenium.support.ui.FluentWait.until(FluentWait.java:272)
	at com.cognizant.cognizantits.engine.drivers.AutomationObject.getElements(AutomationObject.java:303)
	at com.cognizant.cognizantits.engine.drivers.AutomationObject.getWElements(AutomationObject.java:255)
	at com.cognizant.cognizantits.engine.drivers.AutomationObject.findElements(AutomationObject.java:242)
	at com.cognizant.cognizantits.engine.drivers.AutomationObject.findElement(AutomationObject.java:118)
	at com.cognizant.cognizantits.engine.drivers.AutomationObject.findElement(AutomationObject.java:111)
	at com.cognizant.cognizantits.engine.core.CommandControl.sync(CommandControl.java:94)
	at com.cognizant.cognizantits.engine.core.CommandControl.sync(CommandControl.java:173)
	at com.cognizant.cognizantits.engine.execution.run.TestStepRunner.executeStep(TestStepRunner.java:160)
	at com.cognizant.cognizantits.engine.execution.run.TestStepRunner.executeStep(TestStepRunner.java:147)
	at com.cognizant.cognizantits.engine.execution.run.TestStepRunner.run(TestStepRunner.java:66)
	at com.cognizant.cognizantits.engine.execution.run.TestCaseRunner.runStep(TestCaseRunner.java:395)
	at com.cognizant.cognizantits.engine.execution.run.TestCaseRunner.run(TestCaseRunner.java:346)
	at com.cognizant.cognizantits.engine.execution.run.TestCaseRunner.run(TestCaseRunner.java:387)
	at com.cognizant.cognizantits.engine.execution.run.TestStepRunner.executeTestCase(TestStepRunner.java:137)
	at com.cognizant.cognizantits.engine.execution.run.TestStepRunner.execute(TestStepRunner.java:118)
	at com.cognizant.cognizantits.engine.execution.run.TestStepRunner.run(TestStepRunner.java:63)
	at com.cognizant.cognizantits.engine.execution.run.TestCaseRunner.runStep(TestCaseRunner.java:395)
	at com.cognizant.cognizantits.engine.execution.run.TestCaseRunner.run(TestCaseRunner.java:346)
	at com.cognizant.cognizantits.engine.core.Task.runIteration(Task.java:130)
	at com.cognizant.cognizantits.engine.core.Task.run(Task.java:85)
	at java.base/java.util.concurrent.ThreadPoolExecutor.runWorker(ThreadPoolExecutor.java:1128)
	at java.base/java.util.concurrent.ThreadPoolExecutor$Worker.run(ThreadPoolExecutor.java:628)
	at java.base/java.lang.Thread.run(Thread.java:829)

Couldn't find Object 'UserLogin_TXT' in stipulated Time '10' Seconds
[FAIL]   | Seems Like the Element [UserLogin_TXT] is Not Present/Found in the page Try Adding wait or heal it

===================================================================================================

2021-05-07 08:07:25:05S -0700 [SEVERE] com.cognizant.cognizantits.engine.execution.run.TestCaseRunner onRuntimeException:Seems Like the Element [UserLogin_TXT] is Not Present/Found in the page Try Adding wait or heal it
com.cognizant.cognizantits.engine.execution.exception.element.ElementException: Seems Like the Element [UserLogin_TXT] is Not Present/Found in the page Try Adding wait or heal it
	at com.cognizant.cognizantits.engine.commands.General.elementDisplayed(General.java:57)
	at com.cognizant.cognizantits.engine.commands.VerifyElement.verifyElementDisplayed(VerifyElement.java:66)
	at com.cognizant.cognizantits.engine.support.reflect.MethodExecutor.executeMethod(MethodExecutor.java:39)
	at com.cognizant.cognizantits.engine.execution.run.TestStepRunner.executeAction(TestStepRunner.java:165)
	at com.cognizant.cognizantits.engine.execution.run.TestStepRunner.executeStep(TestStepRunner.java:161)
	at com.cognizant.cognizantits.engine.execution.run.TestStepRunner.executeStep(TestStepRunner.java:147)
	at com.cognizant.cognizantits.engine.execution.run.TestStepRunner.run(TestStepRunner.java:66)
	at com.cognizant.cognizantits.engine.execution.run.TestCaseRunner.runStep(TestCaseRunner.java:395)
	at com.cognizant.cognizantits.engine.execution.run.TestCaseRunner.run(TestCaseRunner.java:346)
	at com.cognizant.cognizantits.engine.execution.run.TestCaseRunner.run(TestCaseRunner.java:387)
	at com.cognizant.cognizantits.engine.execution.run.TestStepRunner.executeTestCase(TestStepRunner.java:137)
	at com.cognizant.cognizantits.engine.execution.run.TestStepRunner.execute(TestStepRunner.java:118)
	at com.cognizant.cognizantits.engine.execution.run.TestStepRunner.run(TestStepRunner.java:63)
	at com.cognizant.cognizantits.engine.execution.run.TestCaseRunner.runStep(TestCaseRunner.java:395)
	at com.cognizant.cognizantits.engine.execution.run.TestCaseRunner.run(TestCaseRunner.java:346)
	at com.cognizant.cognizantits.engine.core.Task.runIteration(Task.java:130)
	at com.cognizant.cognizantits.engine.core.Task.run(Task.java:85)
	at java.base/java.util.concurrent.ThreadPoolExecutor.runWorker(ThreadPoolExecutor.java:1128)
	at java.base/java.util.concurrent.ThreadPoolExecutor$Worker.run(ThreadPoolExecutor.java:628)
	at java.base/java.lang.Thread.run(Thread.java:829)


---------------------------------------------------
Testcase Name        : PROD_DIM_Scenarios:17.ErrorValidation_UserMgmt
Executed Steps       : 48
Passed Steps         : 33
Failed Steps         : 15
Time Taken           : 00:03:24
-----------------------------------------------------

Inside Task Run
Running Iteration 1
Launching Chrome Headless
Launching Local Driver
Starting ChromeDriver 89.0.4389.23 (61b08ee2c50024bab004e48d2b1b083cdbdac579-refs/branch-heads/4389@{#294}) on port 3962
Only local connections are allowed.
Please see https://chromedriver.chromium.org/security-considerations for suggestions on keeping ChromeDriver safe.
ChromeDriver was started successfully.
[1620400046.192][WARNING]: This version of ChromeDriver has not been tested with Chrome version 90.
2021-05-07 08:07:26:05S -0700 [INFO] org.openqa.selenium.remote.ProtocolHandshake createSession:Detected dialect: W3C
Chrome Headless Launched
Step:1   | Object: Browser | Action: Open | Input: DIM_Login:URL | Conditon:  | @07-May-2021 08:07:26.026
[DONE]   | Opened Url: https://portal.pacificspecialty.com/signin

===================================================================================================

Step:2   | Object: Browser | Action: setElementTimeOut | Input: @200 | Conditon:  | @07-May-2021 08:07:35.035
[DONE]   | Element Wait time changed to 200 second/s

===================================================================================================

Step:3   | Object: UserLogin_TXT | Action: verifyElementDisplayed | Input:  | Conditon:  | @07-May-2021 08:07:35.035
Using @xpath [//*[@class='okta-form-title o-form-head' and text()='USER LOGIN']], Object 'UserLogin_TXT' Found in 11 ms
[PASS]   | Element [UserLogin_TXT] is Displayed

===================================================================================================

Step:4   | Object: UserName_TB | Action: PSIC_Set | Input: DIM_Login:Username | Conditon:  | @07-May-2021 08:07:36.036
Using @xpath [//input[@id="okta-signin-username"]], Object 'UserName_TB' Found in 12 ms
[DONE]   | Entered Text 'Autouser1' on 'UserName_TB'

===================================================================================================

Step:5   | Object: Password_TB | Action: PSIC_SetDecrypt | Input: DIM_Login:Password | Conditon:  | @07-May-2021 08:07:36.036
Using @xpath [//input[@id="okta-signin-password"]], Object 'Password_TB' Found in 10 ms
[DONE]   | Entered Text '********' on 'Password_TB'

===================================================================================================

Step:6   | Object: Login_BTN | Action: Click | Input:  | Conditon:  | @07-May-2021 08:07:36.036
Using @xpath [//input[@id="okta-signin-submit"]], Object 'Login_BTN' Found in 10 ms
[DONE]   | Clicking on Login_BTN

===================================================================================================

Step:7   | Object: Browser | Action: setElementTimeOut | Input: @10 | Conditon:  | @07-May-2021 08:07:37.037
[DONE]   | Element Wait time changed to 10 second/s

===================================================================================================

Step:8   | Object: Browser | Action: pause | Input: @2000 | Conditon:  | @07-May-2021 08:07:37.037
[DONE]   | Thread sleep for '2000

===================================================================================================

Step:9   | Object: Browser | Action: takeScreenshot | Input:  | Conditon:  | @07-May-2021 08:07:39.039
[PASS]   | Screenshot is taken

===================================================================================================

Step:10  | Object: Welcome_TXT | Action: verifyElementDisplayed | Input:  | Conditon:  | @07-May-2021 08:07:39.039
Using @xpath [//*[contains(text(),' Welcome')]], Object 'Welcome_TXT' Found in 34 ms
[PASS]   | Element [Welcome_TXT] is Displayed

===================================================================================================

Step:11  | Object: Browser | Action: takeScreenshot | Input:  | Conditon:  | @07-May-2021 08:07:41.041
[PASS]   | Screenshot is taken

===================================================================================================

Step:12  | Object: Welcome_TXT | Action: verifyElementDisplayed | Input:  | Conditon:  | @07-May-2021 08:07:42.042
Using @xpath [//*[contains(text(),' Welcome')]], Object 'Welcome_TXT' Found in 7 ms
[PASS]   | Element [Welcome_TXT] is Displayed

===================================================================================================

Step:1   | Object: Profile_Icon | Action: Click | Input:  | Conditon:  | @07-May-2021 08:07:43.043
Using @xpath [//*[@class="user-icon"]], Object 'Profile_Icon' Found in 11 ms
[DONE]   | Clicking on Profile_Icon

===================================================================================================

Step:2   | Object: Update_Profile | Action: Click | Input:  | Conditon:  | @07-May-2021 08:07:43.043
Using @xpath [//*[@class="option update-profile"]], Object 'Update_Profile' Found in 14 ms
[DONE]   | Clicking on Update_Profile

===================================================================================================

Step:3   | Object: OK_BTN | Action: Click | Input:  | Conditon:  | @07-May-2021 08:07:43.043
Using @xpath [(//button[text()=' OK '])[2]], Object 'OK_BTN' Found in 10 ms
[DONE]   | Clicking on OK_BTN

===================================================================================================

Step:4   | Object: Browser | Action: pause | Input: @5000 | Conditon:  | @07-May-2021 08:07:43.043
[DONE]   | Thread sleep for '5000

===================================================================================================

Step:5   | Object: Browser | Action: takeScreenshot | Input:  | Conditon:  | @07-May-2021 08:07:48.048
[PASS]   | Screenshot is taken

===================================================================================================

Step:3   | Object: Browser | Action: switchToWindowByTitleContains | Input: @Settings | Conditon:  | @07-May-2021 08:07:49.049
[DONE]   | Webdriver switched to new window by title[Settings]

===================================================================================================

Step:1   | Object: Browser | Action: switchToFrameByIndex | Input: @0 | Conditon:  | @07-May-2021 08:07:49.049
[DONE]   | Webdriver switched to new frame by index[0]

===================================================================================================

Step:2   | Object: Changepwd_BTN | Action: Click | Input:  | Conditon:  | @07-May-2021 08:07:49.049
Using @xpath [//*[@id="change_password.button.submit"]], Object 'Changepwd_BTN' Found in 18 ms
[DONE]   | Clicking on Changepwd_BTN

===================================================================================================

Step:3   | Object: Browser | Action: pause | Input: @1000 | Conditon:  | @07-May-2021 08:07:50.050
[DONE]   | Thread sleep for '1000

===================================================================================================

Step:4   | Object: PleaseReview_Error | Action: assertElementDisplayed | Input:  | Conditon:  | @07-May-2021 08:07:51.051
Using @xpath [(//*[text()='Please review the form to correct the following error(s):'])[2]], Object 'PleaseReview_Error' Found in 11 ms
[PASS]   | Element [PleaseReview_Error] is Displayed

===================================================================================================

Step:5   | Object: Currentpwd_Error | Action: assertElementDisplayed | Input:  | Conditon:  | @07-May-2021 08:07:52.052
Using @xpath [//*[text()='Current password: You have entered an incorrect password.']], Object 'Currentpwd_Error' Found in 10 ms
[PASS]   | Element [Currentpwd_Error] is Displayed

===================================================================================================

Step:6   | Object: Blank_newpwd_Error | Action: assertElementDisplayed | Input:  | Conditon:  | @07-May-2021 08:07:54.054
Using @xpath [//*[@id="change_password.newPassword.error"]], Object 'Blank_newpwd_Error' Found in 15 ms
[PASS]   | Element [Blank_newpwd_Error] is Displayed

===================================================================================================

Step:7   | Object: Currentpwd_TB | Action: PSIC_SetDecrypt | Input: OKTA_INFO:Current_Pwd | Conditon:  | @07-May-2021 08:07:55.055
Using @xpath [//*[@name="oldPassword"]], Object 'Currentpwd_TB' Found in 11 ms
[DONE]   | Entered Text '********' on 'Currentpwd_TB'

===================================================================================================

Step:8   | Object: Changepwd_BTN | Action: Click | Input:  | Conditon:  | @07-May-2021 08:07:55.055
Using @xpath [//*[@id="change_password.button.submit"]], Object 'Changepwd_BTN' Found in 8 ms
[DONE]   | Clicking on Changepwd_BTN

===================================================================================================

Step:9   | Object: Blank_newpwd_Error | Action: assertElementDisplayed | Input:  | Conditon:  | @07-May-2021 08:07:56.056
Using @xpath [//*[@id="change_password.newPassword.error"]], Object 'Blank_newpwd_Error' Found in 7 ms
[PASS]   | Element [Blank_newpwd_Error] is Displayed

===================================================================================================

Step:10  | Object: Newpwd_TB | Action: PSIC_SetDecrypt | Input: OKTA_INFO:New_Password | Conditon:  | @07-May-2021 08:07:57.057
Using @xpath [//input[@id="change_password.newPassword"]], Object 'Newpwd_TB' Found in 11 ms
[DONE]   | Entered Text '********' on 'Newpwd_TB'

===================================================================================================

Step:11  | Object: Changepwd_BTN | Action: Click | Input:  | Conditon:  | @07-May-2021 08:07:57.057
Using @xpath [//*[@id="change_password.button.submit"]], Object 'Changepwd_BTN' Found in 9 ms
[DONE]   | Clicking on Changepwd_BTN

===================================================================================================

Step:12  | Object: ConfirmNewpwd_Error | Action: assertElementDisplayed | Input:  | Conditon:  | @07-May-2021 08:07:57.057
Using @xpath [//*[text()='Confirm new password: Fields do not match']], Object 'ConfirmNewpwd_Error' Found in 518 ms
[PASS]   | Element [ConfirmNewpwd_Error] is Displayed

===================================================================================================

Step:13  | Object: Currentpwd_TB | Action: clearByJS | Input:  | Conditon:  | @07-May-2021 08:07:59.059
Using @xpath [//*[@name="oldPassword"]], Object 'Currentpwd_TB' Found in 7 ms
[DONE]   | Cleared value from 'Currentpwd_TB'

===================================================================================================

Step:14  | Object: Newpwd_TB | Action: clearByJS | Input:  | Conditon:  | @07-May-2021 08:07:59.059
Using @xpath [//input[@id="change_password.newPassword"]], Object 'Newpwd_TB' Found in 7 ms
[DONE]   | Cleared value from 'Newpwd_TB'

===================================================================================================

Step:15  | Object: Browser | Action: takeScreenshot | Input:  | Conditon:  | @07-May-2021 08:07:59.059
[PASS]   | Screenshot is taken

===================================================================================================

Step:1   | Object: Browser | Action: closeAndSwitchToWindow | Input:  | Conditon:  | @07-May-2021 08:08:01.001
[DONE]   | Current Window Closed and Switched to Default window 

===================================================================================================

Step:2   | Object: Browser | Action: pause | Input: @1000 | Conditon:  | @07-May-2021 08:08:01.001
[DONE]   | Thread sleep for '1000

===================================================================================================

Step:3   | Object: Profile_Icon | Action: clickByJS | Input:  | Conditon:  | @07-May-2021 08:08:02.002
Using @xpath [//*[@class="user-icon"]], Object 'Profile_Icon' Found in 7 ms
[DONE]   | Clicked on Profile_Icon

===================================================================================================

Step:4   | Object: User_Signout | Action: Click | Input:  | Conditon:  | @07-May-2021 08:08:02.002
Using @xpath [//span[contains(text(),'Sign Out')]], Object 'User_Signout' Found in 11 ms
[DONE]   | Clicking on User_Signout

===================================================================================================

Step:5   | Object: Browser | Action: pause | Input: @1000 | Conditon:  | @07-May-2021 08:08:02.002
[DONE]   | Thread sleep for '1000

===================================================================================================

Step:6   | Object: Browser | Action: takeScreenshot | Input:  | Conditon:  | @07-May-2021 08:08:03.003
[PASS]   | Screenshot is taken

===================================================================================================

Step:7   | Object: UserLogin_TXT | Action: verifyElementDisplayed | Input:  | Conditon:  | @07-May-2021 08:08:05.005
Using @xpath [//*[@class='okta-form-title o-form-head' and text()='USER LOGIN']], Object 'UserLogin_TXT' Found in 13 ms
[PASS]   | Element [UserLogin_TXT] is Displayed

===================================================================================================


---------------------------------------------------
Testcase Name        : PROD_DIM_Scenarios:18.ErrorValidation_OKTAChangepwd
Executed Steps       : 40
Passed Steps         : 40
Failed Steps         : 0
Time Taken           : 00:00:41
-----------------------------------------------------

Run Finished on Fri May 07 08:08:07 PDT 2021
-----------------------------------------------------
ExecutionDate        : 07-May-2021 07-58-59
Executed TestCases   : 4
Passed TestCases     : 2
Failed TestCases     : 2
Time Taken           : 00:09:07
ReportPath           : file:////home/ab773031t/Documents/cognizant-intelligent-test-scripter-1.4/Projects/PSIC_Digital_DIM/Results/TestExecution/PROD_Regression/DIM_Scenarios/07-May-2021 07-58-59/summary.html
-----------------------------------------------------
